-- Found ament_cmake: 1.3.9 (/opt/ros/humble/share/ament_cmake/cmake)
-- Override CMake install command with custom implementation using symlinks instead of copying resources
-- Found rosidl_default_generators: 1.2.0 (/opt/ros/humble/share/rosidl_default_generators/cmake)
-- Using all available rosidl_typesupport_c: rosidl_typesupport_fastrtps_c;rosidl_typesupport_introspection_c
-- Found rosidl_adapter: 3.1.5 (/opt/ros/humble/share/rosidl_adapter/cmake)
-- Using all available rosidl_typesupport_cpp: rosidl_typesupport_fastrtps_cpp;rosidl_typesupport_introspection_cpp
-- Found ament_cmake_ros: 0.10.0 (/opt/ros/humble/share/ament_cmake_ros/cmake)
-- Using all available rosidl_typesupport_c: rosidl_typesupport_fastrtps_c;rosidl_typesupport_introspection_c
-- Using all available rosidl_typesupport_cpp: rosidl_typesupport_fastrtps_cpp;rosidl_typesupport_introspection_cpp
-- Found python_cmake_module: 0.10.0 (/opt/ros/humble/share/python_cmake_module/cmake)
-- Using PYTHON_EXECUTABLE: /usr/bin/python3
-- Using PYTHON_INCLUDE_DIRS: /usr/include/python3.10
-- Using PYTHON_LIBRARIES: /usr/lib/x86_64-linux-gnu/libpython3.10.so
-- Configuring done
-- Generating done
-- Build files have been written to: /home/praveen/turtlesim_project/build/my_turtle_interface
[  1%] [34m[1mGenerating C code for ROS interfaces[0m
[  3%] [34m[1mGenerating C++ code for ROS interfaces[0m
[  3%] Built target ament_cmake_python_symlink_my_turtle_interface
running egg_info
writing my_turtle_interface.egg-info/PKG-INFO
writing dependency_links to my_turtle_interface.egg-info/dependency_links.txt
writing top-level names to my_turtle_interface.egg-info/top_level.txt
reading manifest file 'my_turtle_interface.egg-info/SOURCES.txt'
writing manifest file 'my_turtle_interface.egg-info/SOURCES.txt'
[  3%] Built target ament_cmake_python_build_my_turtle_interface_egg
[  3%] Built target my_turtle_interface__cpp
[35m[1mConsolidate compiler generated dependencies of target my_turtle_interface__rosidl_generator_c[0m
[  9%] [34m[1mGenerating C++ type support for eProsima Fast-RTPS[0m
[  9%] [34m[1mGenerating C++ introspection for ROS interfaces[0m
[  9%] [34m[1mGenerating C++ type support dispatch for ROS interfaces[0m
[ 10%] [32mBuilding C object CMakeFiles/my_turtle_interface__rosidl_generator_c.dir/rosidl_generator_c/my_turtle_interface/msg/detail/turtle_project__functions.c.o[0m
[ 14%] [32mBuilding C object CMakeFiles/my_turtle_interface__rosidl_generator_c.dir/rosidl_generator_c/my_turtle_interface/msg/detail/turtle_project_array__functions.c.o[0m
[ 14%] [32mBuilding C object CMakeFiles/my_turtle_interface__rosidl_generator_c.dir/rosidl_generator_c/my_turtle_interface/srv/detail/turtle_killer__functions.c.o[0m
[ 16%] [32mBuilding C object CMakeFiles/my_turtle_interface__rosidl_generator_c.dir/rosidl_generator_c/my_turtle_interface/srv/detail/catch_turtle__functions.c.o[0m
[ 18%] [32m[1mLinking C shared library libmy_turtle_interface__rosidl_generator_c.so[0m
[ 18%] Built target my_turtle_interface__rosidl_generator_c
[ 21%] [34m[1mGenerating C type support for eProsima Fast-RTPS[0m
[ 21%] [34m[1mGenerating C type support dispatch for ROS interfaces[0m
[ 23%] [34m[1mGenerating C introspection for ROS interfaces[0m
[35m[1mConsolidate compiler generated dependencies of target my_turtle_interface__rosidl_typesupport_cpp[0m
[ 25%] [32mBuilding CXX object CMakeFiles/my_turtle_interface__rosidl_typesupport_cpp.dir/rosidl_typesupport_cpp/my_turtle_interface/msg/turtle_project__type_support.cpp.o[0m
[ 29%] [32mBuilding CXX object CMakeFiles/my_turtle_interface__rosidl_typesupport_cpp.dir/rosidl_typesupport_cpp/my_turtle_interface/msg/turtle_project_array__type_support.cpp.o[0m
[ 30%] [32mBuilding CXX object CMakeFiles/my_turtle_interface__rosidl_typesupport_cpp.dir/rosidl_typesupport_cpp/my_turtle_interface/srv/turtle_killer__type_support.cpp.o[0m
[ 30%] [32mBuilding CXX object CMakeFiles/my_turtle_interface__rosidl_typesupport_cpp.dir/rosidl_typesupport_cpp/my_turtle_interface/srv/catch_turtle__type_support.cpp.o[0m
[35m[1mConsolidate compiler generated dependencies of target my_turtle_interface__rosidl_typesupport_introspection_cpp[0m
[35m[1mConsolidate compiler generated dependencies of target my_turtle_interface__rosidl_typesupport_fastrtps_cpp[0m
[ 34%] [32mBuilding CXX object CMakeFiles/my_turtle_interface__rosidl_typesupport_introspection_cpp.dir/rosidl_typesupport_introspection_cpp/my_turtle_interface/srv/detail/catch_turtle__type_support.cpp.o[0m
[ 34%] [32mBuilding CXX object CMakeFiles/my_turtle_interface__rosidl_typesupport_introspection_cpp.dir/rosidl_typesupport_introspection_cpp/my_turtle_interface/msg/detail/turtle_project__type_support.cpp.o[0m
[ 36%] [32mBuilding CXX object CMakeFiles/my_turtle_interface__rosidl_typesupport_introspection_cpp.dir/rosidl_typesupport_introspection_cpp/my_turtle_interface/msg/detail/turtle_project_array__type_support.cpp.o[0m
[ 38%] [32mBuilding CXX object CMakeFiles/my_turtle_interface__rosidl_typesupport_introspection_cpp.dir/rosidl_typesupport_introspection_cpp/my_turtle_interface/srv/detail/turtle_killer__type_support.cpp.o[0m
[ 40%] [32mBuilding CXX object CMakeFiles/my_turtle_interface__rosidl_typesupport_fastrtps_cpp.dir/rosidl_typesupport_fastrtps_cpp/my_turtle_interface/msg/detail/dds_fastrtps/turtle_project__type_support.cpp.o[0m
[35m[1mConsolidate compiler generated dependencies of target my_turtle_interface__rosidl_typesupport_c[0m
[ 41%] [32mBuilding CXX object CMakeFiles/my_turtle_interface__rosidl_typesupport_c.dir/rosidl_typesupport_c/my_turtle_interface/msg/turtle_project__type_support.cpp.o[0m
[ 43%] [32mBuilding CXX object CMakeFiles/my_turtle_interface__rosidl_typesupport_c.dir/rosidl_typesupport_c/my_turtle_interface/msg/turtle_project_array__type_support.cpp.o[0m
[ 45%] [32mBuilding CXX object CMakeFiles/my_turtle_interface__rosidl_typesupport_c.dir/rosidl_typesupport_c/my_turtle_interface/srv/turtle_killer__type_support.cpp.o[0m
[35m[1mConsolidate compiler generated dependencies of target my_turtle_interface__rosidl_typesupport_introspection_c[0m
[ 47%] [32mBuilding CXX object CMakeFiles/my_turtle_interface__rosidl_typesupport_c.dir/rosidl_typesupport_c/my_turtle_interface/srv/catch_turtle__type_support.cpp.o[0m
[ 52%] [32mBuilding C object CMakeFiles/my_turtle_interface__rosidl_typesupport_introspection_c.dir/rosidl_typesupport_introspection_c/my_turtle_interface/srv/detail/turtle_killer__type_support.c.o[0m
[ 52%] [32mBuilding C object CMakeFiles/my_turtle_interface__rosidl_typesupport_introspection_c.dir/rosidl_typesupport_introspection_c/my_turtle_interface/msg/detail/turtle_project_array__type_support.c.o[0m
[ 52%] [32mBuilding C object CMakeFiles/my_turtle_interface__rosidl_typesupport_introspection_c.dir/rosidl_typesupport_introspection_c/my_turtle_interface/msg/detail/turtle_project__type_support.c.o[0m
[ 54%] [32mBuilding C object CMakeFiles/my_turtle_interface__rosidl_typesupport_introspection_c.dir/rosidl_typesupport_introspection_c/my_turtle_interface/srv/detail/catch_turtle__type_support.c.o[0m
[ 56%] [32m[1mLinking CXX shared library libmy_turtle_interface__rosidl_typesupport_cpp.so[0m
[35m[1mConsolidate compiler generated dependencies of target my_turtle_interface__rosidl_typesupport_fastrtps_c[0m
[ 58%] [32m[1mLinking CXX shared library libmy_turtle_interface__rosidl_typesupport_c.so[0m
[ 63%] [32mBuilding CXX object CMakeFiles/my_turtle_interface__rosidl_typesupport_fastrtps_cpp.dir/rosidl_typesupport_fastrtps_cpp/my_turtle_interface/srv/detail/dds_fastrtps/turtle_killer__type_support.cpp.o[0m
[ 63%] [32mBuilding CXX object CMakeFiles/my_turtle_interface__rosidl_typesupport_fastrtps_cpp.dir/rosidl_typesupport_fastrtps_cpp/my_turtle_interface/msg/detail/dds_fastrtps/turtle_project_array__type_support.cpp.o[0m
[ 63%] [32mBuilding CXX object CMakeFiles/my_turtle_interface__rosidl_typesupport_fastrtps_c.dir/rosidl_typesupport_fastrtps_c/my_turtle_interface/msg/detail/turtle_project__type_support_c.cpp.o[0m
[ 65%] [32mBuilding CXX object CMakeFiles/my_turtle_interface__rosidl_typesupport_fastrtps_c.dir/rosidl_typesupport_fastrtps_c/my_turtle_interface/msg/detail/turtle_project_array__type_support_c.cpp.o[0m
[ 67%] [32m[1mLinking C shared library libmy_turtle_interface__rosidl_typesupport_introspection_c.so[0m
[ 67%] Built target my_turtle_interface__rosidl_typesupport_cpp
[ 69%] [32mBuilding CXX object CMakeFiles/my_turtle_interface__rosidl_typesupport_fastrtps_c.dir/rosidl_typesupport_fastrtps_c/my_turtle_interface/srv/detail/turtle_killer__type_support_c.cpp.o[0m
[ 69%] Built target my_turtle_interface__rosidl_typesupport_introspection_c
[ 69%] Built target my_turtle_interface__rosidl_typesupport_c
[ 72%] [32mBuilding CXX object CMakeFiles/my_turtle_interface__rosidl_typesupport_fastrtps_cpp.dir/rosidl_typesupport_fastrtps_cpp/my_turtle_interface/srv/detail/dds_fastrtps/catch_turtle__type_support.cpp.o[0m
[ 72%] [32mBuilding CXX object CMakeFiles/my_turtle_interface__rosidl_typesupport_fastrtps_c.dir/rosidl_typesupport_fastrtps_c/my_turtle_interface/srv/detail/catch_turtle__type_support_c.cpp.o[0m
[ 74%] [32m[1mLinking CXX shared library libmy_turtle_interface__rosidl_typesupport_introspection_cpp.so[0m
[ 74%] Built target my_turtle_interface__rosidl_typesupport_introspection_cpp
[ 76%] [32m[1mLinking CXX shared library libmy_turtle_interface__rosidl_typesupport_fastrtps_c.so[0m
[ 78%] [32m[1mLinking CXX shared library libmy_turtle_interface__rosidl_typesupport_fastrtps_cpp.so[0m
[ 78%] Built target my_turtle_interface__rosidl_typesupport_fastrtps_c
[ 78%] Built target my_turtle_interface__rosidl_typesupport_fastrtps_cpp
[ 78%] Built target my_turtle_interface
[ 80%] [34m[1mGenerating Python code for ROS interfaces[0m
[ 80%] Built target my_turtle_interface__py
[35m[1mConsolidate compiler generated dependencies of target my_turtle_interface__rosidl_generator_py[0m
[ 85%] [32mBuilding C object CMakeFiles/my_turtle_interface__rosidl_generator_py.dir/rosidl_generator_py/my_turtle_interface/msg/_turtle_project_array_s.c.o[0m
[ 85%] [32mBuilding C object CMakeFiles/my_turtle_interface__rosidl_generator_py.dir/rosidl_generator_py/my_turtle_interface/srv/_turtle_killer_s.c.o[0m
[ 85%] [32mBuilding C object CMakeFiles/my_turtle_interface__rosidl_generator_py.dir/rosidl_generator_py/my_turtle_interface/msg/_turtle_project_s.c.o[0m
[ 87%] [32mBuilding C object CMakeFiles/my_turtle_interface__rosidl_generator_py.dir/rosidl_generator_py/my_turtle_interface/srv/_catch_turtle_s.c.o[0m
[ 89%] [32m[1mLinking C shared library rosidl_generator_py/my_turtle_interface/libmy_turtle_interface__rosidl_generator_py.so[0m
[ 89%] Built target my_turtle_interface__rosidl_generator_py
[35m[1mConsolidate compiler generated dependencies of target my_turtle_interface__rosidl_typesupport_c__pyext[0m
[35m[1mConsolidate compiler generated dependencies of target my_turtle_interface__rosidl_typesupport_fastrtps_c__pyext[0m
[35m[1mConsolidate compiler generated dependencies of target my_turtle_interface__rosidl_typesupport_introspection_c__pyext[0m
[ 94%] [32mBuilding C object CMakeFiles/my_turtle_interface__rosidl_typesupport_introspection_c__pyext.dir/rosidl_generator_py/my_turtle_interface/_my_turtle_interface_s.ep.rosidl_typesupport_introspection_c.c.o[0m
[ 94%] [32mBuilding C object CMakeFiles/my_turtle_interface__rosidl_typesupport_fastrtps_c__pyext.dir/rosidl_generator_py/my_turtle_interface/_my_turtle_interface_s.ep.rosidl_typesupport_fastrtps_c.c.o[0m
[ 94%] [32mBuilding C object CMakeFiles/my_turtle_interface__rosidl_typesupport_c__pyext.dir/rosidl_generator_py/my_turtle_interface/_my_turtle_interface_s.ep.rosidl_typesupport_c.c.o[0m
[ 96%] [32m[1mLinking C shared library rosidl_generator_py/my_turtle_interface/my_turtle_interface_s__rosidl_typesupport_c.cpython-310-x86_64-linux-gnu.so[0m
[ 98%] [32m[1mLinking C shared library rosidl_generator_py/my_turtle_interface/my_turtle_interface_s__rosidl_typesupport_introspection_c.cpython-310-x86_64-linux-gnu.so[0m
[100%] [32m[1mLinking C shared library rosidl_generator_py/my_turtle_interface/my_turtle_interface_s__rosidl_typesupport_fastrtps_c.cpython-310-x86_64-linux-gnu.so[0m
[100%] Built target my_turtle_interface__rosidl_typesupport_introspection_c__pyext
[100%] Built target my_turtle_interface__rosidl_typesupport_c__pyext
[100%] Built target my_turtle_interface__rosidl_typesupport_fastrtps_c__pyext
-- Install configuration: ""
-- Execute custom install script
-- Up-to-date symlink: /home/praveen/turtlesim_project/install/my_turtle_interface/share/ament_index/resource_index/rosidl_interfaces/my_turtle_interface
-- Up-to-date symlink: /home/praveen/turtlesim_project/install/my_turtle_interface/include/my_turtle_interface/my_turtle_interface/msg/detail/turtle_project__functions.h
-- Up-to-date symlink: /home/praveen/turtlesim_project/install/my_turtle_interface/include/my_turtle_interface/my_turtle_interface/msg/detail/turtle_project__struct.h
-- Up-to-date symlink: /home/praveen/turtlesim_project/install/my_turtle_interface/include/my_turtle_interface/my_turtle_interface/msg/detail/turtle_project__type_support.h
-- Up-to-date symlink: /home/praveen/turtlesim_project/install/my_turtle_interface/include/my_turtle_interface/my_turtle_interface/msg/detail/turtle_project_array__functions.h
-- Up-to-date symlink: /home/praveen/turtlesim_project/install/my_turtle_interface/include/my_turtle_interface/my_turtle_interface/msg/detail/turtle_project_array__struct.h
-- Up-to-date symlink: /home/praveen/turtlesim_project/install/my_turtle_interface/include/my_turtle_interface/my_turtle_interface/msg/detail/turtle_project_array__type_support.h
-- Up-to-date symlink: /home/praveen/turtlesim_project/install/my_turtle_interface/include/my_turtle_interface/my_turtle_interface/msg/rosidl_generator_c__visibility_control.h
-- Up-to-date symlink: /home/praveen/turtlesim_project/install/my_turtle_interface/include/my_turtle_interface/my_turtle_interface/msg/turtle_project.h
-- Up-to-date symlink: /home/praveen/turtlesim_project/install/my_turtle_interface/include/my_turtle_interface/my_turtle_interface/msg/turtle_project_array.h
-- Symlinking: /home/praveen/turtlesim_project/install/my_turtle_interface/include/my_turtle_interface/my_turtle_interface/srv/catch_turtle.h
-- Symlinking: /home/praveen/turtlesim_project/install/my_turtle_interface/include/my_turtle_interface/my_turtle_interface/srv/detail/catch_turtle__functions.h
-- Symlinking: /home/praveen/turtlesim_project/install/my_turtle_interface/include/my_turtle_interface/my_turtle_interface/srv/detail/catch_turtle__struct.h
-- Symlinking: /home/praveen/turtlesim_project/install/my_turtle_interface/include/my_turtle_interface/my_turtle_interface/srv/detail/catch_turtle__type_support.h
-- Up-to-date symlink: /home/praveen/turtlesim_project/install/my_turtle_interface/include/my_turtle_interface/my_turtle_interface/srv/detail/turtle_killer__functions.h
-- Up-to-date symlink: /home/praveen/turtlesim_project/install/my_turtle_interface/include/my_turtle_interface/my_turtle_interface/srv/detail/turtle_killer__struct.h
-- Up-to-date symlink: /home/praveen/turtlesim_project/install/my_turtle_interface/include/my_turtle_interface/my_turtle_interface/srv/detail/turtle_killer__type_support.h
-- Up-to-date symlink: /home/praveen/turtlesim_project/install/my_turtle_interface/include/my_turtle_interface/my_turtle_interface/srv/turtle_killer.h
-- Up-to-date symlink: /home/praveen/turtlesim_project/install/my_turtle_interface/share/my_turtle_interface/environment/library_path.sh
-- Up-to-date symlink: /home/praveen/turtlesim_project/install/my_turtle_interface/share/my_turtle_interface/environment/library_path.dsv
-- Up-to-date symlink: /home/praveen/turtlesim_project/install/my_turtle_interface/include/my_turtle_interface/my_turtle_interface/msg/detail/turtle_project__rosidl_typesupport_fastrtps_c.h
-- Up-to-date symlink: /home/praveen/turtlesim_project/install/my_turtle_interface/include/my_turtle_interface/my_turtle_interface/msg/detail/turtle_project_array__rosidl_typesupport_fastrtps_c.h
-- Up-to-date symlink: /home/praveen/turtlesim_project/install/my_turtle_interface/include/my_turtle_interface/my_turtle_interface/msg/rosidl_typesupport_fastrtps_c__visibility_control.h
-- Symlinking: /home/praveen/turtlesim_project/install/my_turtle_interface/include/my_turtle_interface/my_turtle_interface/srv/detail/catch_turtle__rosidl_typesupport_fastrtps_c.h
-- Up-to-date symlink: /home/praveen/turtlesim_project/install/my_turtle_interface/include/my_turtle_interface/my_turtle_interface/srv/detail/turtle_killer__rosidl_typesupport_fastrtps_c.h
-- Up-to-date symlink: /home/praveen/turtlesim_project/install/my_turtle_interface/include/my_turtle_interface/my_turtle_interface/msg/detail/turtle_project__rosidl_typesupport_introspection_c.h
-- Up-to-date symlink: /home/praveen/turtlesim_project/install/my_turtle_interface/include/my_turtle_interface/my_turtle_interface/msg/detail/turtle_project_array__rosidl_typesupport_introspection_c.h
-- Up-to-date symlink: /home/praveen/turtlesim_project/install/my_turtle_interface/include/my_turtle_interface/my_turtle_interface/msg/rosidl_typesupport_introspection_c__visibility_control.h
-- Symlinking: /home/praveen/turtlesim_project/install/my_turtle_interface/include/my_turtle_interface/my_turtle_interface/srv/detail/catch_turtle__rosidl_typesupport_introspection_c.h
-- Up-to-date symlink: /home/praveen/turtlesim_project/install/my_turtle_interface/include/my_turtle_interface/my_turtle_interface/srv/detail/turtle_killer__rosidl_typesupport_introspection_c.h
-- Up-to-date symlink: /home/praveen/turtlesim_project/install/my_turtle_interface/include/my_turtle_interface/my_turtle_interface/msg/detail/turtle_project__builder.hpp
-- Up-to-date symlink: /home/praveen/turtlesim_project/install/my_turtle_interface/include/my_turtle_interface/my_turtle_interface/msg/detail/turtle_project__struct.hpp
-- Up-to-date symlink: /home/praveen/turtlesim_project/install/my_turtle_interface/include/my_turtle_interface/my_turtle_interface/msg/detail/turtle_project__traits.hpp
-- Up-to-date symlink: /home/praveen/turtlesim_project/install/my_turtle_interface/include/my_turtle_interface/my_turtle_interface/msg/detail/turtle_project_array__builder.hpp
-- Up-to-date symlink: /home/praveen/turtlesim_project/install/my_turtle_interface/include/my_turtle_interface/my_turtle_interface/msg/detail/turtle_project_array__struct.hpp
-- Up-to-date symlink: /home/praveen/turtlesim_project/install/my_turtle_interface/include/my_turtle_interface/my_turtle_interface/msg/detail/turtle_project_array__traits.hpp
-- Up-to-date symlink: /home/praveen/turtlesim_project/install/my_turtle_interface/include/my_turtle_interface/my_turtle_interface/msg/turtle_project.hpp
-- Up-to-date symlink: /home/praveen/turtlesim_project/install/my_turtle_interface/include/my_turtle_interface/my_turtle_interface/msg/turtle_project_array.hpp
-- Symlinking: /home/praveen/turtlesim_project/install/my_turtle_interface/include/my_turtle_interface/my_turtle_interface/srv/catch_turtle.hpp
-- Symlinking: /home/praveen/turtlesim_project/install/my_turtle_interface/include/my_turtle_interface/my_turtle_interface/srv/detail/catch_turtle__builder.hpp
-- Symlinking: /home/praveen/turtlesim_project/install/my_turtle_interface/include/my_turtle_interface/my_turtle_interface/srv/detail/catch_turtle__struct.hpp
-- Symlinking: /home/praveen/turtlesim_project/install/my_turtle_interface/include/my_turtle_interface/my_turtle_interface/srv/detail/catch_turtle__traits.hpp
-- Up-to-date symlink: /home/praveen/turtlesim_project/install/my_turtle_interface/include/my_turtle_interface/my_turtle_interface/srv/detail/turtle_killer__builder.hpp
-- Up-to-date symlink: /home/praveen/turtlesim_project/install/my_turtle_interface/include/my_turtle_interface/my_turtle_interface/srv/detail/turtle_killer__struct.hpp
-- Up-to-date symlink: /home/praveen/turtlesim_project/install/my_turtle_interface/include/my_turtle_interface/my_turtle_interface/srv/detail/turtle_killer__traits.hpp
-- Up-to-date symlink: /home/praveen/turtlesim_project/install/my_turtle_interface/include/my_turtle_interface/my_turtle_interface/srv/turtle_killer.hpp
-- Up-to-date symlink: /home/praveen/turtlesim_project/install/my_turtle_interface/include/my_turtle_interface/my_turtle_interface/msg/detail/turtle_project__rosidl_typesupport_fastrtps_cpp.hpp
-- Up-to-date symlink: /home/praveen/turtlesim_project/install/my_turtle_interface/include/my_turtle_interface/my_turtle_interface/msg/detail/turtle_project_array__rosidl_typesupport_fastrtps_cpp.hpp
-- Up-to-date symlink: /home/praveen/turtlesim_project/install/my_turtle_interface/include/my_turtle_interface/my_turtle_interface/msg/rosidl_typesupport_fastrtps_cpp__visibility_control.h
-- Symlinking: /home/praveen/turtlesim_project/install/my_turtle_interface/include/my_turtle_interface/my_turtle_interface/srv/detail/catch_turtle__rosidl_typesupport_fastrtps_cpp.hpp
-- Up-to-date symlink: /home/praveen/turtlesim_project/install/my_turtle_interface/include/my_turtle_interface/my_turtle_interface/srv/detail/turtle_killer__rosidl_typesupport_fastrtps_cpp.hpp
-- Up-to-date symlink: /home/praveen/turtlesim_project/install/my_turtle_interface/include/my_turtle_interface/my_turtle_interface/msg/detail/turtle_project__rosidl_typesupport_introspection_cpp.hpp
-- Up-to-date symlink: /home/praveen/turtlesim_project/install/my_turtle_interface/include/my_turtle_interface/my_turtle_interface/msg/detail/turtle_project_array__rosidl_typesupport_introspection_cpp.hpp
-- Symlinking: /home/praveen/turtlesim_project/install/my_turtle_interface/include/my_turtle_interface/my_turtle_interface/srv/detail/catch_turtle__rosidl_typesupport_introspection_cpp.hpp
-- Up-to-date symlink: /home/praveen/turtlesim_project/install/my_turtle_interface/include/my_turtle_interface/my_turtle_interface/srv/detail/turtle_killer__rosidl_typesupport_introspection_cpp.hpp
-- Up-to-date symlink: /home/praveen/turtlesim_project/install/my_turtle_interface/share/my_turtle_interface/environment/pythonpath.sh
-- Up-to-date symlink: /home/praveen/turtlesim_project/install/my_turtle_interface/share/my_turtle_interface/environment/pythonpath.dsv
-- Up-to-date symlink: /home/praveen/turtlesim_project/install/my_turtle_interface/local/lib/python3.10/dist-packages/my_turtle_interface-0.0.0-py3.10.egg-info/PKG-INFO
-- Up-to-date symlink: /home/praveen/turtlesim_project/install/my_turtle_interface/local/lib/python3.10/dist-packages/my_turtle_interface-0.0.0-py3.10.egg-info/SOURCES.txt
-- Up-to-date symlink: /home/praveen/turtlesim_project/install/my_turtle_interface/local/lib/python3.10/dist-packages/my_turtle_interface-0.0.0-py3.10.egg-info/dependency_links.txt
-- Up-to-date symlink: /home/praveen/turtlesim_project/install/my_turtle_interface/local/lib/python3.10/dist-packages/my_turtle_interface-0.0.0-py3.10.egg-info/top_level.txt
-- Up-to-date symlink: /home/praveen/turtlesim_project/install/my_turtle_interface/local/lib/python3.10/dist-packages/my_turtle_interface/__init__.py
-- Up-to-date symlink: /home/praveen/turtlesim_project/install/my_turtle_interface/local/lib/python3.10/dist-packages/my_turtle_interface/_my_turtle_interface_s.ep.rosidl_typesupport_c.c
-- Up-to-date symlink: /home/praveen/turtlesim_project/install/my_turtle_interface/local/lib/python3.10/dist-packages/my_turtle_interface/_my_turtle_interface_s.ep.rosidl_typesupport_fastrtps_c.c
-- Up-to-date symlink: /home/praveen/turtlesim_project/install/my_turtle_interface/local/lib/python3.10/dist-packages/my_turtle_interface/_my_turtle_interface_s.ep.rosidl_typesupport_introspection_c.c
-- Up-to-date symlink: /home/praveen/turtlesim_project/install/my_turtle_interface/local/lib/python3.10/dist-packages/my_turtle_interface/libmy_turtle_interface__rosidl_generator_py.so
-- Up-to-date symlink: /home/praveen/turtlesim_project/install/my_turtle_interface/local/lib/python3.10/dist-packages/my_turtle_interface/msg/__init__.py
-- Up-to-date symlink: /home/praveen/turtlesim_project/install/my_turtle_interface/local/lib/python3.10/dist-packages/my_turtle_interface/msg/_turtle_project.py
-- Up-to-date symlink: /home/praveen/turtlesim_project/install/my_turtle_interface/local/lib/python3.10/dist-packages/my_turtle_interface/msg/_turtle_project_array.py
-- Up-to-date symlink: /home/praveen/turtlesim_project/install/my_turtle_interface/local/lib/python3.10/dist-packages/my_turtle_interface/msg/_turtle_project_array_s.c
-- Up-to-date symlink: /home/praveen/turtlesim_project/install/my_turtle_interface/local/lib/python3.10/dist-packages/my_turtle_interface/msg/_turtle_project_s.c
-- Up-to-date symlink: /home/praveen/turtlesim_project/install/my_turtle_interface/local/lib/python3.10/dist-packages/my_turtle_interface/my_turtle_interface_s__rosidl_typesupport_c.cpython-310-x86_64-linux-gnu.so
-- Up-to-date symlink: /home/praveen/turtlesim_project/install/my_turtle_interface/local/lib/python3.10/dist-packages/my_turtle_interface/my_turtle_interface_s__rosidl_typesupport_fastrtps_c.cpython-310-x86_64-linux-gnu.so
-- Up-to-date symlink: /home/praveen/turtlesim_project/install/my_turtle_interface/local/lib/python3.10/dist-packages/my_turtle_interface/my_turtle_interface_s__rosidl_typesupport_introspection_c.cpython-310-x86_64-linux-gnu.so
-- Up-to-date symlink: /home/praveen/turtlesim_project/install/my_turtle_interface/local/lib/python3.10/dist-packages/my_turtle_interface/srv/__init__.py
-- Symlinking: /home/praveen/turtlesim_project/install/my_turtle_interface/local/lib/python3.10/dist-packages/my_turtle_interface/srv/_catch_turtle.py
-- Symlinking: /home/praveen/turtlesim_project/install/my_turtle_interface/local/lib/python3.10/dist-packages/my_turtle_interface/srv/_catch_turtle_s.c
-- Up-to-date symlink: /home/praveen/turtlesim_project/install/my_turtle_interface/local/lib/python3.10/dist-packages/my_turtle_interface/srv/_turtle_killer.py
-- Up-to-date symlink: /home/praveen/turtlesim_project/install/my_turtle_interface/local/lib/python3.10/dist-packages/my_turtle_interface/srv/_turtle_killer_s.c
-- Up-to-date symlink: /home/praveen/turtlesim_project/install/my_turtle_interface/local/lib/python3.10/dist-packages/my_turtle_interface/my_turtle_interface_s__rosidl_typesupport_fastrtps_c.cpython-310-x86_64-linux-gnu.so
-- Up-to-date symlink: /home/praveen/turtlesim_project/install/my_turtle_interface/local/lib/python3.10/dist-packages/my_turtle_interface/my_turtle_interface_s__rosidl_typesupport_introspection_c.cpython-310-x86_64-linux-gnu.so
-- Up-to-date symlink: /home/praveen/turtlesim_project/install/my_turtle_interface/local/lib/python3.10/dist-packages/my_turtle_interface/my_turtle_interface_s__rosidl_typesupport_c.cpython-310-x86_64-linux-gnu.so
-- Up-to-date symlink: /home/praveen/turtlesim_project/install/my_turtle_interface/share/my_turtle_interface/msg/TurtleProject.idl
-- Up-to-date symlink: /home/praveen/turtlesim_project/install/my_turtle_interface/share/my_turtle_interface/msg/TurtleProjectArray.idl
-- Up-to-date symlink: /home/praveen/turtlesim_project/install/my_turtle_interface/share/my_turtle_interface/srv/TurtleKiller.idl
-- Symlinking: /home/praveen/turtlesim_project/install/my_turtle_interface/share/my_turtle_interface/srv/CatchTurtle.idl
-- Up-to-date symlink: /home/praveen/turtlesim_project/install/my_turtle_interface/share/my_turtle_interface/msg/TurtleProject.msg
-- Up-to-date symlink: /home/praveen/turtlesim_project/install/my_turtle_interface/share/my_turtle_interface/msg/TurtleProjectArray.msg
-- Up-to-date symlink: /home/praveen/turtlesim_project/install/my_turtle_interface/share/my_turtle_interface/srv/TurtleKiller.srv
-- Up-to-date symlink: /home/praveen/turtlesim_project/install/my_turtle_interface/share/my_turtle_interface/srv/TurtleKiller_Request.msg
-- Up-to-date symlink: /home/praveen/turtlesim_project/install/my_turtle_interface/share/my_turtle_interface/srv/TurtleKiller_Response.msg
-- Symlinking: /home/praveen/turtlesim_project/install/my_turtle_interface/share/my_turtle_interface/srv/CatchTurtle.srv
-- Symlinking: /home/praveen/turtlesim_project/install/my_turtle_interface/share/my_turtle_interface/srv/CatchTurtle_Request.msg
-- Symlinking: /home/praveen/turtlesim_project/install/my_turtle_interface/share/my_turtle_interface/srv/CatchTurtle_Response.msg
-- Up-to-date symlink: /home/praveen/turtlesim_project/install/my_turtle_interface/share/ament_index/resource_index/package_run_dependencies/my_turtle_interface
-- Up-to-date symlink: /home/praveen/turtlesim_project/install/my_turtle_interface/share/ament_index/resource_index/parent_prefix_path/my_turtle_interface
-- Up-to-date symlink: /home/praveen/turtlesim_project/install/my_turtle_interface/share/my_turtle_interface/environment/ament_prefix_path.sh
-- Up-to-date symlink: /home/praveen/turtlesim_project/install/my_turtle_interface/share/my_turtle_interface/environment/ament_prefix_path.dsv
-- Up-to-date symlink: /home/praveen/turtlesim_project/install/my_turtle_interface/share/my_turtle_interface/environment/path.sh
-- Up-to-date symlink: /home/praveen/turtlesim_project/install/my_turtle_interface/share/my_turtle_interface/environment/path.dsv
-- Up-to-date symlink: /home/praveen/turtlesim_project/install/my_turtle_interface/share/my_turtle_interface/local_setup.bash
-- Up-to-date symlink: /home/praveen/turtlesim_project/install/my_turtle_interface/share/my_turtle_interface/local_setup.sh
-- Up-to-date symlink: /home/praveen/turtlesim_project/install/my_turtle_interface/share/my_turtle_interface/local_setup.zsh
-- Up-to-date symlink: /home/praveen/turtlesim_project/install/my_turtle_interface/share/my_turtle_interface/local_setup.dsv
-- Symlinking: /home/praveen/turtlesim_project/install/my_turtle_interface/share/my_turtle_interface/package.dsv
-- Up-to-date symlink: /home/praveen/turtlesim_project/install/my_turtle_interface/share/ament_index/resource_index/packages/my_turtle_interface
-- Up-to-date symlink: /home/praveen/turtlesim_project/install/my_turtle_interface/share/my_turtle_interface/cmake/rosidl_cmake-extras.cmake
-- Up-to-date symlink: /home/praveen/turtlesim_project/install/my_turtle_interface/share/my_turtle_interface/cmake/ament_cmake_export_include_directories-extras.cmake
-- Up-to-date symlink: /home/praveen/turtlesim_project/install/my_turtle_interface/share/my_turtle_interface/cmake/ament_cmake_export_libraries-extras.cmake
-- Up-to-date symlink: /home/praveen/turtlesim_project/install/my_turtle_interface/share/my_turtle_interface/cmake/ament_cmake_export_targets-extras.cmake
-- Up-to-date symlink: /home/praveen/turtlesim_project/install/my_turtle_interface/share/my_turtle_interface/cmake/rosidl_cmake_export_typesupport_targets-extras.cmake
-- Up-to-date symlink: /home/praveen/turtlesim_project/install/my_turtle_interface/share/my_turtle_interface/cmake/ament_cmake_export_dependencies-extras.cmake
-- Up-to-date symlink: /home/praveen/turtlesim_project/install/my_turtle_interface/share/my_turtle_interface/cmake/rosidl_cmake_export_typesupport_libraries-extras.cmake
-- Up-to-date symlink: /home/praveen/turtlesim_project/install/my_turtle_interface/share/my_turtle_interface/cmake/my_turtle_interfaceConfig.cmake
-- Up-to-date symlink: /home/praveen/turtlesim_project/install/my_turtle_interface/share/my_turtle_interface/cmake/my_turtle_interfaceConfig-version.cmake
-- Up-to-date symlink: /home/praveen/turtlesim_project/install/my_turtle_interface/share/my_turtle_interface/package.xml
-- Installing: /home/praveen/turtlesim_project/install/my_turtle_interface/lib/libmy_turtle_interface__rosidl_generator_c.so
-- Set runtime path of "/home/praveen/turtlesim_project/install/my_turtle_interface/lib/libmy_turtle_interface__rosidl_generator_c.so" to ""
-- Installing: /home/praveen/turtlesim_project/install/my_turtle_interface/lib/libmy_turtle_interface__rosidl_typesupport_fastrtps_c.so
-- Set runtime path of "/home/praveen/turtlesim_project/install/my_turtle_interface/lib/libmy_turtle_interface__rosidl_typesupport_fastrtps_c.so" to ""
-- Installing: /home/praveen/turtlesim_project/install/my_turtle_interface/lib/libmy_turtle_interface__rosidl_typesupport_introspection_c.so
-- Set runtime path of "/home/praveen/turtlesim_project/install/my_turtle_interface/lib/libmy_turtle_interface__rosidl_typesupport_introspection_c.so" to ""
-- Installing: /home/praveen/turtlesim_project/install/my_turtle_interface/lib/libmy_turtle_interface__rosidl_typesupport_c.so
-- Set runtime path of "/home/praveen/turtlesim_project/install/my_turtle_interface/lib/libmy_turtle_interface__rosidl_typesupport_c.so" to ""
-- Installing: /home/praveen/turtlesim_project/install/my_turtle_interface/lib/libmy_turtle_interface__rosidl_typesupport_fastrtps_cpp.so
-- Set runtime path of "/home/praveen/turtlesim_project/install/my_turtle_interface/lib/libmy_turtle_interface__rosidl_typesupport_fastrtps_cpp.so" to ""
-- Installing: /home/praveen/turtlesim_project/install/my_turtle_interface/lib/libmy_turtle_interface__rosidl_typesupport_introspection_cpp.so
-- Set runtime path of "/home/praveen/turtlesim_project/install/my_turtle_interface/lib/libmy_turtle_interface__rosidl_typesupport_introspection_cpp.so" to ""
-- Installing: /home/praveen/turtlesim_project/install/my_turtle_interface/lib/libmy_turtle_interface__rosidl_typesupport_cpp.so
-- Set runtime path of "/home/praveen/turtlesim_project/install/my_turtle_interface/lib/libmy_turtle_interface__rosidl_typesupport_cpp.so" to ""
Listing '/home/praveen/turtlesim_project/install/my_turtle_interface/local/lib/python3.10/dist-packages/my_turtle_interface'...
Compiling '/home/praveen/turtlesim_project/install/my_turtle_interface/local/lib/python3.10/dist-packages/my_turtle_interface/__init__.py'...
Listing '/home/praveen/turtlesim_project/install/my_turtle_interface/local/lib/python3.10/dist-packages/my_turtle_interface/msg'...
Compiling '/home/praveen/turtlesim_project/install/my_turtle_interface/local/lib/python3.10/dist-packages/my_turtle_interface/msg/__init__.py'...
Compiling '/home/praveen/turtlesim_project/install/my_turtle_interface/local/lib/python3.10/dist-packages/my_turtle_interface/msg/_turtle_project.py'...
Compiling '/home/praveen/turtlesim_project/install/my_turtle_interface/local/lib/python3.10/dist-packages/my_turtle_interface/msg/_turtle_project_array.py'...
Listing '/home/praveen/turtlesim_project/install/my_turtle_interface/local/lib/python3.10/dist-packages/my_turtle_interface/srv'...
Compiling '/home/praveen/turtlesim_project/install/my_turtle_interface/local/lib/python3.10/dist-packages/my_turtle_interface/srv/__init__.py'...
Compiling '/home/praveen/turtlesim_project/install/my_turtle_interface/local/lib/python3.10/dist-packages/my_turtle_interface/srv/_catch_turtle.py'...
Compiling '/home/praveen/turtlesim_project/install/my_turtle_interface/local/lib/python3.10/dist-packages/my_turtle_interface/srv/_turtle_killer.py'...
-- Installing: /home/praveen/turtlesim_project/install/my_turtle_interface/lib/libmy_turtle_interface__rosidl_generator_py.so
-- Set runtime path of "/home/praveen/turtlesim_project/install/my_turtle_interface/lib/libmy_turtle_interface__rosidl_generator_py.so" to ""
-- Up-to-date: /home/praveen/turtlesim_project/install/my_turtle_interface/share/my_turtle_interface/cmake/export_my_turtle_interface__rosidl_generator_cExport.cmake
-- Up-to-date: /home/praveen/turtlesim_project/install/my_turtle_interface/share/my_turtle_interface/cmake/export_my_turtle_interface__rosidl_generator_cExport-noconfig.cmake
-- Up-to-date: /home/praveen/turtlesim_project/install/my_turtle_interface/share/my_turtle_interface/cmake/export_my_turtle_interface__rosidl_typesupport_fastrtps_cExport.cmake
-- Up-to-date: /home/praveen/turtlesim_project/install/my_turtle_interface/share/my_turtle_interface/cmake/export_my_turtle_interface__rosidl_typesupport_fastrtps_cExport-noconfig.cmake
-- Up-to-date: /home/praveen/turtlesim_project/install/my_turtle_interface/share/my_turtle_interface/cmake/my_turtle_interface__rosidl_typesupport_introspection_cExport.cmake
-- Up-to-date: /home/praveen/turtlesim_project/install/my_turtle_interface/share/my_turtle_interface/cmake/my_turtle_interface__rosidl_typesupport_introspection_cExport-noconfig.cmake
-- Up-to-date: /home/praveen/turtlesim_project/install/my_turtle_interface/share/my_turtle_interface/cmake/my_turtle_interface__rosidl_typesupport_cExport.cmake
-- Up-to-date: /home/praveen/turtlesim_project/install/my_turtle_interface/share/my_turtle_interface/cmake/my_turtle_interface__rosidl_typesupport_cExport-noconfig.cmake
-- Up-to-date: /home/praveen/turtlesim_project/install/my_turtle_interface/share/my_turtle_interface/cmake/export_my_turtle_interface__rosidl_generator_cppExport.cmake
-- Up-to-date: /home/praveen/turtlesim_project/install/my_turtle_interface/share/my_turtle_interface/cmake/export_my_turtle_interface__rosidl_typesupport_fastrtps_cppExport.cmake
-- Up-to-date: /home/praveen/turtlesim_project/install/my_turtle_interface/share/my_turtle_interface/cmake/export_my_turtle_interface__rosidl_typesupport_fastrtps_cppExport-noconfig.cmake
-- Up-to-date: /home/praveen/turtlesim_project/install/my_turtle_interface/share/my_turtle_interface/cmake/my_turtle_interface__rosidl_typesupport_introspection_cppExport.cmake
-- Up-to-date: /home/praveen/turtlesim_project/install/my_turtle_interface/share/my_turtle_interface/cmake/my_turtle_interface__rosidl_typesupport_introspection_cppExport-noconfig.cmake
-- Up-to-date: /home/praveen/turtlesim_project/install/my_turtle_interface/share/my_turtle_interface/cmake/my_turtle_interface__rosidl_typesupport_cppExport.cmake
-- Up-to-date: /home/praveen/turtlesim_project/install/my_turtle_interface/share/my_turtle_interface/cmake/my_turtle_interface__rosidl_typesupport_cppExport-noconfig.cmake
-- Up-to-date: /home/praveen/turtlesim_project/install/my_turtle_interface/share/my_turtle_interface/cmake/export_my_turtle_interface__rosidl_generator_pyExport.cmake
-- Up-to-date: /home/praveen/turtlesim_project/install/my_turtle_interface/share/my_turtle_interface/cmake/export_my_turtle_interface__rosidl_generator_pyExport-noconfig.cmake
