[0.009s] Invoking command in '/home/praveen/turtlesim_project/build/my_turtle_interface': CMAKE_PREFIX_PATH=${CMAKE_PREFIX_PATH}:/home/praveen/turtlesim_project/install/turtle_catch_them_all:/opt/ros/humble /usr/bin/cmake --build /home/praveen/turtlesim_project/build/my_turtle_interface -- -j12 -l12
[0.034s] -- Found ament_cmake: 1.3.9 (/opt/ros/humble/share/ament_cmake/cmake)
[0.128s] -- Override CMake install command with custom implementation using symlinks instead of copying resources
[0.134s] -- Found rosidl_default_generators: 1.2.0 (/opt/ros/humble/share/rosidl_default_generators/cmake)
[0.135s] -- Using all available rosidl_typesupport_c: rosidl_typesupport_fastrtps_c;rosidl_typesupport_introspection_c
[0.137s] -- Found rosidl_adapter: 3.1.5 (/opt/ros/humble/share/rosidl_adapter/cmake)
[0.160s] -- Using all available rosidl_typesupport_cpp: rosidl_typesupport_fastrtps_cpp;rosidl_typesupport_introspection_cpp
[0.388s] -- Found ament_cmake_ros: 0.10.0 (/opt/ros/humble/share/ament_cmake_ros/cmake)
[0.534s] -- Using all available rosidl_typesupport_c: rosidl_typesupport_fastrtps_c;rosidl_typesupport_introspection_c
[0.727s] -- Using all available rosidl_typesupport_cpp: rosidl_typesupport_fastrtps_cpp;rosidl_typesupport_introspection_cpp
[0.746s] -- Found python_cmake_module: 0.10.0 (/opt/ros/humble/share/python_cmake_module/cmake)
[0.764s] -- Using PYTHON_EXECUTABLE: /usr/bin/python3
[0.765s] -- Using PYTHON_INCLUDE_DIRS: /usr/include/python3.10
[0.765s] -- Using PYTHON_LIBRARIES: /usr/lib/x86_64-linux-gnu/libpython3.10.so
[0.780s] -- Configuring done
[0.810s] -- Generating done
[0.813s] -- Build files have been written to: /home/praveen/turtlesim_project/build/my_turtle_interface
[0.841s] [  1%] [34m[1mGenerating C code for ROS interfaces[0m
[0.850s] [  3%] [34m[1mGenerating C++ code for ROS interfaces[0m
[0.859s] [  3%] Built target ament_cmake_python_symlink_my_turtle_interface
[1.069s] running egg_info
[1.069s] writing my_turtle_interface.egg-info/PKG-INFO
[1.069s] writing dependency_links to my_turtle_interface.egg-info/dependency_links.txt
[1.069s] writing top-level names to my_turtle_interface.egg-info/top_level.txt
[1.071s] reading manifest file 'my_turtle_interface.egg-info/SOURCES.txt'
[1.072s] writing manifest file 'my_turtle_interface.egg-info/SOURCES.txt'
[1.106s] [  3%] Built target ament_cmake_python_build_my_turtle_interface_egg
[1.264s] [  3%] Built target my_turtle_interface__cpp
[1.264s] [35m[1mConsolidate compiler generated dependencies of target my_turtle_interface__rosidl_generator_c[0m
[1.275s] [  9%] [34m[1mGenerating C++ type support for eProsima Fast-RTPS[0m
[1.275s] [  9%] [34m[1mGenerating C++ introspection for ROS interfaces[0m
[1.275s] [  9%] [34m[1mGenerating C++ type support dispatch for ROS interfaces[0m
[1.275s] [ 10%] [32mBuilding C object CMakeFiles/my_turtle_interface__rosidl_generator_c.dir/rosidl_generator_c/my_turtle_interface/msg/detail/turtle_project__functions.c.o[0m
[1.275s] [ 14%] [32mBuilding C object CMakeFiles/my_turtle_interface__rosidl_generator_c.dir/rosidl_generator_c/my_turtle_interface/msg/detail/turtle_project_array__functions.c.o[0m
[1.275s] [ 14%] [32mBuilding C object CMakeFiles/my_turtle_interface__rosidl_generator_c.dir/rosidl_generator_c/my_turtle_interface/srv/detail/turtle_killer__functions.c.o[0m
[1.277s] [ 16%] [32mBuilding C object CMakeFiles/my_turtle_interface__rosidl_generator_c.dir/rosidl_generator_c/my_turtle_interface/srv/detail/catch_turtle__functions.c.o[0m
[1.367s] [ 18%] [32m[1mLinking C shared library libmy_turtle_interface__rosidl_generator_c.so[0m
[1.409s] [ 18%] Built target my_turtle_interface__rosidl_generator_c
[1.420s] [ 21%] [34m[1mGenerating C type support for eProsima Fast-RTPS[0m
[1.421s] [ 21%] [34m[1mGenerating C type support dispatch for ROS interfaces[0m
[1.422s] [ 23%] [34m[1mGenerating C introspection for ROS interfaces[0m
[1.548s] [35m[1mConsolidate compiler generated dependencies of target my_turtle_interface__rosidl_typesupport_cpp[0m
[1.565s] [ 25%] [32mBuilding CXX object CMakeFiles/my_turtle_interface__rosidl_typesupport_cpp.dir/rosidl_typesupport_cpp/my_turtle_interface/msg/turtle_project__type_support.cpp.o[0m
[1.567s] [ 29%] [32mBuilding CXX object CMakeFiles/my_turtle_interface__rosidl_typesupport_cpp.dir/rosidl_typesupport_cpp/my_turtle_interface/msg/turtle_project_array__type_support.cpp.o[0m
[1.567s] [ 30%] [32mBuilding CXX object CMakeFiles/my_turtle_interface__rosidl_typesupport_cpp.dir/rosidl_typesupport_cpp/my_turtle_interface/srv/turtle_killer__type_support.cpp.o[0m
[1.567s] [ 30%] [32mBuilding CXX object CMakeFiles/my_turtle_interface__rosidl_typesupport_cpp.dir/rosidl_typesupport_cpp/my_turtle_interface/srv/catch_turtle__type_support.cpp.o[0m
[1.653s] [35m[1mConsolidate compiler generated dependencies of target my_turtle_interface__rosidl_typesupport_introspection_cpp[0m
[1.653s] [35m[1mConsolidate compiler generated dependencies of target my_turtle_interface__rosidl_typesupport_fastrtps_cpp[0m
[1.723s] [ 34%] [32mBuilding CXX object CMakeFiles/my_turtle_interface__rosidl_typesupport_introspection_cpp.dir/rosidl_typesupport_introspection_cpp/my_turtle_interface/srv/detail/catch_turtle__type_support.cpp.o[0m
[1.724s] [ 34%] [32mBuilding CXX object CMakeFiles/my_turtle_interface__rosidl_typesupport_introspection_cpp.dir/rosidl_typesupport_introspection_cpp/my_turtle_interface/msg/detail/turtle_project__type_support.cpp.o[0m
[1.729s] [ 36%] [32mBuilding CXX object CMakeFiles/my_turtle_interface__rosidl_typesupport_introspection_cpp.dir/rosidl_typesupport_introspection_cpp/my_turtle_interface/msg/detail/turtle_project_array__type_support.cpp.o[0m
[1.730s] [ 38%] [32mBuilding CXX object CMakeFiles/my_turtle_interface__rosidl_typesupport_introspection_cpp.dir/rosidl_typesupport_introspection_cpp/my_turtle_interface/srv/detail/turtle_killer__type_support.cpp.o[0m
[1.735s] [ 40%] [32mBuilding CXX object CMakeFiles/my_turtle_interface__rosidl_typesupport_fastrtps_cpp.dir/rosidl_typesupport_fastrtps_cpp/my_turtle_interface/msg/detail/dds_fastrtps/turtle_project__type_support.cpp.o[0m
[1.822s] [35m[1mConsolidate compiler generated dependencies of target my_turtle_interface__rosidl_typesupport_c[0m
[1.846s] [ 41%] [32mBuilding CXX object CMakeFiles/my_turtle_interface__rosidl_typesupport_c.dir/rosidl_typesupport_c/my_turtle_interface/msg/turtle_project__type_support.cpp.o[0m
[1.906s] [ 43%] [32mBuilding CXX object CMakeFiles/my_turtle_interface__rosidl_typesupport_c.dir/rosidl_typesupport_c/my_turtle_interface/msg/turtle_project_array__type_support.cpp.o[0m
[1.958s] [ 45%] [32mBuilding CXX object CMakeFiles/my_turtle_interface__rosidl_typesupport_c.dir/rosidl_typesupport_c/my_turtle_interface/srv/turtle_killer__type_support.cpp.o[0m
[2.000s] [35m[1mConsolidate compiler generated dependencies of target my_turtle_interface__rosidl_typesupport_introspection_c[0m
[2.005s] [ 47%] [32mBuilding CXX object CMakeFiles/my_turtle_interface__rosidl_typesupport_c.dir/rosidl_typesupport_c/my_turtle_interface/srv/catch_turtle__type_support.cpp.o[0m
[2.022s] [ 52%] [32mBuilding C object CMakeFiles/my_turtle_interface__rosidl_typesupport_introspection_c.dir/rosidl_typesupport_introspection_c/my_turtle_interface/srv/detail/turtle_killer__type_support.c.o[0m
[2.023s] [ 52%] [32mBuilding C object CMakeFiles/my_turtle_interface__rosidl_typesupport_introspection_c.dir/rosidl_typesupport_introspection_c/my_turtle_interface/msg/detail/turtle_project_array__type_support.c.o[0m
[2.023s] [ 52%] [32mBuilding C object CMakeFiles/my_turtle_interface__rosidl_typesupport_introspection_c.dir/rosidl_typesupport_introspection_c/my_turtle_interface/msg/detail/turtle_project__type_support.c.o[0m
[2.027s] [ 54%] [32mBuilding C object CMakeFiles/my_turtle_interface__rosidl_typesupport_introspection_c.dir/rosidl_typesupport_introspection_c/my_turtle_interface/srv/detail/catch_turtle__type_support.c.o[0m
[2.029s] [ 56%] [32m[1mLinking CXX shared library libmy_turtle_interface__rosidl_typesupport_cpp.so[0m
[2.045s] [35m[1mConsolidate compiler generated dependencies of target my_turtle_interface__rosidl_typesupport_fastrtps_c[0m
[2.061s] [ 58%] [32m[1mLinking CXX shared library libmy_turtle_interface__rosidl_typesupport_c.so[0m
[2.073s] [ 63%] [32mBuilding CXX object CMakeFiles/my_turtle_interface__rosidl_typesupport_fastrtps_cpp.dir/rosidl_typesupport_fastrtps_cpp/my_turtle_interface/srv/detail/dds_fastrtps/turtle_killer__type_support.cpp.o[0m
[2.074s] [ 63%] [32mBuilding CXX object CMakeFiles/my_turtle_interface__rosidl_typesupport_fastrtps_cpp.dir/rosidl_typesupport_fastrtps_cpp/my_turtle_interface/msg/detail/dds_fastrtps/turtle_project_array__type_support.cpp.o[0m
[2.074s] [ 63%] [32mBuilding CXX object CMakeFiles/my_turtle_interface__rosidl_typesupport_fastrtps_c.dir/rosidl_typesupport_fastrtps_c/my_turtle_interface/msg/detail/turtle_project__type_support_c.cpp.o[0m
[2.074s] [ 65%] [32mBuilding CXX object CMakeFiles/my_turtle_interface__rosidl_typesupport_fastrtps_c.dir/rosidl_typesupport_fastrtps_c/my_turtle_interface/msg/detail/turtle_project_array__type_support_c.cpp.o[0m
[2.084s] [ 67%] [32m[1mLinking C shared library libmy_turtle_interface__rosidl_typesupport_introspection_c.so[0m
[2.107s] [ 67%] Built target my_turtle_interface__rosidl_typesupport_cpp
[2.122s] [ 69%] [32mBuilding CXX object CMakeFiles/my_turtle_interface__rosidl_typesupport_fastrtps_c.dir/rosidl_typesupport_fastrtps_c/my_turtle_interface/srv/detail/turtle_killer__type_support_c.cpp.o[0m
[2.154s] [ 69%] Built target my_turtle_interface__rosidl_typesupport_introspection_c
[2.154s] [ 69%] Built target my_turtle_interface__rosidl_typesupport_c
[2.170s] [ 72%] [32mBuilding CXX object CMakeFiles/my_turtle_interface__rosidl_typesupport_fastrtps_cpp.dir/rosidl_typesupport_fastrtps_cpp/my_turtle_interface/srv/detail/dds_fastrtps/catch_turtle__type_support.cpp.o[0m
[2.170s] [ 72%] [32mBuilding CXX object CMakeFiles/my_turtle_interface__rosidl_typesupport_fastrtps_c.dir/rosidl_typesupport_fastrtps_c/my_turtle_interface/srv/detail/catch_turtle__type_support_c.cpp.o[0m
[2.353s] [ 74%] [32m[1mLinking CXX shared library libmy_turtle_interface__rosidl_typesupport_introspection_cpp.so[0m
[2.428s] [ 74%] Built target my_turtle_interface__rosidl_typesupport_introspection_cpp
[2.578s] [ 76%] [32m[1mLinking CXX shared library libmy_turtle_interface__rosidl_typesupport_fastrtps_c.so[0m
[2.592s] [ 78%] [32m[1mLinking CXX shared library libmy_turtle_interface__rosidl_typesupport_fastrtps_cpp.so[0m
[2.640s] [ 78%] Built target my_turtle_interface__rosidl_typesupport_fastrtps_c
[2.656s] [ 78%] Built target my_turtle_interface__rosidl_typesupport_fastrtps_cpp
[2.673s] [ 78%] Built target my_turtle_interface
[2.692s] [ 80%] [34m[1mGenerating Python code for ROS interfaces[0m
[3.209s] [ 80%] Built target my_turtle_interface__py
[3.220s] [35m[1mConsolidate compiler generated dependencies of target my_turtle_interface__rosidl_generator_py[0m
[3.234s] [ 85%] [32mBuilding C object CMakeFiles/my_turtle_interface__rosidl_generator_py.dir/rosidl_generator_py/my_turtle_interface/msg/_turtle_project_array_s.c.o[0m
[3.234s] [ 85%] [32mBuilding C object CMakeFiles/my_turtle_interface__rosidl_generator_py.dir/rosidl_generator_py/my_turtle_interface/srv/_turtle_killer_s.c.o[0m
[3.234s] [ 85%] [32mBuilding C object CMakeFiles/my_turtle_interface__rosidl_generator_py.dir/rosidl_generator_py/my_turtle_interface/msg/_turtle_project_s.c.o[0m
[3.234s] [ 87%] [32mBuilding C object CMakeFiles/my_turtle_interface__rosidl_generator_py.dir/rosidl_generator_py/my_turtle_interface/srv/_catch_turtle_s.c.o[0m
[3.349s] [ 89%] [32m[1mLinking C shared library rosidl_generator_py/my_turtle_interface/libmy_turtle_interface__rosidl_generator_py.so[0m
[3.385s] [ 89%] Built target my_turtle_interface__rosidl_generator_py
[3.394s] [35m[1mConsolidate compiler generated dependencies of target my_turtle_interface__rosidl_typesupport_c__pyext[0m
[3.394s] [35m[1mConsolidate compiler generated dependencies of target my_turtle_interface__rosidl_typesupport_fastrtps_c__pyext[0m
[3.394s] [35m[1mConsolidate compiler generated dependencies of target my_turtle_interface__rosidl_typesupport_introspection_c__pyext[0m
[3.406s] [ 94%] [32mBuilding C object CMakeFiles/my_turtle_interface__rosidl_typesupport_introspection_c__pyext.dir/rosidl_generator_py/my_turtle_interface/_my_turtle_interface_s.ep.rosidl_typesupport_introspection_c.c.o[0m
[3.406s] [ 94%] [32mBuilding C object CMakeFiles/my_turtle_interface__rosidl_typesupport_fastrtps_c__pyext.dir/rosidl_generator_py/my_turtle_interface/_my_turtle_interface_s.ep.rosidl_typesupport_fastrtps_c.c.o[0m
[3.406s] [ 94%] [32mBuilding C object CMakeFiles/my_turtle_interface__rosidl_typesupport_c__pyext.dir/rosidl_generator_py/my_turtle_interface/_my_turtle_interface_s.ep.rosidl_typesupport_c.c.o[0m
[3.489s] [ 96%] [32m[1mLinking C shared library rosidl_generator_py/my_turtle_interface/my_turtle_interface_s__rosidl_typesupport_c.cpython-310-x86_64-linux-gnu.so[0m
[3.490s] [ 98%] [32m[1mLinking C shared library rosidl_generator_py/my_turtle_interface/my_turtle_interface_s__rosidl_typesupport_introspection_c.cpython-310-x86_64-linux-gnu.so[0m
[3.492s] [100%] [32m[1mLinking C shared library rosidl_generator_py/my_turtle_interface/my_turtle_interface_s__rosidl_typesupport_fastrtps_c.cpython-310-x86_64-linux-gnu.so[0m
[3.518s] [100%] Built target my_turtle_interface__rosidl_typesupport_introspection_c__pyext
[3.518s] [100%] Built target my_turtle_interface__rosidl_typesupport_c__pyext
[3.521s] [100%] Built target my_turtle_interface__rosidl_typesupport_fastrtps_c__pyext
[3.533s] Invoked command in '/home/praveen/turtlesim_project/build/my_turtle_interface' returned '0': CMAKE_PREFIX_PATH=${CMAKE_PREFIX_PATH}:/home/praveen/turtlesim_project/install/turtle_catch_them_all:/opt/ros/humble /usr/bin/cmake --build /home/praveen/turtlesim_project/build/my_turtle_interface -- -j12 -l12
[3.658s] Invoking command in '/home/praveen/turtlesim_project/build/my_turtle_interface': CMAKE_PREFIX_PATH=${CMAKE_PREFIX_PATH}:/home/praveen/turtlesim_project/install/turtle_catch_them_all:/opt/ros/humble /usr/bin/cmake --install /home/praveen/turtlesim_project/build/my_turtle_interface
[3.664s] -- Install configuration: ""
[3.664s] -- Execute custom install script
[3.665s] -- Up-to-date symlink: /home/praveen/turtlesim_project/install/my_turtle_interface/share/ament_index/resource_index/rosidl_interfaces/my_turtle_interface
[3.665s] -- Up-to-date symlink: /home/praveen/turtlesim_project/install/my_turtle_interface/include/my_turtle_interface/my_turtle_interface/msg/detail/turtle_project__functions.h
[3.665s] -- Up-to-date symlink: /home/praveen/turtlesim_project/install/my_turtle_interface/include/my_turtle_interface/my_turtle_interface/msg/detail/turtle_project__struct.h
[3.665s] -- Up-to-date symlink: /home/praveen/turtlesim_project/install/my_turtle_interface/include/my_turtle_interface/my_turtle_interface/msg/detail/turtle_project__type_support.h
[3.665s] -- Up-to-date symlink: /home/praveen/turtlesim_project/install/my_turtle_interface/include/my_turtle_interface/my_turtle_interface/msg/detail/turtle_project_array__functions.h
[3.666s] -- Up-to-date symlink: /home/praveen/turtlesim_project/install/my_turtle_interface/include/my_turtle_interface/my_turtle_interface/msg/detail/turtle_project_array__struct.h
[3.666s] -- Up-to-date symlink: /home/praveen/turtlesim_project/install/my_turtle_interface/include/my_turtle_interface/my_turtle_interface/msg/detail/turtle_project_array__type_support.h
[3.666s] -- Up-to-date symlink: /home/praveen/turtlesim_project/install/my_turtle_interface/include/my_turtle_interface/my_turtle_interface/msg/rosidl_generator_c__visibility_control.h
[3.666s] -- Up-to-date symlink: /home/praveen/turtlesim_project/install/my_turtle_interface/include/my_turtle_interface/my_turtle_interface/msg/turtle_project.h
[3.666s] -- Up-to-date symlink: /home/praveen/turtlesim_project/install/my_turtle_interface/include/my_turtle_interface/my_turtle_interface/msg/turtle_project_array.h
[3.666s] -- Symlinking: /home/praveen/turtlesim_project/install/my_turtle_interface/include/my_turtle_interface/my_turtle_interface/srv/catch_turtle.h
[3.673s] -- Symlinking: /home/praveen/turtlesim_project/install/my_turtle_interface/include/my_turtle_interface/my_turtle_interface/srv/detail/catch_turtle__functions.h
[3.681s] -- Symlinking: /home/praveen/turtlesim_project/install/my_turtle_interface/include/my_turtle_interface/my_turtle_interface/srv/detail/catch_turtle__struct.h
[3.690s] -- Symlinking: /home/praveen/turtlesim_project/install/my_turtle_interface/include/my_turtle_interface/my_turtle_interface/srv/detail/catch_turtle__type_support.h
[3.698s] -- Up-to-date symlink: /home/praveen/turtlesim_project/install/my_turtle_interface/include/my_turtle_interface/my_turtle_interface/srv/detail/turtle_killer__functions.h
[3.698s] -- Up-to-date symlink: /home/praveen/turtlesim_project/install/my_turtle_interface/include/my_turtle_interface/my_turtle_interface/srv/detail/turtle_killer__struct.h
[3.698s] -- Up-to-date symlink: /home/praveen/turtlesim_project/install/my_turtle_interface/include/my_turtle_interface/my_turtle_interface/srv/detail/turtle_killer__type_support.h
[3.698s] -- Up-to-date symlink: /home/praveen/turtlesim_project/install/my_turtle_interface/include/my_turtle_interface/my_turtle_interface/srv/turtle_killer.h
[3.698s] -- Up-to-date symlink: /home/praveen/turtlesim_project/install/my_turtle_interface/share/my_turtle_interface/environment/library_path.sh
[3.698s] -- Up-to-date symlink: /home/praveen/turtlesim_project/install/my_turtle_interface/share/my_turtle_interface/environment/library_path.dsv
[3.699s] -- Up-to-date symlink: /home/praveen/turtlesim_project/install/my_turtle_interface/include/my_turtle_interface/my_turtle_interface/msg/detail/turtle_project__rosidl_typesupport_fastrtps_c.h
[3.699s] -- Up-to-date symlink: /home/praveen/turtlesim_project/install/my_turtle_interface/include/my_turtle_interface/my_turtle_interface/msg/detail/turtle_project_array__rosidl_typesupport_fastrtps_c.h
[3.699s] -- Up-to-date symlink: /home/praveen/turtlesim_project/install/my_turtle_interface/include/my_turtle_interface/my_turtle_interface/msg/rosidl_typesupport_fastrtps_c__visibility_control.h
[3.700s] -- Symlinking: /home/praveen/turtlesim_project/install/my_turtle_interface/include/my_turtle_interface/my_turtle_interface/srv/detail/catch_turtle__rosidl_typesupport_fastrtps_c.h
[3.707s] -- Up-to-date symlink: /home/praveen/turtlesim_project/install/my_turtle_interface/include/my_turtle_interface/my_turtle_interface/srv/detail/turtle_killer__rosidl_typesupport_fastrtps_c.h
[3.708s] -- Up-to-date symlink: /home/praveen/turtlesim_project/install/my_turtle_interface/include/my_turtle_interface/my_turtle_interface/msg/detail/turtle_project__rosidl_typesupport_introspection_c.h
[3.708s] -- Up-to-date symlink: /home/praveen/turtlesim_project/install/my_turtle_interface/include/my_turtle_interface/my_turtle_interface/msg/detail/turtle_project_array__rosidl_typesupport_introspection_c.h
[3.708s] -- Up-to-date symlink: /home/praveen/turtlesim_project/install/my_turtle_interface/include/my_turtle_interface/my_turtle_interface/msg/rosidl_typesupport_introspection_c__visibility_control.h
[3.708s] -- Symlinking: /home/praveen/turtlesim_project/install/my_turtle_interface/include/my_turtle_interface/my_turtle_interface/srv/detail/catch_turtle__rosidl_typesupport_introspection_c.h
[3.715s] -- Up-to-date symlink: /home/praveen/turtlesim_project/install/my_turtle_interface/include/my_turtle_interface/my_turtle_interface/srv/detail/turtle_killer__rosidl_typesupport_introspection_c.h
[3.716s] -- Up-to-date symlink: /home/praveen/turtlesim_project/install/my_turtle_interface/include/my_turtle_interface/my_turtle_interface/msg/detail/turtle_project__builder.hpp
[3.716s] -- Up-to-date symlink: /home/praveen/turtlesim_project/install/my_turtle_interface/include/my_turtle_interface/my_turtle_interface/msg/detail/turtle_project__struct.hpp
[3.716s] -- Up-to-date symlink: /home/praveen/turtlesim_project/install/my_turtle_interface/include/my_turtle_interface/my_turtle_interface/msg/detail/turtle_project__traits.hpp
[3.716s] -- Up-to-date symlink: /home/praveen/turtlesim_project/install/my_turtle_interface/include/my_turtle_interface/my_turtle_interface/msg/detail/turtle_project_array__builder.hpp
[3.716s] -- Up-to-date symlink: /home/praveen/turtlesim_project/install/my_turtle_interface/include/my_turtle_interface/my_turtle_interface/msg/detail/turtle_project_array__struct.hpp
[3.717s] -- Up-to-date symlink: /home/praveen/turtlesim_project/install/my_turtle_interface/include/my_turtle_interface/my_turtle_interface/msg/detail/turtle_project_array__traits.hpp
[3.717s] -- Up-to-date symlink: /home/praveen/turtlesim_project/install/my_turtle_interface/include/my_turtle_interface/my_turtle_interface/msg/turtle_project.hpp
[3.717s] -- Up-to-date symlink: /home/praveen/turtlesim_project/install/my_turtle_interface/include/my_turtle_interface/my_turtle_interface/msg/turtle_project_array.hpp
[3.717s] -- Symlinking: /home/praveen/turtlesim_project/install/my_turtle_interface/include/my_turtle_interface/my_turtle_interface/srv/catch_turtle.hpp
[3.726s] -- Symlinking: /home/praveen/turtlesim_project/install/my_turtle_interface/include/my_turtle_interface/my_turtle_interface/srv/detail/catch_turtle__builder.hpp
[3.734s] -- Symlinking: /home/praveen/turtlesim_project/install/my_turtle_interface/include/my_turtle_interface/my_turtle_interface/srv/detail/catch_turtle__struct.hpp
[3.742s] -- Symlinking: /home/praveen/turtlesim_project/install/my_turtle_interface/include/my_turtle_interface/my_turtle_interface/srv/detail/catch_turtle__traits.hpp
[3.750s] -- Up-to-date symlink: /home/praveen/turtlesim_project/install/my_turtle_interface/include/my_turtle_interface/my_turtle_interface/srv/detail/turtle_killer__builder.hpp
[3.750s] -- Up-to-date symlink: /home/praveen/turtlesim_project/install/my_turtle_interface/include/my_turtle_interface/my_turtle_interface/srv/detail/turtle_killer__struct.hpp
[3.750s] -- Up-to-date symlink: /home/praveen/turtlesim_project/install/my_turtle_interface/include/my_turtle_interface/my_turtle_interface/srv/detail/turtle_killer__traits.hpp
[3.750s] -- Up-to-date symlink: /home/praveen/turtlesim_project/install/my_turtle_interface/include/my_turtle_interface/my_turtle_interface/srv/turtle_killer.hpp
[3.751s] -- Up-to-date symlink: /home/praveen/turtlesim_project/install/my_turtle_interface/include/my_turtle_interface/my_turtle_interface/msg/detail/turtle_project__rosidl_typesupport_fastrtps_cpp.hpp
[3.751s] -- Up-to-date symlink: /home/praveen/turtlesim_project/install/my_turtle_interface/include/my_turtle_interface/my_turtle_interface/msg/detail/turtle_project_array__rosidl_typesupport_fastrtps_cpp.hpp
[3.751s] -- Up-to-date symlink: /home/praveen/turtlesim_project/install/my_turtle_interface/include/my_turtle_interface/my_turtle_interface/msg/rosidl_typesupport_fastrtps_cpp__visibility_control.h
[3.751s] -- Symlinking: /home/praveen/turtlesim_project/install/my_turtle_interface/include/my_turtle_interface/my_turtle_interface/srv/detail/catch_turtle__rosidl_typesupport_fastrtps_cpp.hpp
[3.759s] -- Up-to-date symlink: /home/praveen/turtlesim_project/install/my_turtle_interface/include/my_turtle_interface/my_turtle_interface/srv/detail/turtle_killer__rosidl_typesupport_fastrtps_cpp.hpp
[3.759s] -- Up-to-date symlink: /home/praveen/turtlesim_project/install/my_turtle_interface/include/my_turtle_interface/my_turtle_interface/msg/detail/turtle_project__rosidl_typesupport_introspection_cpp.hpp
[3.759s] -- Up-to-date symlink: /home/praveen/turtlesim_project/install/my_turtle_interface/include/my_turtle_interface/my_turtle_interface/msg/detail/turtle_project_array__rosidl_typesupport_introspection_cpp.hpp
[3.759s] -- Symlinking: /home/praveen/turtlesim_project/install/my_turtle_interface/include/my_turtle_interface/my_turtle_interface/srv/detail/catch_turtle__rosidl_typesupport_introspection_cpp.hpp
[3.767s] -- Up-to-date symlink: /home/praveen/turtlesim_project/install/my_turtle_interface/include/my_turtle_interface/my_turtle_interface/srv/detail/turtle_killer__rosidl_typesupport_introspection_cpp.hpp
[3.767s] -- Up-to-date symlink: /home/praveen/turtlesim_project/install/my_turtle_interface/share/my_turtle_interface/environment/pythonpath.sh
[3.767s] -- Up-to-date symlink: /home/praveen/turtlesim_project/install/my_turtle_interface/share/my_turtle_interface/environment/pythonpath.dsv
[3.767s] -- Up-to-date symlink: /home/praveen/turtlesim_project/install/my_turtle_interface/local/lib/python3.10/dist-packages/my_turtle_interface-0.0.0-py3.10.egg-info/PKG-INFO
[3.767s] -- Up-to-date symlink: /home/praveen/turtlesim_project/install/my_turtle_interface/local/lib/python3.10/dist-packages/my_turtle_interface-0.0.0-py3.10.egg-info/SOURCES.txt
[3.768s] -- Up-to-date symlink: /home/praveen/turtlesim_project/install/my_turtle_interface/local/lib/python3.10/dist-packages/my_turtle_interface-0.0.0-py3.10.egg-info/dependency_links.txt
[3.768s] -- Up-to-date symlink: /home/praveen/turtlesim_project/install/my_turtle_interface/local/lib/python3.10/dist-packages/my_turtle_interface-0.0.0-py3.10.egg-info/top_level.txt
[3.768s] -- Up-to-date symlink: /home/praveen/turtlesim_project/install/my_turtle_interface/local/lib/python3.10/dist-packages/my_turtle_interface/__init__.py
[3.769s] -- Up-to-date symlink: /home/praveen/turtlesim_project/install/my_turtle_interface/local/lib/python3.10/dist-packages/my_turtle_interface/_my_turtle_interface_s.ep.rosidl_typesupport_c.c
[3.769s] -- Up-to-date symlink: /home/praveen/turtlesim_project/install/my_turtle_interface/local/lib/python3.10/dist-packages/my_turtle_interface/_my_turtle_interface_s.ep.rosidl_typesupport_fastrtps_c.c
[3.769s] -- Up-to-date symlink: /home/praveen/turtlesim_project/install/my_turtle_interface/local/lib/python3.10/dist-packages/my_turtle_interface/_my_turtle_interface_s.ep.rosidl_typesupport_introspection_c.c
[3.769s] -- Up-to-date symlink: /home/praveen/turtlesim_project/install/my_turtle_interface/local/lib/python3.10/dist-packages/my_turtle_interface/libmy_turtle_interface__rosidl_generator_py.so
[3.769s] -- Up-to-date symlink: /home/praveen/turtlesim_project/install/my_turtle_interface/local/lib/python3.10/dist-packages/my_turtle_interface/msg/__init__.py
[3.769s] -- Up-to-date symlink: /home/praveen/turtlesim_project/install/my_turtle_interface/local/lib/python3.10/dist-packages/my_turtle_interface/msg/_turtle_project.py
[3.769s] -- Up-to-date symlink: /home/praveen/turtlesim_project/install/my_turtle_interface/local/lib/python3.10/dist-packages/my_turtle_interface/msg/_turtle_project_array.py
[3.769s] -- Up-to-date symlink: /home/praveen/turtlesim_project/install/my_turtle_interface/local/lib/python3.10/dist-packages/my_turtle_interface/msg/_turtle_project_array_s.c
[3.769s] -- Up-to-date symlink: /home/praveen/turtlesim_project/install/my_turtle_interface/local/lib/python3.10/dist-packages/my_turtle_interface/msg/_turtle_project_s.c
[3.769s] -- Up-to-date symlink: /home/praveen/turtlesim_project/install/my_turtle_interface/local/lib/python3.10/dist-packages/my_turtle_interface/my_turtle_interface_s__rosidl_typesupport_c.cpython-310-x86_64-linux-gnu.so
[3.769s] -- Up-to-date symlink: /home/praveen/turtlesim_project/install/my_turtle_interface/local/lib/python3.10/dist-packages/my_turtle_interface/my_turtle_interface_s__rosidl_typesupport_fastrtps_c.cpython-310-x86_64-linux-gnu.so
[3.770s] -- Up-to-date symlink: /home/praveen/turtlesim_project/install/my_turtle_interface/local/lib/python3.10/dist-packages/my_turtle_interface/my_turtle_interface_s__rosidl_typesupport_introspection_c.cpython-310-x86_64-linux-gnu.so
[3.770s] -- Up-to-date symlink: /home/praveen/turtlesim_project/install/my_turtle_interface/local/lib/python3.10/dist-packages/my_turtle_interface/srv/__init__.py
[3.770s] -- Symlinking: /home/praveen/turtlesim_project/install/my_turtle_interface/local/lib/python3.10/dist-packages/my_turtle_interface/srv/_catch_turtle.py
[3.778s] -- Symlinking: /home/praveen/turtlesim_project/install/my_turtle_interface/local/lib/python3.10/dist-packages/my_turtle_interface/srv/_catch_turtle_s.c
[3.786s] -- Up-to-date symlink: /home/praveen/turtlesim_project/install/my_turtle_interface/local/lib/python3.10/dist-packages/my_turtle_interface/srv/_turtle_killer.py
[3.786s] -- Up-to-date symlink: /home/praveen/turtlesim_project/install/my_turtle_interface/local/lib/python3.10/dist-packages/my_turtle_interface/srv/_turtle_killer_s.c
[3.786s] -- Up-to-date symlink: /home/praveen/turtlesim_project/install/my_turtle_interface/local/lib/python3.10/dist-packages/my_turtle_interface/my_turtle_interface_s__rosidl_typesupport_fastrtps_c.cpython-310-x86_64-linux-gnu.so
[3.786s] -- Up-to-date symlink: /home/praveen/turtlesim_project/install/my_turtle_interface/local/lib/python3.10/dist-packages/my_turtle_interface/my_turtle_interface_s__rosidl_typesupport_introspection_c.cpython-310-x86_64-linux-gnu.so
[3.787s] -- Up-to-date symlink: /home/praveen/turtlesim_project/install/my_turtle_interface/local/lib/python3.10/dist-packages/my_turtle_interface/my_turtle_interface_s__rosidl_typesupport_c.cpython-310-x86_64-linux-gnu.so
[3.787s] -- Up-to-date symlink: /home/praveen/turtlesim_project/install/my_turtle_interface/share/my_turtle_interface/msg/TurtleProject.idl
[3.787s] -- Up-to-date symlink: /home/praveen/turtlesim_project/install/my_turtle_interface/share/my_turtle_interface/msg/TurtleProjectArray.idl
[3.787s] -- Up-to-date symlink: /home/praveen/turtlesim_project/install/my_turtle_interface/share/my_turtle_interface/srv/TurtleKiller.idl
[3.787s] -- Symlinking: /home/praveen/turtlesim_project/install/my_turtle_interface/share/my_turtle_interface/srv/CatchTurtle.idl
[3.795s] -- Up-to-date symlink: /home/praveen/turtlesim_project/install/my_turtle_interface/share/my_turtle_interface/msg/TurtleProject.msg
[3.795s] -- Up-to-date symlink: /home/praveen/turtlesim_project/install/my_turtle_interface/share/my_turtle_interface/msg/TurtleProjectArray.msg
[3.795s] -- Up-to-date symlink: /home/praveen/turtlesim_project/install/my_turtle_interface/share/my_turtle_interface/srv/TurtleKiller.srv
[3.795s] -- Up-to-date symlink: /home/praveen/turtlesim_project/install/my_turtle_interface/share/my_turtle_interface/srv/TurtleKiller_Request.msg
[3.795s] -- Up-to-date symlink: /home/praveen/turtlesim_project/install/my_turtle_interface/share/my_turtle_interface/srv/TurtleKiller_Response.msg
[3.795s] -- Symlinking: /home/praveen/turtlesim_project/install/my_turtle_interface/share/my_turtle_interface/srv/CatchTurtle.srv
[3.803s] -- Symlinking: /home/praveen/turtlesim_project/install/my_turtle_interface/share/my_turtle_interface/srv/CatchTurtle_Request.msg
[3.810s] -- Symlinking: /home/praveen/turtlesim_project/install/my_turtle_interface/share/my_turtle_interface/srv/CatchTurtle_Response.msg
[3.819s] -- Up-to-date symlink: /home/praveen/turtlesim_project/install/my_turtle_interface/share/ament_index/resource_index/package_run_dependencies/my_turtle_interface
[3.819s] -- Up-to-date symlink: /home/praveen/turtlesim_project/install/my_turtle_interface/share/ament_index/resource_index/parent_prefix_path/my_turtle_interface
[3.819s] -- Up-to-date symlink: /home/praveen/turtlesim_project/install/my_turtle_interface/share/my_turtle_interface/environment/ament_prefix_path.sh
[3.819s] -- Up-to-date symlink: /home/praveen/turtlesim_project/install/my_turtle_interface/share/my_turtle_interface/environment/ament_prefix_path.dsv
[3.819s] -- Up-to-date symlink: /home/praveen/turtlesim_project/install/my_turtle_interface/share/my_turtle_interface/environment/path.sh
[3.819s] -- Up-to-date symlink: /home/praveen/turtlesim_project/install/my_turtle_interface/share/my_turtle_interface/environment/path.dsv
[3.820s] -- Up-to-date symlink: /home/praveen/turtlesim_project/install/my_turtle_interface/share/my_turtle_interface/local_setup.bash
[3.820s] -- Up-to-date symlink: /home/praveen/turtlesim_project/install/my_turtle_interface/share/my_turtle_interface/local_setup.sh
[3.820s] -- Up-to-date symlink: /home/praveen/turtlesim_project/install/my_turtle_interface/share/my_turtle_interface/local_setup.zsh
[3.820s] -- Up-to-date symlink: /home/praveen/turtlesim_project/install/my_turtle_interface/share/my_turtle_interface/local_setup.dsv
[3.820s] -- Symlinking: /home/praveen/turtlesim_project/install/my_turtle_interface/share/my_turtle_interface/package.dsv
[3.828s] -- Up-to-date symlink: /home/praveen/turtlesim_project/install/my_turtle_interface/share/ament_index/resource_index/packages/my_turtle_interface
[3.828s] -- Up-to-date symlink: /home/praveen/turtlesim_project/install/my_turtle_interface/share/my_turtle_interface/cmake/rosidl_cmake-extras.cmake
[3.828s] -- Up-to-date symlink: /home/praveen/turtlesim_project/install/my_turtle_interface/share/my_turtle_interface/cmake/ament_cmake_export_include_directories-extras.cmake
[3.828s] -- Up-to-date symlink: /home/praveen/turtlesim_project/install/my_turtle_interface/share/my_turtle_interface/cmake/ament_cmake_export_libraries-extras.cmake
[3.829s] -- Up-to-date symlink: /home/praveen/turtlesim_project/install/my_turtle_interface/share/my_turtle_interface/cmake/ament_cmake_export_targets-extras.cmake
[3.829s] -- Up-to-date symlink: /home/praveen/turtlesim_project/install/my_turtle_interface/share/my_turtle_interface/cmake/rosidl_cmake_export_typesupport_targets-extras.cmake
[3.829s] -- Up-to-date symlink: /home/praveen/turtlesim_project/install/my_turtle_interface/share/my_turtle_interface/cmake/ament_cmake_export_dependencies-extras.cmake
[3.829s] -- Up-to-date symlink: /home/praveen/turtlesim_project/install/my_turtle_interface/share/my_turtle_interface/cmake/rosidl_cmake_export_typesupport_libraries-extras.cmake
[3.829s] -- Up-to-date symlink: /home/praveen/turtlesim_project/install/my_turtle_interface/share/my_turtle_interface/cmake/my_turtle_interfaceConfig.cmake
[3.829s] -- Up-to-date symlink: /home/praveen/turtlesim_project/install/my_turtle_interface/share/my_turtle_interface/cmake/my_turtle_interfaceConfig-version.cmake
[3.829s] -- Up-to-date symlink: /home/praveen/turtlesim_project/install/my_turtle_interface/share/my_turtle_interface/package.xml
[3.830s] -- Installing: /home/praveen/turtlesim_project/install/my_turtle_interface/lib/libmy_turtle_interface__rosidl_generator_c.so
[3.830s] -- Set runtime path of "/home/praveen/turtlesim_project/install/my_turtle_interface/lib/libmy_turtle_interface__rosidl_generator_c.so" to ""
[3.830s] -- Installing: /home/praveen/turtlesim_project/install/my_turtle_interface/lib/libmy_turtle_interface__rosidl_typesupport_fastrtps_c.so
[3.831s] -- Set runtime path of "/home/praveen/turtlesim_project/install/my_turtle_interface/lib/libmy_turtle_interface__rosidl_typesupport_fastrtps_c.so" to ""
[3.831s] -- Installing: /home/praveen/turtlesim_project/install/my_turtle_interface/lib/libmy_turtle_interface__rosidl_typesupport_introspection_c.so
[3.831s] -- Set runtime path of "/home/praveen/turtlesim_project/install/my_turtle_interface/lib/libmy_turtle_interface__rosidl_typesupport_introspection_c.so" to ""
[3.831s] -- Installing: /home/praveen/turtlesim_project/install/my_turtle_interface/lib/libmy_turtle_interface__rosidl_typesupport_c.so
[3.832s] -- Set runtime path of "/home/praveen/turtlesim_project/install/my_turtle_interface/lib/libmy_turtle_interface__rosidl_typesupport_c.so" to ""
[3.832s] -- Installing: /home/praveen/turtlesim_project/install/my_turtle_interface/lib/libmy_turtle_interface__rosidl_typesupport_fastrtps_cpp.so
[3.832s] -- Set runtime path of "/home/praveen/turtlesim_project/install/my_turtle_interface/lib/libmy_turtle_interface__rosidl_typesupport_fastrtps_cpp.so" to ""
[3.832s] -- Installing: /home/praveen/turtlesim_project/install/my_turtle_interface/lib/libmy_turtle_interface__rosidl_typesupport_introspection_cpp.so
[3.833s] -- Set runtime path of "/home/praveen/turtlesim_project/install/my_turtle_interface/lib/libmy_turtle_interface__rosidl_typesupport_introspection_cpp.so" to ""
[3.833s] -- Installing: /home/praveen/turtlesim_project/install/my_turtle_interface/lib/libmy_turtle_interface__rosidl_typesupport_cpp.so
[3.833s] -- Set runtime path of "/home/praveen/turtlesim_project/install/my_turtle_interface/lib/libmy_turtle_interface__rosidl_typesupport_cpp.so" to ""
[3.863s] Listing '/home/praveen/turtlesim_project/install/my_turtle_interface/local/lib/python3.10/dist-packages/my_turtle_interface'...
[3.863s] Compiling '/home/praveen/turtlesim_project/install/my_turtle_interface/local/lib/python3.10/dist-packages/my_turtle_interface/__init__.py'...
[3.863s] Listing '/home/praveen/turtlesim_project/install/my_turtle_interface/local/lib/python3.10/dist-packages/my_turtle_interface/msg'...
[3.863s] Compiling '/home/praveen/turtlesim_project/install/my_turtle_interface/local/lib/python3.10/dist-packages/my_turtle_interface/msg/__init__.py'...
[3.863s] Compiling '/home/praveen/turtlesim_project/install/my_turtle_interface/local/lib/python3.10/dist-packages/my_turtle_interface/msg/_turtle_project.py'...
[3.863s] Compiling '/home/praveen/turtlesim_project/install/my_turtle_interface/local/lib/python3.10/dist-packages/my_turtle_interface/msg/_turtle_project_array.py'...
[3.863s] Listing '/home/praveen/turtlesim_project/install/my_turtle_interface/local/lib/python3.10/dist-packages/my_turtle_interface/srv'...
[3.863s] Compiling '/home/praveen/turtlesim_project/install/my_turtle_interface/local/lib/python3.10/dist-packages/my_turtle_interface/srv/__init__.py'...
[3.863s] Compiling '/home/praveen/turtlesim_project/install/my_turtle_interface/local/lib/python3.10/dist-packages/my_turtle_interface/srv/_catch_turtle.py'...
[3.863s] Compiling '/home/praveen/turtlesim_project/install/my_turtle_interface/local/lib/python3.10/dist-packages/my_turtle_interface/srv/_turtle_killer.py'...
[3.866s] -- Installing: /home/praveen/turtlesim_project/install/my_turtle_interface/lib/libmy_turtle_interface__rosidl_generator_py.so
[3.867s] -- Set runtime path of "/home/praveen/turtlesim_project/install/my_turtle_interface/lib/libmy_turtle_interface__rosidl_generator_py.so" to ""
[3.867s] -- Up-to-date: /home/praveen/turtlesim_project/install/my_turtle_interface/share/my_turtle_interface/cmake/export_my_turtle_interface__rosidl_generator_cExport.cmake
[3.867s] -- Up-to-date: /home/praveen/turtlesim_project/install/my_turtle_interface/share/my_turtle_interface/cmake/export_my_turtle_interface__rosidl_generator_cExport-noconfig.cmake
[3.867s] -- Up-to-date: /home/praveen/turtlesim_project/install/my_turtle_interface/share/my_turtle_interface/cmake/export_my_turtle_interface__rosidl_typesupport_fastrtps_cExport.cmake
[3.867s] -- Up-to-date: /home/praveen/turtlesim_project/install/my_turtle_interface/share/my_turtle_interface/cmake/export_my_turtle_interface__rosidl_typesupport_fastrtps_cExport-noconfig.cmake
[3.867s] -- Up-to-date: /home/praveen/turtlesim_project/install/my_turtle_interface/share/my_turtle_interface/cmake/my_turtle_interface__rosidl_typesupport_introspection_cExport.cmake
[3.867s] -- Up-to-date: /home/praveen/turtlesim_project/install/my_turtle_interface/share/my_turtle_interface/cmake/my_turtle_interface__rosidl_typesupport_introspection_cExport-noconfig.cmake
[3.867s] -- Up-to-date: /home/praveen/turtlesim_project/install/my_turtle_interface/share/my_turtle_interface/cmake/my_turtle_interface__rosidl_typesupport_cExport.cmake
[3.867s] -- Up-to-date: /home/praveen/turtlesim_project/install/my_turtle_interface/share/my_turtle_interface/cmake/my_turtle_interface__rosidl_typesupport_cExport-noconfig.cmake
[3.867s] -- Up-to-date: /home/praveen/turtlesim_project/install/my_turtle_interface/share/my_turtle_interface/cmake/export_my_turtle_interface__rosidl_generator_cppExport.cmake
[3.867s] -- Up-to-date: /home/praveen/turtlesim_project/install/my_turtle_interface/share/my_turtle_interface/cmake/export_my_turtle_interface__rosidl_typesupport_fastrtps_cppExport.cmake
[3.867s] -- Up-to-date: /home/praveen/turtlesim_project/install/my_turtle_interface/share/my_turtle_interface/cmake/export_my_turtle_interface__rosidl_typesupport_fastrtps_cppExport-noconfig.cmake
[3.868s] -- Up-to-date: /home/praveen/turtlesim_project/install/my_turtle_interface/share/my_turtle_interface/cmake/my_turtle_interface__rosidl_typesupport_introspection_cppExport.cmake
[3.868s] -- Up-to-date: /home/praveen/turtlesim_project/install/my_turtle_interface/share/my_turtle_interface/cmake/my_turtle_interface__rosidl_typesupport_introspection_cppExport-noconfig.cmake
[3.868s] -- Up-to-date: /home/praveen/turtlesim_project/install/my_turtle_interface/share/my_turtle_interface/cmake/my_turtle_interface__rosidl_typesupport_cppExport.cmake
[3.868s] -- Up-to-date: /home/praveen/turtlesim_project/install/my_turtle_interface/share/my_turtle_interface/cmake/my_turtle_interface__rosidl_typesupport_cppExport-noconfig.cmake
[3.868s] -- Up-to-date: /home/praveen/turtlesim_project/install/my_turtle_interface/share/my_turtle_interface/cmake/export_my_turtle_interface__rosidl_generator_pyExport.cmake
[3.868s] -- Up-to-date: /home/praveen/turtlesim_project/install/my_turtle_interface/share/my_turtle_interface/cmake/export_my_turtle_interface__rosidl_generator_pyExport-noconfig.cmake
[3.870s] Invoked command in '/home/praveen/turtlesim_project/build/my_turtle_interface' returned '0': CMAKE_PREFIX_PATH=${CMAKE_PREFIX_PATH}:/home/praveen/turtlesim_project/install/turtle_catch_them_all:/opt/ros/humble /usr/bin/cmake --install /home/praveen/turtlesim_project/build/my_turtle_interface
