[0.078s] DEBUG:colcon:Command line arguments: ['/usr/bin/colcon', 'build', '--packages-select', 'my_turtle_interface', '--symlink-install']
[0.078s] DEBUG:colcon:Parsed command line arguments: Namespace(log_base=None, log_level=None, verb_name='build', build_base='build', install_base='install', merge_install=False, symlink_install=True, test_result_base=None, continue_on_error=False, executor='parallel', parallel_workers=12, event_handlers=None, ignore_user_meta=False, metas=['./colcon.meta'], base_paths=['.'], packages_ignore=None, packages_ignore_regex=None, paths=None, packages_up_to=None, packages_up_to_regex=None, packages_above=None, packages_above_and_dependencies=None, packages_above_depth=None, packages_select_by_dep=None, packages_skip_by_dep=None, packages_skip_up_to=None, packages_select_build_failed=False, packages_skip_build_finished=False, packages_select_test_failures=False, packages_skip_test_passed=False, packages_select=['my_turtle_interface'], packages_skip=None, packages_select_regex=None, packages_skip_regex=None, packages_start=None, packages_end=None, allow_overriding=[], cmake_args=None, cmake_target=None, cmake_target_skip_unavailable=False, cmake_clean_cache=False, cmake_clean_first=False, cmake_force_configure=False, ament_cmake_args=None, catkin_cmake_args=None, catkin_skip_building_tests=False, verb_parser=<colcon_defaults.argument_parser.defaults.DefaultArgumentsDecorator object at 0x701dadb17fa0>, verb_extension=<colcon_core.verb.build.BuildVerb object at 0x701dadcc0f40>, main=<bound method BuildVerb.main of <colcon_core.verb.build.BuildVerb object at 0x701dadcc0f40>>)
[0.192s] Level 1:colcon.colcon_core.package_discovery:discover_packages(colcon_meta) check parameters
[0.192s] Level 1:colcon.colcon_core.package_discovery:discover_packages(recursive) check parameters
[0.192s] Level 1:colcon.colcon_core.package_discovery:discover_packages(ignore) check parameters
[0.192s] Level 1:colcon.colcon_core.package_discovery:discover_packages(path) check parameters
[0.192s] Level 1:colcon.colcon_core.package_discovery:discover_packages(colcon_meta) discover
[0.193s] Level 1:colcon.colcon_core.package_discovery:discover_packages(recursive) discover
[0.193s] INFO:colcon.colcon_core.package_discovery:Crawling recursively for packages in '/home/praveen/turtlesim_project'
[0.193s] Level 1:colcon.colcon_core.package_identification:_identify(.) by extensions ['ignore', 'ignore_ament_install']
[0.193s] Level 1:colcon.colcon_core.package_identification:_identify(.) by extension 'ignore'
[0.193s] Level 1:colcon.colcon_core.package_identification:_identify(.) by extension 'ignore_ament_install'
[0.193s] Level 1:colcon.colcon_core.package_identification:_identify(.) by extensions ['colcon_pkg']
[0.193s] Level 1:colcon.colcon_core.package_identification:_identify(.) by extension 'colcon_pkg'
[0.193s] Level 1:colcon.colcon_core.package_identification:_identify(.) by extensions ['colcon_meta']
[0.193s] Level 1:colcon.colcon_core.package_identification:_identify(.) by extension 'colcon_meta'
[0.193s] Level 1:colcon.colcon_core.package_identification:_identify(.) by extensions ['ros']
[0.193s] Level 1:colcon.colcon_core.package_identification:_identify(.) by extension 'ros'
[0.201s] Level 1:colcon.colcon_core.package_identification:_identify(.) by extensions ['cmake', 'python']
[0.201s] Level 1:colcon.colcon_core.package_identification:_identify(.) by extension 'cmake'
[0.201s] Level 1:colcon.colcon_core.package_identification:_identify(.) by extension 'python'
[0.201s] Level 1:colcon.colcon_core.package_identification:_identify(.) by extensions ['python_setup_py']
[0.201s] Level 1:colcon.colcon_core.package_identification:_identify(.) by extension 'python_setup_py'
[0.201s] Level 1:colcon.colcon_core.package_identification:_identify(build) by extensions ['ignore', 'ignore_ament_install']
[0.201s] Level 1:colcon.colcon_core.package_identification:_identify(build) by extension 'ignore'
[0.201s] Level 1:colcon.colcon_core.package_identification:_identify(build) ignored
[0.201s] Level 1:colcon.colcon_core.package_identification:_identify(install) by extensions ['ignore', 'ignore_ament_install']
[0.201s] Level 1:colcon.colcon_core.package_identification:_identify(install) by extension 'ignore'
[0.201s] Level 1:colcon.colcon_core.package_identification:_identify(install) ignored
[0.201s] Level 1:colcon.colcon_core.package_identification:_identify(log) by extensions ['ignore', 'ignore_ament_install']
[0.201s] Level 1:colcon.colcon_core.package_identification:_identify(log) by extension 'ignore'
[0.201s] Level 1:colcon.colcon_core.package_identification:_identify(log) ignored
[0.201s] Level 1:colcon.colcon_core.package_identification:_identify(src) by extensions ['ignore', 'ignore_ament_install']
[0.202s] Level 1:colcon.colcon_core.package_identification:_identify(src) by extension 'ignore'
[0.202s] Level 1:colcon.colcon_core.package_identification:_identify(src) by extension 'ignore_ament_install'
[0.202s] Level 1:colcon.colcon_core.package_identification:_identify(src) by extensions ['colcon_pkg']
[0.202s] Level 1:colcon.colcon_core.package_identification:_identify(src) by extension 'colcon_pkg'
[0.202s] Level 1:colcon.colcon_core.package_identification:_identify(src) by extensions ['colcon_meta']
[0.202s] Level 1:colcon.colcon_core.package_identification:_identify(src) by extension 'colcon_meta'
[0.202s] Level 1:colcon.colcon_core.package_identification:_identify(src) by extensions ['ros']
[0.202s] Level 1:colcon.colcon_core.package_identification:_identify(src) by extension 'ros'
[0.202s] Level 1:colcon.colcon_core.package_identification:_identify(src) by extensions ['cmake', 'python']
[0.202s] Level 1:colcon.colcon_core.package_identification:_identify(src) by extension 'cmake'
[0.202s] Level 1:colcon.colcon_core.package_identification:_identify(src) by extension 'python'
[0.202s] Level 1:colcon.colcon_core.package_identification:_identify(src) by extensions ['python_setup_py']
[0.202s] Level 1:colcon.colcon_core.package_identification:_identify(src) by extension 'python_setup_py'
[0.202s] Level 1:colcon.colcon_core.package_identification:_identify(src/build) by extensions ['ignore', 'ignore_ament_install']
[0.202s] Level 1:colcon.colcon_core.package_identification:_identify(src/build) by extension 'ignore'
[0.202s] Level 1:colcon.colcon_core.package_identification:_identify(src/build) ignored
[0.202s] Level 1:colcon.colcon_core.package_identification:_identify(src/install) by extensions ['ignore', 'ignore_ament_install']
[0.202s] Level 1:colcon.colcon_core.package_identification:_identify(src/install) by extension 'ignore'
[0.202s] Level 1:colcon.colcon_core.package_identification:_identify(src/install) ignored
[0.202s] Level 1:colcon.colcon_core.package_identification:_identify(src/log) by extensions ['ignore', 'ignore_ament_install']
[0.202s] Level 1:colcon.colcon_core.package_identification:_identify(src/log) by extension 'ignore'
[0.202s] Level 1:colcon.colcon_core.package_identification:_identify(src/log) ignored
[0.202s] Level 1:colcon.colcon_core.package_identification:_identify(src/my_turtle_interface) by extensions ['ignore', 'ignore_ament_install']
[0.202s] Level 1:colcon.colcon_core.package_identification:_identify(src/my_turtle_interface) by extension 'ignore'
[0.203s] Level 1:colcon.colcon_core.package_identification:_identify(src/my_turtle_interface) by extension 'ignore_ament_install'
[0.203s] Level 1:colcon.colcon_core.package_identification:_identify(src/my_turtle_interface) by extensions ['colcon_pkg']
[0.203s] Level 1:colcon.colcon_core.package_identification:_identify(src/my_turtle_interface) by extension 'colcon_pkg'
[0.203s] Level 1:colcon.colcon_core.package_identification:_identify(src/my_turtle_interface) by extensions ['colcon_meta']
[0.203s] Level 1:colcon.colcon_core.package_identification:_identify(src/my_turtle_interface) by extension 'colcon_meta'
[0.203s] Level 1:colcon.colcon_core.package_identification:_identify(src/my_turtle_interface) by extensions ['ros']
[0.203s] Level 1:colcon.colcon_core.package_identification:_identify(src/my_turtle_interface) by extension 'ros'
[0.204s] DEBUG:colcon.colcon_core.package_identification:Package 'src/my_turtle_interface' with type 'ros.ament_cmake' and name 'my_turtle_interface'
[0.204s] Level 1:colcon.colcon_core.package_identification:_identify(src/turtle_catch_them_all) by extensions ['ignore', 'ignore_ament_install']
[0.205s] Level 1:colcon.colcon_core.package_identification:_identify(src/turtle_catch_them_all) by extension 'ignore'
[0.205s] Level 1:colcon.colcon_core.package_identification:_identify(src/turtle_catch_them_all) by extension 'ignore_ament_install'
[0.205s] Level 1:colcon.colcon_core.package_identification:_identify(src/turtle_catch_them_all) by extensions ['colcon_pkg']
[0.205s] Level 1:colcon.colcon_core.package_identification:_identify(src/turtle_catch_them_all) by extension 'colcon_pkg'
[0.205s] Level 1:colcon.colcon_core.package_identification:_identify(src/turtle_catch_them_all) by extensions ['colcon_meta']
[0.205s] Level 1:colcon.colcon_core.package_identification:_identify(src/turtle_catch_them_all) by extension 'colcon_meta'
[0.205s] Level 1:colcon.colcon_core.package_identification:_identify(src/turtle_catch_them_all) by extensions ['ros']
[0.205s] Level 1:colcon.colcon_core.package_identification:_identify(src/turtle_catch_them_all) by extension 'ros'
[0.205s] DEBUG:colcon.colcon_core.package_identification:Package 'src/turtle_catch_them_all' with type 'ros.ament_python' and name 'turtle_catch_them_all'
[0.205s] Level 1:colcon.colcon_core.package_discovery:discover_packages(recursive) using defaults
[0.205s] Level 1:colcon.colcon_core.package_discovery:discover_packages(ignore) discover
[0.205s] Level 1:colcon.colcon_core.package_discovery:discover_packages(ignore) using defaults
[0.205s] Level 1:colcon.colcon_core.package_discovery:discover_packages(path) discover
[0.205s] Level 1:colcon.colcon_core.package_discovery:discover_packages(path) using defaults
[0.219s] INFO:colcon.colcon_core.package_selection:Skipping not selected package 'turtle_catch_them_all' in 'src/turtle_catch_them_all'
[0.219s] Level 1:colcon.colcon_core.package_discovery:discover_packages(prefix_path) check parameters
[0.219s] Level 1:colcon.colcon_core.package_discovery:discover_packages(prefix_path) discover
[0.221s] DEBUG:colcon.colcon_installed_package_information.package_discovery:Found 2 installed packages in /home/praveen/turtlesim_project/install
[0.222s] DEBUG:colcon.colcon_installed_package_information.package_discovery:Found 270 installed packages in /opt/ros/humble
[0.223s] Level 1:colcon.colcon_core.package_discovery:discover_packages(prefix_path) using defaults
[0.251s] Level 5:colcon.colcon_core.verb:set package 'my_turtle_interface' build argument 'cmake_args' from command line to 'None'
[0.251s] Level 5:colcon.colcon_core.verb:set package 'my_turtle_interface' build argument 'cmake_target' from command line to 'None'
[0.251s] Level 5:colcon.colcon_core.verb:set package 'my_turtle_interface' build argument 'cmake_target_skip_unavailable' from command line to 'False'
[0.251s] Level 5:colcon.colcon_core.verb:set package 'my_turtle_interface' build argument 'cmake_clean_cache' from command line to 'False'
[0.251s] Level 5:colcon.colcon_core.verb:set package 'my_turtle_interface' build argument 'cmake_clean_first' from command line to 'False'
[0.251s] Level 5:colcon.colcon_core.verb:set package 'my_turtle_interface' build argument 'cmake_force_configure' from command line to 'False'
[0.251s] Level 5:colcon.colcon_core.verb:set package 'my_turtle_interface' build argument 'ament_cmake_args' from command line to 'None'
[0.251s] Level 5:colcon.colcon_core.verb:set package 'my_turtle_interface' build argument 'catkin_cmake_args' from command line to 'None'
[0.251s] Level 5:colcon.colcon_core.verb:set package 'my_turtle_interface' build argument 'catkin_skip_building_tests' from command line to 'False'
[0.251s] DEBUG:colcon.colcon_core.verb:Building package 'my_turtle_interface' with the following arguments: {'ament_cmake_args': None, 'build_base': '/home/praveen/turtlesim_project/build/my_turtle_interface', 'catkin_cmake_args': None, 'catkin_skip_building_tests': False, 'cmake_args': None, 'cmake_clean_cache': False, 'cmake_clean_first': False, 'cmake_force_configure': False, 'cmake_target': None, 'cmake_target_skip_unavailable': False, 'install_base': '/home/praveen/turtlesim_project/install/my_turtle_interface', 'merge_install': False, 'path': '/home/praveen/turtlesim_project/src/my_turtle_interface', 'symlink_install': True, 'test_result_base': None}
[0.251s] INFO:colcon.colcon_core.executor:Executing jobs using 'parallel' executor
[0.252s] DEBUG:colcon.colcon_parallel_executor.executor.parallel:run_until_complete
[0.252s] INFO:colcon.colcon_ros.task.ament_cmake.build:Building ROS package in '/home/praveen/turtlesim_project/src/my_turtle_interface' with build type 'ament_cmake'
[0.252s] INFO:colcon.colcon_cmake.task.cmake.build:Building CMake package in '/home/praveen/turtlesim_project/src/my_turtle_interface'
[0.254s] INFO:colcon.colcon_core.plugin_system:Skipping extension 'colcon_core.shell.bat': Not used on non-Windows systems
[0.254s] INFO:colcon.colcon_core.shell:Skip shell extension 'powershell' for command environment: Not usable outside of PowerShell
[0.254s] DEBUG:colcon.colcon_core.shell:Skip shell extension 'dsv' for command environment
[0.262s] DEBUG:colcon.colcon_core.event_handler.log_command:Invoking command in '/home/praveen/turtlesim_project/build/my_turtle_interface': CMAKE_PREFIX_PATH=/home/praveen/turtlesim_project/install/turtle_catch_them_all:/opt/ros/humble /usr/bin/cmake --build /home/praveen/turtlesim_project/build/my_turtle_interface -- -j12 -l12
[2.581s] DEBUG:colcon.colcon_core.event_handler.log_command:Invoked command in '/home/praveen/turtlesim_project/build/my_turtle_interface' returned '0': CMAKE_PREFIX_PATH=/home/praveen/turtlesim_project/install/turtle_catch_them_all:/opt/ros/humble /usr/bin/cmake --build /home/praveen/turtlesim_project/build/my_turtle_interface -- -j12 -l12
[2.655s] DEBUG:colcon.colcon_core.event_handler.log_command:Invoking command in '/home/praveen/turtlesim_project/build/my_turtle_interface': CMAKE_PREFIX_PATH=/home/praveen/turtlesim_project/install/turtle_catch_them_all:/opt/ros/humble /usr/bin/cmake --install /home/praveen/turtlesim_project/build/my_turtle_interface
[3.266s] Level 1:colcon.colcon_core.environment:create_environment_scripts_only(my_turtle_interface)
[3.266s] DEBUG:colcon.colcon_core.event_handler.log_command:Invoked command in '/home/praveen/turtlesim_project/build/my_turtle_interface' returned '0': CMAKE_PREFIX_PATH=/home/praveen/turtlesim_project/install/turtle_catch_them_all:/opt/ros/humble /usr/bin/cmake --install /home/praveen/turtlesim_project/build/my_turtle_interface
[3.268s] Level 1:colcon.colcon_core.environment:checking '/home/praveen/turtlesim_project/install/my_turtle_interface' for CMake module files
[3.268s] Level 1:colcon.colcon_core.environment:checking '/home/praveen/turtlesim_project/install/my_turtle_interface' for CMake config files
[3.269s] Level 1:colcon.colcon_core.shell:create_environment_hook('my_turtle_interface', 'cmake_prefix_path')
[3.269s] INFO:colcon.colcon_core.shell:Creating environment hook '/home/praveen/turtlesim_project/install/my_turtle_interface/share/my_turtle_interface/hook/cmake_prefix_path.ps1'
[3.270s] INFO:colcon.colcon_core.shell:Creating environment descriptor '/home/praveen/turtlesim_project/install/my_turtle_interface/share/my_turtle_interface/hook/cmake_prefix_path.dsv'
[3.270s] INFO:colcon.colcon_core.shell:Creating environment hook '/home/praveen/turtlesim_project/install/my_turtle_interface/share/my_turtle_interface/hook/cmake_prefix_path.sh'
[3.271s] Level 1:colcon.colcon_core.environment:checking '/home/praveen/turtlesim_project/install/my_turtle_interface/lib'
[3.271s] Level 1:colcon.colcon_core.shell:create_environment_hook('my_turtle_interface', 'ld_library_path_lib')
[3.271s] INFO:colcon.colcon_core.shell:Creating environment hook '/home/praveen/turtlesim_project/install/my_turtle_interface/share/my_turtle_interface/hook/ld_library_path_lib.ps1'
[3.271s] INFO:colcon.colcon_core.shell:Creating environment descriptor '/home/praveen/turtlesim_project/install/my_turtle_interface/share/my_turtle_interface/hook/ld_library_path_lib.dsv'
[3.271s] INFO:colcon.colcon_core.shell:Creating environment hook '/home/praveen/turtlesim_project/install/my_turtle_interface/share/my_turtle_interface/hook/ld_library_path_lib.sh'
[3.272s] Level 1:colcon.colcon_core.environment:checking '/home/praveen/turtlesim_project/install/my_turtle_interface/bin'
[3.272s] Level 1:colcon.colcon_core.environment:checking '/home/praveen/turtlesim_project/install/my_turtle_interface/lib/pkgconfig/my_turtle_interface.pc'
[3.272s] Level 1:colcon.colcon_core.environment:checking '/home/praveen/turtlesim_project/install/my_turtle_interface/lib/python3.10/site-packages'
[3.272s] Level 1:colcon.colcon_core.environment:checking '/home/praveen/turtlesim_project/install/my_turtle_interface/bin'
[3.272s] INFO:colcon.colcon_core.shell:Creating package script '/home/praveen/turtlesim_project/install/my_turtle_interface/share/my_turtle_interface/package.ps1'
[3.273s] INFO:colcon.colcon_core.shell:Creating package descriptor '/home/praveen/turtlesim_project/install/my_turtle_interface/share/my_turtle_interface/package.dsv'
[3.273s] INFO:colcon.colcon_core.shell:Creating package script '/home/praveen/turtlesim_project/install/my_turtle_interface/share/my_turtle_interface/package.sh'
[3.274s] INFO:colcon.colcon_core.shell:Creating package script '/home/praveen/turtlesim_project/install/my_turtle_interface/share/my_turtle_interface/package.bash'
[3.274s] INFO:colcon.colcon_core.shell:Creating package script '/home/praveen/turtlesim_project/install/my_turtle_interface/share/my_turtle_interface/package.zsh'
[3.275s] Level 1:colcon.colcon_core.environment:create_file_with_runtime_dependencies(/home/praveen/turtlesim_project/install/my_turtle_interface/share/colcon-core/packages/my_turtle_interface)
[3.339s] Level 1:colcon.colcon_core.environment:create_environment_scripts_only(my_turtle_interface)
[3.339s] Level 1:colcon.colcon_core.environment:checking '/home/praveen/turtlesim_project/install/my_turtle_interface' for CMake module files
[3.339s] Level 1:colcon.colcon_core.environment:checking '/home/praveen/turtlesim_project/install/my_turtle_interface' for CMake config files
[3.340s] Level 1:colcon.colcon_core.shell:create_environment_hook('my_turtle_interface', 'cmake_prefix_path')
[3.340s] INFO:colcon.colcon_core.shell:Creating environment hook '/home/praveen/turtlesim_project/install/my_turtle_interface/share/my_turtle_interface/hook/cmake_prefix_path.ps1'
[3.340s] INFO:colcon.colcon_core.shell:Creating environment descriptor '/home/praveen/turtlesim_project/install/my_turtle_interface/share/my_turtle_interface/hook/cmake_prefix_path.dsv'
[3.341s] INFO:colcon.colcon_core.shell:Creating environment hook '/home/praveen/turtlesim_project/install/my_turtle_interface/share/my_turtle_interface/hook/cmake_prefix_path.sh'
[3.341s] Level 1:colcon.colcon_core.environment:checking '/home/praveen/turtlesim_project/install/my_turtle_interface/lib'
[3.341s] Level 1:colcon.colcon_core.shell:create_environment_hook('my_turtle_interface', 'ld_library_path_lib')
[3.341s] INFO:colcon.colcon_core.shell:Creating environment hook '/home/praveen/turtlesim_project/install/my_turtle_interface/share/my_turtle_interface/hook/ld_library_path_lib.ps1'
[3.342s] INFO:colcon.colcon_core.shell:Creating environment descriptor '/home/praveen/turtlesim_project/install/my_turtle_interface/share/my_turtle_interface/hook/ld_library_path_lib.dsv'
[3.342s] INFO:colcon.colcon_core.shell:Creating environment hook '/home/praveen/turtlesim_project/install/my_turtle_interface/share/my_turtle_interface/hook/ld_library_path_lib.sh'
[3.342s] Level 1:colcon.colcon_core.environment:checking '/home/praveen/turtlesim_project/install/my_turtle_interface/bin'
[3.342s] Level 1:colcon.colcon_core.environment:checking '/home/praveen/turtlesim_project/install/my_turtle_interface/lib/pkgconfig/my_turtle_interface.pc'
[3.342s] Level 1:colcon.colcon_core.environment:checking '/home/praveen/turtlesim_project/install/my_turtle_interface/lib/python3.10/site-packages'
[3.342s] Level 1:colcon.colcon_core.environment:checking '/home/praveen/turtlesim_project/install/my_turtle_interface/bin'
[3.343s] INFO:colcon.colcon_core.shell:Creating package script '/home/praveen/turtlesim_project/install/my_turtle_interface/share/my_turtle_interface/package.ps1'
[3.343s] INFO:colcon.colcon_core.shell:Creating package descriptor '/home/praveen/turtlesim_project/install/my_turtle_interface/share/my_turtle_interface/package.dsv'
[3.343s] INFO:colcon.colcon_core.shell:Creating package script '/home/praveen/turtlesim_project/install/my_turtle_interface/share/my_turtle_interface/package.sh'
[3.344s] INFO:colcon.colcon_core.shell:Creating package script '/home/praveen/turtlesim_project/install/my_turtle_interface/share/my_turtle_interface/package.bash'
[3.352s] INFO:colcon.colcon_core.shell:Creating package script '/home/praveen/turtlesim_project/install/my_turtle_interface/share/my_turtle_interface/package.zsh'
[3.352s] Level 1:colcon.colcon_core.environment:create_file_with_runtime_dependencies(/home/praveen/turtlesim_project/install/my_turtle_interface/share/colcon-core/packages/my_turtle_interface)
[3.352s] DEBUG:colcon.colcon_parallel_executor.executor.parallel:closing loop
[3.352s] DEBUG:colcon.colcon_parallel_executor.executor.parallel:loop closed
[3.352s] DEBUG:colcon.colcon_parallel_executor.executor.parallel:run_until_complete finished with '0'
[3.353s] DEBUG:colcon.colcon_core.event_reactor:joining thread
[3.356s] INFO:colcon.colcon_core.plugin_system:Skipping extension 'colcon_notification.desktop_notification.terminal_notifier': Not used on non-Darwin systems
[3.356s] INFO:colcon.colcon_core.plugin_system:Skipping extension 'colcon_notification.desktop_notification.win32': Not used on non-Windows systems
[3.357s] INFO:colcon.colcon_notification.desktop_notification:Sending desktop notification using 'notify2'
[3.366s] DEBUG:colcon.colcon_core.event_reactor:joined thread
[3.366s] INFO:colcon.colcon_core.shell:Creating prefix script '/home/praveen/turtlesim_project/install/local_setup.ps1'
[3.367s] INFO:colcon.colcon_core.shell:Creating prefix util module '/home/praveen/turtlesim_project/install/_local_setup_util_ps1.py'
[3.368s] INFO:colcon.colcon_core.shell:Creating prefix chain script '/home/praveen/turtlesim_project/install/setup.ps1'
[3.370s] INFO:colcon.colcon_core.shell:Creating prefix script '/home/praveen/turtlesim_project/install/local_setup.sh'
[3.370s] INFO:colcon.colcon_core.shell:Creating prefix util module '/home/praveen/turtlesim_project/install/_local_setup_util_sh.py'
[3.371s] INFO:colcon.colcon_core.shell:Creating prefix chain script '/home/praveen/turtlesim_project/install/setup.sh'
[3.372s] INFO:colcon.colcon_core.shell:Creating prefix script '/home/praveen/turtlesim_project/install/local_setup.bash'
[3.372s] INFO:colcon.colcon_core.shell:Creating prefix chain script '/home/praveen/turtlesim_project/install/setup.bash'
[3.373s] INFO:colcon.colcon_core.shell:Creating prefix script '/home/praveen/turtlesim_project/install/local_setup.zsh'
[3.374s] INFO:colcon.colcon_core.shell:Creating prefix chain script '/home/praveen/turtlesim_project/install/setup.zsh'
