In file included from [01m[K/home/praveen/turtlesim_project/build/my_turtle_interface/rosidl_generator_c/my_turtle_interface/msg/detail/turtle_project_array__functions.h:19[m[K,
                 from [01m[K/home/praveen/turtlesim_project/build/my_turtle_interface/rosidl_generator_c/my_turtle_interface/msg/detail/turtle_project_array__functions.c:4[m[K:
[01m[K/home/praveen/turtlesim_project/build/my_turtle_interface/rosidl_generator_c/my_turtle_interface/msg/detail/turtle_project_array__struct.h:22:10:[m[K [01;31m[Kfatal error: [m[Kmy_turtle_interface/msg/detail/turtle__struct.h: No such file or directory
   22 | #include [01;31m[K"my_turtle_interface/msg/detail/turtle__struct.h"[m[K
      |          [01;31m[K^~~~~~~~~~~~~~~~~~~~~~~~~~~~~~~~~~~~~~~~~~~~~~~~~[m[K
compilation terminated.
gmake[2]: *** [CMakeFiles/my_turtle_interface__rosidl_generator_c.dir/build.make:135: CMakeFiles/my_turtle_interface__rosidl_generator_c.dir/rosidl_generator_c/my_turtle_interface/msg/detail/turtle_project_array__functions.c.o] Error 1
gmake[2]: *** Waiting for unfinished jobs....
gmake[1]: *** [CMakeFiles/Makefile2:213: CMakeFiles/my_turtle_interface__rosidl_generator_c.dir/all] Error 2
gmake[1]: *** Waiting for unfinished jobs....
In file included from [01m[K/home/praveen/turtlesim_project/build/my_turtle_interface/rosidl_typesupport_cpp/my_turtle_interface/msg/turtle_project_array__type_support.cpp:7[m[K:
[01m[K/home/praveen/turtlesim_project/build/my_turtle_interface/rosidl_generator_cpp/my_turtle_interface/msg/detail/turtle_project_array__struct.hpp:20:10:[m[K [01;31m[Kfatal error: [m[Kmy_turtle_interface/msg/detail/turtle__struct.hpp: No such file or directory
   20 | #include [01;31m[K"my_turtle_interface/msg/detail/turtle__struct.hpp"[m[K
      |          [01;31m[K^~~~~~~~~~~~~~~~~~~~~~~~~~~~~~~~~~~~~~~~~~~~~~~~~~~[m[K
compilation terminated.
gmake[2]: *** [CMakeFiles/my_turtle_interface__rosidl_typesupport_cpp.dir/build.make:104: CMakeFiles/my_turtle_interface__rosidl_typesupport_cpp.dir/rosidl_typesupport_cpp/my_turtle_interface/msg/turtle_project_array__type_support.cpp.o] Error 1
gmake[2]: *** Waiting for unfinished jobs....
In file included from [01m[K/home/praveen/turtlesim_project/build/my_turtle_interface/rosidl_typesupport_introspection_cpp/my_turtle_interface/msg/detail/turtle_project_array__type_support.cpp:12[m[K:
[01m[K/home/praveen/turtlesim_project/build/my_turtle_interface/rosidl_generator_cpp/my_turtle_interface/msg/detail/turtle_project_array__struct.hpp:20:10:[m[K [01;31m[Kfatal error: [m[Kmy_turtle_interface/msg/detail/turtle__struct.hpp: No such file or directory
   20 | #include [01;31m[K"my_turtle_interface/msg/detail/turtle__struct.hpp"[m[K
      |          [01;31m[K^~~~~~~~~~~~~~~~~~~~~~~~~~~~~~~~~~~~~~~~~~~~~~~~~~~[m[K
compilation terminated.
gmake[2]: *** [CMakeFiles/my_turtle_interface__rosidl_typesupport_introspection_cpp.dir/build.make:112: CMakeFiles/my_turtle_interface__rosidl_typesupport_introspection_cpp.dir/rosidl_typesupport_introspection_cpp/my_turtle_interface/msg/detail/turtle_project_array__type_support.cpp.o] Error 1
gmake[2]: *** Waiting for unfinished jobs....
In file included from [01m[K/home/praveen/turtlesim_project/build/my_turtle_interface/rosidl_typesupport_fastrtps_cpp/my_turtle_interface/msg/detail/turtle_project_array__rosidl_typesupport_fastrtps_cpp.hpp:11[m[K,
                 from [01m[K/home/praveen/turtlesim_project/build/my_turtle_interface/rosidl_typesupport_fastrtps_cpp/my_turtle_interface/msg/detail/dds_fastrtps/turtle_project_array__type_support.cpp:4[m[K:
[01m[K/home/praveen/turtlesim_project/build/my_turtle_interface/rosidl_generator_cpp/my_turtle_interface/msg/detail/turtle_project_array__struct.hpp:20:10:[m[K [01;31m[Kfatal error: [m[Kmy_turtle_interface/msg/detail/turtle__struct.hpp: No such file or directory
   20 | #include [01;31m[K"my_turtle_interface/msg/detail/turtle__struct.hpp"[m[K
      |          [01;31m[K^~~~~~~~~~~~~~~~~~~~~~~~~~~~~~~~~~~~~~~~~~~~~~~~~~~[m[K
compilation terminated.
gmake[2]: *** [CMakeFiles/my_turtle_interface__rosidl_typesupport_fastrtps_cpp.dir/build.make:112: CMakeFiles/my_turtle_interface__rosidl_typesupport_fastrtps_cpp.dir/rosidl_typesupport_fastrtps_cpp/my_turtle_interface/msg/detail/dds_fastrtps/turtle_project_array__type_support.cpp.o] Error 1
gmake[2]: *** Waiting for unfinished jobs....
gmake[1]: *** [CMakeFiles/Makefile2:395: CMakeFiles/my_turtle_interface__rosidl_typesupport_cpp.dir/all] Error 2
gmake[1]: *** [CMakeFiles/Makefile2:369: CMakeFiles/my_turtle_interface__rosidl_typesupport_introspection_cpp.dir/all] Error 2
gmake[1]: *** [CMakeFiles/Makefile2:343: CMakeFiles/my_turtle_interface__rosidl_typesupport_fastrtps_cpp.dir/all] Error 2
gmake: *** [Makefile:146: all] Error 2
