[0.078s] DEBUG:colcon:Command line arguments: ['/usr/bin/colcon', 'build', '--symlink-install']
[0.078s] DEBUG:colcon:Parsed command line arguments: Namespace(log_base=None, log_level=None, verb_name='build', build_base='build', install_base='install', merge_install=False, symlink_install=True, test_result_base=None, continue_on_error=False, executor='parallel', parallel_workers=12, event_handlers=None, ignore_user_meta=False, metas=['./colcon.meta'], base_paths=['.'], packages_ignore=None, packages_ignore_regex=None, paths=None, packages_up_to=None, packages_up_to_regex=None, packages_above=None, packages_above_and_dependencies=None, packages_above_depth=None, packages_select_by_dep=None, packages_skip_by_dep=None, packages_skip_up_to=None, packages_select_build_failed=False, packages_skip_build_finished=False, packages_select_test_failures=False, packages_skip_test_passed=False, packages_select=None, packages_skip=None, packages_select_regex=None, packages_skip_regex=None, packages_start=None, packages_end=None, allow_overriding=[], cmake_args=None, cmake_target=None, cmake_target_skip_unavailable=False, cmake_clean_cache=False, cmake_clean_first=False, cmake_force_configure=False, ament_cmake_args=None, catkin_cmake_args=None, catkin_skip_building_tests=False, verb_parser=<colcon_defaults.argument_parser.defaults.DefaultArgumentsDecorator object at 0x764ba9ecb9d0>, verb_extension=<colcon_core.verb.build.BuildVerb object at 0x764baa0bc970>, main=<bound method BuildVerb.main of <colcon_core.verb.build.BuildVerb object at 0x764baa0bc970>>)
[0.197s] Level 1:colcon.colcon_core.package_discovery:discover_packages(colcon_meta) check parameters
[0.197s] Level 1:colcon.colcon_core.package_discovery:discover_packages(recursive) check parameters
[0.197s] Level 1:colcon.colcon_core.package_discovery:discover_packages(ignore) check parameters
[0.197s] Level 1:colcon.colcon_core.package_discovery:discover_packages(path) check parameters
[0.197s] Level 1:colcon.colcon_core.package_discovery:discover_packages(colcon_meta) discover
[0.197s] Level 1:colcon.colcon_core.package_discovery:discover_packages(recursive) discover
[0.197s] INFO:colcon.colcon_core.package_discovery:Crawling recursively for packages in '/home/praveen/turtlesim_project/src'
[0.197s] Level 1:colcon.colcon_core.package_identification:_identify(.) by extensions ['ignore', 'ignore_ament_install']
[0.197s] Level 1:colcon.colcon_core.package_identification:_identify(.) by extension 'ignore'
[0.197s] Level 1:colcon.colcon_core.package_identification:_identify(.) by extension 'ignore_ament_install'
[0.197s] Level 1:colcon.colcon_core.package_identification:_identify(.) by extensions ['colcon_pkg']
[0.197s] Level 1:colcon.colcon_core.package_identification:_identify(.) by extension 'colcon_pkg'
[0.197s] Level 1:colcon.colcon_core.package_identification:_identify(.) by extensions ['colcon_meta']
[0.198s] Level 1:colcon.colcon_core.package_identification:_identify(.) by extension 'colcon_meta'
[0.198s] Level 1:colcon.colcon_core.package_identification:_identify(.) by extensions ['ros']
[0.198s] Level 1:colcon.colcon_core.package_identification:_identify(.) by extension 'ros'
[0.206s] Level 1:colcon.colcon_core.package_identification:_identify(.) by extensions ['cmake', 'python']
[0.206s] Level 1:colcon.colcon_core.package_identification:_identify(.) by extension 'cmake'
[0.206s] Level 1:colcon.colcon_core.package_identification:_identify(.) by extension 'python'
[0.206s] Level 1:colcon.colcon_core.package_identification:_identify(.) by extensions ['python_setup_py']
[0.206s] Level 1:colcon.colcon_core.package_identification:_identify(.) by extension 'python_setup_py'
[0.206s] Level 1:colcon.colcon_core.package_identification:_identify(build) by extensions ['ignore', 'ignore_ament_install']
[0.207s] Level 1:colcon.colcon_core.package_identification:_identify(build) by extension 'ignore'
[0.207s] Level 1:colcon.colcon_core.package_identification:_identify(build) ignored
[0.207s] Level 1:colcon.colcon_core.package_identification:_identify(install) by extensions ['ignore', 'ignore_ament_install']
[0.207s] Level 1:colcon.colcon_core.package_identification:_identify(install) by extension 'ignore'
[0.207s] Level 1:colcon.colcon_core.package_identification:_identify(install) ignored
[0.207s] Level 1:colcon.colcon_core.package_identification:_identify(log) by extensions ['ignore', 'ignore_ament_install']
[0.207s] Level 1:colcon.colcon_core.package_identification:_identify(log) by extension 'ignore'
[0.207s] Level 1:colcon.colcon_core.package_identification:_identify(log) ignored
[0.207s] Level 1:colcon.colcon_core.package_identification:_identify(turtle_catch_them_all) by extensions ['ignore', 'ignore_ament_install']
[0.207s] Level 1:colcon.colcon_core.package_identification:_identify(turtle_catch_them_all) by extension 'ignore'
[0.207s] Level 1:colcon.colcon_core.package_identification:_identify(turtle_catch_them_all) by extension 'ignore_ament_install'
[0.207s] Level 1:colcon.colcon_core.package_identification:_identify(turtle_catch_them_all) by extensions ['colcon_pkg']
[0.207s] Level 1:colcon.colcon_core.package_identification:_identify(turtle_catch_them_all) by extension 'colcon_pkg'
[0.207s] Level 1:colcon.colcon_core.package_identification:_identify(turtle_catch_them_all) by extensions ['colcon_meta']
[0.207s] Level 1:colcon.colcon_core.package_identification:_identify(turtle_catch_them_all) by extension 'colcon_meta'
[0.207s] Level 1:colcon.colcon_core.package_identification:_identify(turtle_catch_them_all) by extensions ['ros']
[0.207s] Level 1:colcon.colcon_core.package_identification:_identify(turtle_catch_them_all) by extension 'ros'
[0.209s] DEBUG:colcon.colcon_core.package_identification:Package 'turtle_catch_them_all' with type 'ros.ament_python' and name 'turtle_catch_them_all'
[0.209s] Level 1:colcon.colcon_core.package_discovery:discover_packages(recursive) using defaults
[0.209s] Level 1:colcon.colcon_core.package_discovery:discover_packages(ignore) discover
[0.209s] Level 1:colcon.colcon_core.package_discovery:discover_packages(ignore) using defaults
[0.209s] Level 1:colcon.colcon_core.package_discovery:discover_packages(path) discover
[0.209s] Level 1:colcon.colcon_core.package_discovery:discover_packages(path) using defaults
[0.224s] Level 1:colcon.colcon_core.package_discovery:discover_packages(prefix_path) check parameters
[0.224s] Level 1:colcon.colcon_core.package_discovery:discover_packages(prefix_path) discover
[0.226s] DEBUG:colcon.colcon_installed_package_information.package_discovery:Found 0 installed packages in /home/praveen/turtlesim_project/install
[0.227s] DEBUG:colcon.colcon_installed_package_information.package_discovery:Found 270 installed packages in /opt/ros/humble
[0.228s] Level 1:colcon.colcon_core.package_discovery:discover_packages(prefix_path) using defaults
[0.255s] Level 5:colcon.colcon_core.verb:set package 'turtle_catch_them_all' build argument 'cmake_args' from command line to 'None'
[0.255s] Level 5:colcon.colcon_core.verb:set package 'turtle_catch_them_all' build argument 'cmake_target' from command line to 'None'
[0.255s] Level 5:colcon.colcon_core.verb:set package 'turtle_catch_them_all' build argument 'cmake_target_skip_unavailable' from command line to 'False'
[0.255s] Level 5:colcon.colcon_core.verb:set package 'turtle_catch_them_all' build argument 'cmake_clean_cache' from command line to 'False'
[0.255s] Level 5:colcon.colcon_core.verb:set package 'turtle_catch_them_all' build argument 'cmake_clean_first' from command line to 'False'
[0.255s] Level 5:colcon.colcon_core.verb:set package 'turtle_catch_them_all' build argument 'cmake_force_configure' from command line to 'False'
[0.255s] Level 5:colcon.colcon_core.verb:set package 'turtle_catch_them_all' build argument 'ament_cmake_args' from command line to 'None'
[0.255s] Level 5:colcon.colcon_core.verb:set package 'turtle_catch_them_all' build argument 'catkin_cmake_args' from command line to 'None'
[0.255s] Level 5:colcon.colcon_core.verb:set package 'turtle_catch_them_all' build argument 'catkin_skip_building_tests' from command line to 'False'
[0.255s] DEBUG:colcon.colcon_core.verb:Building package 'turtle_catch_them_all' with the following arguments: {'ament_cmake_args': None, 'build_base': '/home/praveen/turtlesim_project/src/build/turtle_catch_them_all', 'catkin_cmake_args': None, 'catkin_skip_building_tests': False, 'cmake_args': None, 'cmake_clean_cache': False, 'cmake_clean_first': False, 'cmake_force_configure': False, 'cmake_target': None, 'cmake_target_skip_unavailable': False, 'install_base': '/home/praveen/turtlesim_project/src/install/turtle_catch_them_all', 'merge_install': False, 'path': '/home/praveen/turtlesim_project/src/turtle_catch_them_all', 'symlink_install': True, 'test_result_base': None}
[0.255s] INFO:colcon.colcon_core.executor:Executing jobs using 'parallel' executor
[0.256s] DEBUG:colcon.colcon_parallel_executor.executor.parallel:run_until_complete
[0.256s] INFO:colcon.colcon_ros.task.ament_python.build:Building ROS package in '/home/praveen/turtlesim_project/src/turtle_catch_them_all' with build type 'ament_python'
[0.256s] Level 1:colcon.colcon_core.shell:create_environment_hook('turtle_catch_them_all', 'ament_prefix_path')
[0.258s] INFO:colcon.colcon_core.plugin_system:Skipping extension 'colcon_core.shell.bat': Not used on non-Windows systems
[0.258s] INFO:colcon.colcon_core.shell:Creating environment hook '/home/praveen/turtlesim_project/src/install/turtle_catch_them_all/share/turtle_catch_them_all/hook/ament_prefix_path.ps1'
[0.259s] INFO:colcon.colcon_core.shell:Creating environment descriptor '/home/praveen/turtlesim_project/src/install/turtle_catch_them_all/share/turtle_catch_them_all/hook/ament_prefix_path.dsv'
[0.259s] INFO:colcon.colcon_core.shell:Creating environment hook '/home/praveen/turtlesim_project/src/install/turtle_catch_them_all/share/turtle_catch_them_all/hook/ament_prefix_path.sh'
[0.260s] INFO:colcon.colcon_core.shell:Skip shell extension 'powershell' for command environment: Not usable outside of PowerShell
[0.260s] DEBUG:colcon.colcon_core.shell:Skip shell extension 'dsv' for command environment
[0.470s] INFO:colcon.colcon_core.task.python.build:Building Python package in '/home/praveen/turtlesim_project/src/turtle_catch_them_all'
[0.471s] INFO:colcon.colcon_core.shell:Skip shell extension 'powershell' for command environment: Not usable outside of PowerShell
[0.471s] DEBUG:colcon.colcon_core.shell:Skip shell extension 'dsv' for command environment
[0.742s] DEBUG:colcon.colcon_core.event_handler.log_command:Invoking command in '/home/praveen/turtlesim_project/src/build/turtle_catch_them_all': PYTHONPATH=/home/praveen/turtlesim_project/src/build/turtle_catch_them_all/prefix_override:/usr/lib/python3/dist-packages/colcon_core/task/python/colcon_distutils_commands:/home/praveen/turtlesim_project/src/install/turtle_catch_them_all/lib/python3.10/site-packages:${PYTHONPATH} /usr/bin/python3 -W ignore:setup.py install is deprecated setup.py develop --editable --build-directory /home/praveen/turtlesim_project/src/build/turtle_catch_them_all/build --no-deps symlink_data
[1.093s] Level 1:colcon.colcon_core.shell:create_environment_hook('turtle_catch_them_all', 'pythonpath_develop')
[1.094s] INFO:colcon.colcon_core.shell:Creating environment hook '/home/praveen/turtlesim_project/src/build/turtle_catch_them_all/share/turtle_catch_them_all/hook/pythonpath_develop.ps1'
[1.094s] DEBUG:colcon.colcon_core.event_handler.log_command:Invoked command in '/home/praveen/turtlesim_project/src/build/turtle_catch_them_all' returned '0': PYTHONPATH=/home/praveen/turtlesim_project/src/build/turtle_catch_them_all/prefix_override:/usr/lib/python3/dist-packages/colcon_core/task/python/colcon_distutils_commands:/home/praveen/turtlesim_project/src/install/turtle_catch_them_all/lib/python3.10/site-packages:${PYTHONPATH} /usr/bin/python3 -W ignore:setup.py install is deprecated setup.py develop --editable --build-directory /home/praveen/turtlesim_project/src/build/turtle_catch_them_all/build --no-deps symlink_data
[1.095s] INFO:colcon.colcon_core.shell:Creating environment descriptor '/home/praveen/turtlesim_project/src/build/turtle_catch_them_all/share/turtle_catch_them_all/hook/pythonpath_develop.dsv'
[1.095s] INFO:colcon.colcon_core.shell:Creating environment hook '/home/praveen/turtlesim_project/src/build/turtle_catch_them_all/share/turtle_catch_them_all/hook/pythonpath_develop.sh'
[1.097s] Level 1:colcon.colcon_core.environment:checking '/home/praveen/turtlesim_project/src/install/turtle_catch_them_all' for CMake module files
[1.098s] Level 1:colcon.colcon_core.environment:checking '/home/praveen/turtlesim_project/src/install/turtle_catch_them_all' for CMake config files
[1.098s] Level 1:colcon.colcon_core.environment:checking '/home/praveen/turtlesim_project/src/install/turtle_catch_them_all/lib'
[1.098s] Level 1:colcon.colcon_core.environment:checking '/home/praveen/turtlesim_project/src/install/turtle_catch_them_all/bin'
[1.098s] Level 1:colcon.colcon_core.environment:checking '/home/praveen/turtlesim_project/src/install/turtle_catch_them_all/lib/pkgconfig/turtle_catch_them_all.pc'
[1.099s] Level 1:colcon.colcon_core.environment:checking '/home/praveen/turtlesim_project/src/install/turtle_catch_them_all/lib/python3.10/site-packages'
[1.099s] Level 1:colcon.colcon_core.shell:create_environment_hook('turtle_catch_them_all', 'pythonpath')
[1.099s] INFO:colcon.colcon_core.shell:Creating environment hook '/home/praveen/turtlesim_project/src/install/turtle_catch_them_all/share/turtle_catch_them_all/hook/pythonpath.ps1'
[1.099s] INFO:colcon.colcon_core.shell:Creating environment descriptor '/home/praveen/turtlesim_project/src/install/turtle_catch_them_all/share/turtle_catch_them_all/hook/pythonpath.dsv'
[1.099s] INFO:colcon.colcon_core.shell:Creating environment hook '/home/praveen/turtlesim_project/src/install/turtle_catch_them_all/share/turtle_catch_them_all/hook/pythonpath.sh'
[1.100s] Level 1:colcon.colcon_core.environment:checking '/home/praveen/turtlesim_project/src/install/turtle_catch_them_all/bin'
[1.100s] Level 1:colcon.colcon_core.environment:create_environment_scripts_only(turtle_catch_them_all)
[1.100s] INFO:colcon.colcon_core.shell:Creating package script '/home/praveen/turtlesim_project/src/install/turtle_catch_them_all/share/turtle_catch_them_all/package.ps1'
[1.101s] INFO:colcon.colcon_core.shell:Creating package descriptor '/home/praveen/turtlesim_project/src/install/turtle_catch_them_all/share/turtle_catch_them_all/package.dsv'
[1.101s] INFO:colcon.colcon_core.shell:Creating package script '/home/praveen/turtlesim_project/src/install/turtle_catch_them_all/share/turtle_catch_them_all/package.sh'
[1.102s] INFO:colcon.colcon_core.shell:Creating package script '/home/praveen/turtlesim_project/src/install/turtle_catch_them_all/share/turtle_catch_them_all/package.bash'
[1.102s] INFO:colcon.colcon_core.shell:Creating package script '/home/praveen/turtlesim_project/src/install/turtle_catch_them_all/share/turtle_catch_them_all/package.zsh'
[1.103s] Level 1:colcon.colcon_core.environment:create_file_with_runtime_dependencies(/home/praveen/turtlesim_project/src/install/turtle_catch_them_all/share/colcon-core/packages/turtle_catch_them_all)
[1.103s] DEBUG:colcon.colcon_parallel_executor.executor.parallel:closing loop
[1.103s] DEBUG:colcon.colcon_parallel_executor.executor.parallel:loop closed
[1.103s] DEBUG:colcon.colcon_parallel_executor.executor.parallel:run_until_complete finished with '0'
[1.103s] DEBUG:colcon.colcon_core.event_reactor:joining thread
[1.123s] INFO:colcon.colcon_core.plugin_system:Skipping extension 'colcon_notification.desktop_notification.terminal_notifier': Not used on non-Darwin systems
[1.124s] INFO:colcon.colcon_core.plugin_system:Skipping extension 'colcon_notification.desktop_notification.win32': Not used on non-Windows systems
[1.124s] INFO:colcon.colcon_notification.desktop_notification:Sending desktop notification using 'notify2'
[1.133s] DEBUG:colcon.colcon_core.event_reactor:joined thread
[1.134s] INFO:colcon.colcon_core.shell:Creating prefix script '/home/praveen/turtlesim_project/src/install/local_setup.ps1'
[1.135s] INFO:colcon.colcon_core.shell:Creating prefix util module '/home/praveen/turtlesim_project/src/install/_local_setup_util_ps1.py'
[1.136s] INFO:colcon.colcon_core.shell:Creating prefix chain script '/home/praveen/turtlesim_project/src/install/setup.ps1'
[1.137s] INFO:colcon.colcon_core.shell:Creating prefix script '/home/praveen/turtlesim_project/src/install/local_setup.sh'
[1.137s] INFO:colcon.colcon_core.shell:Creating prefix util module '/home/praveen/turtlesim_project/src/install/_local_setup_util_sh.py'
[1.138s] INFO:colcon.colcon_core.shell:Creating prefix chain script '/home/praveen/turtlesim_project/src/install/setup.sh'
[1.138s] INFO:colcon.colcon_core.shell:Creating prefix script '/home/praveen/turtlesim_project/src/install/local_setup.bash'
[1.139s] INFO:colcon.colcon_core.shell:Creating prefix chain script '/home/praveen/turtlesim_project/src/install/setup.bash'
[1.139s] INFO:colcon.colcon_core.shell:Creating prefix script '/home/praveen/turtlesim_project/src/install/local_setup.zsh'
[1.140s] INFO:colcon.colcon_core.shell:Creating prefix chain script '/home/praveen/turtlesim_project/src/install/setup.zsh'
