[0.009s] Invoking command in '/home/praveen/turtlesim_project/build/my_turtle_interface': CMAKE_PREFIX_PATH=${CMAKE_PREFIX_PATH}:/home/praveen/turtlesim_project/install/turtle_catch_them_all:/opt/ros/humble /usr/bin/cmake --build /home/praveen/turtlesim_project/build/my_turtle_interface -- -j12 -l12
[0.044s] [35m[1mConsolidate compiler generated dependencies of target my_turtle_interface__rosidl_generator_c[0m
[0.052s] [  1%] Built target my_turtle_interface__cpp
[0.054s] [ 12%] Built target my_turtle_interface__rosidl_generator_c
[0.060s] [ 12%] Built target ament_cmake_python_symlink_my_turtle_interface
[0.062s] [35m[1mConsolidate compiler generated dependencies of target my_turtle_interface__rosidl_typesupport_cpp[0m
[0.062s] [35m[1mConsolidate compiler generated dependencies of target my_turtle_interface__rosidl_typesupport_introspection_cpp[0m
[0.062s] [35m[1mConsolidate compiler generated dependencies of target my_turtle_interface__rosidl_typesupport_fastrtps_cpp[0m
[0.063s] [35m[1mConsolidate compiler generated dependencies of target my_turtle_interface__rosidl_typesupport_c[0m
[0.065s] [35m[1mConsolidate compiler generated dependencies of target my_turtle_interface__rosidl_typesupport_fastrtps_c[0m
[0.065s] [35m[1mConsolidate compiler generated dependencies of target my_turtle_interface__rosidl_typesupport_introspection_c[0m
[0.076s] [ 29%] Built target my_turtle_interface__rosidl_typesupport_cpp
[0.076s] [ 54%] Built target my_turtle_interface__rosidl_typesupport_introspection_c
[0.076s] [ 56%] Built target my_turtle_interface__rosidl_typesupport_c
[0.076s] [ 56%] Built target my_turtle_interface__rosidl_typesupport_introspection_cpp
[0.077s] [ 67%] Built target my_turtle_interface__rosidl_typesupport_fastrtps_cpp
[0.078s] [ 78%] Built target my_turtle_interface__rosidl_typesupport_fastrtps_c
[0.097s] [ 78%] Built target my_turtle_interface
[0.116s] [ 80%] Built target my_turtle_interface__py
[0.128s] [35m[1mConsolidate compiler generated dependencies of target my_turtle_interface__rosidl_generator_py[0m
[0.143s] [ 89%] Built target my_turtle_interface__rosidl_generator_py
[0.153s] [35m[1mConsolidate compiler generated dependencies of target my_turtle_interface__rosidl_typesupport_c__pyext[0m
[0.153s] [35m[1mConsolidate compiler generated dependencies of target my_turtle_interface__rosidl_typesupport_introspection_c__pyext[0m
[0.153s] [35m[1mConsolidate compiler generated dependencies of target my_turtle_interface__rosidl_typesupport_fastrtps_c__pyext[0m
[0.165s] [100%] Built target my_turtle_interface__rosidl_typesupport_introspection_c__pyext
[0.165s] [100%] Built target my_turtle_interface__rosidl_typesupport_c__pyext
[0.165s] [100%] Built target my_turtle_interface__rosidl_typesupport_fastrtps_c__pyext
[0.260s] running egg_info
[0.261s] writing my_turtle_interface.egg-info/PKG-INFO
[0.261s] writing dependency_links to my_turtle_interface.egg-info/dependency_links.txt
[0.261s] writing top-level names to my_turtle_interface.egg-info/top_level.txt
[0.262s] reading manifest file 'my_turtle_interface.egg-info/SOURCES.txt'
[0.263s] writing manifest file 'my_turtle_interface.egg-info/SOURCES.txt'
[0.286s] [100%] Built target ament_cmake_python_build_my_turtle_interface_egg
[0.296s] Invoked command in '/home/praveen/turtlesim_project/build/my_turtle_interface' returned '0': CMAKE_PREFIX_PATH=${CMAKE_PREFIX_PATH}:/home/praveen/turtlesim_project/install/turtle_catch_them_all:/opt/ros/humble /usr/bin/cmake --build /home/praveen/turtlesim_project/build/my_turtle_interface -- -j12 -l12
[0.417s] Invoking command in '/home/praveen/turtlesim_project/build/my_turtle_interface': CMAKE_PREFIX_PATH=${CMAKE_PREFIX_PATH}:/home/praveen/turtlesim_project/install/turtle_catch_them_all:/opt/ros/humble /usr/bin/cmake --install /home/praveen/turtlesim_project/build/my_turtle_interface
[0.423s] -- Install configuration: ""
[0.423s] -- Execute custom install script
[0.424s] -- Up-to-date symlink: /home/praveen/turtlesim_project/install/my_turtle_interface/share/ament_index/resource_index/rosidl_interfaces/my_turtle_interface
[0.424s] -- Up-to-date symlink: /home/praveen/turtlesim_project/install/my_turtle_interface/include/my_turtle_interface/my_turtle_interface/msg/detail/turtle_project__functions.h
[0.424s] -- Up-to-date symlink: /home/praveen/turtlesim_project/install/my_turtle_interface/include/my_turtle_interface/my_turtle_interface/msg/detail/turtle_project__struct.h
[0.424s] -- Up-to-date symlink: /home/praveen/turtlesim_project/install/my_turtle_interface/include/my_turtle_interface/my_turtle_interface/msg/detail/turtle_project__type_support.h
[0.424s] -- Up-to-date symlink: /home/praveen/turtlesim_project/install/my_turtle_interface/include/my_turtle_interface/my_turtle_interface/msg/detail/turtle_project_array__functions.h
[0.425s] -- Up-to-date symlink: /home/praveen/turtlesim_project/install/my_turtle_interface/include/my_turtle_interface/my_turtle_interface/msg/detail/turtle_project_array__struct.h
[0.425s] -- Up-to-date symlink: /home/praveen/turtlesim_project/install/my_turtle_interface/include/my_turtle_interface/my_turtle_interface/msg/detail/turtle_project_array__type_support.h
[0.425s] -- Up-to-date symlink: /home/praveen/turtlesim_project/install/my_turtle_interface/include/my_turtle_interface/my_turtle_interface/msg/rosidl_generator_c__visibility_control.h
[0.425s] -- Up-to-date symlink: /home/praveen/turtlesim_project/install/my_turtle_interface/include/my_turtle_interface/my_turtle_interface/msg/turtle_project.h
[0.425s] -- Up-to-date symlink: /home/praveen/turtlesim_project/install/my_turtle_interface/include/my_turtle_interface/my_turtle_interface/msg/turtle_project_array.h
[0.425s] -- Up-to-date symlink: /home/praveen/turtlesim_project/install/my_turtle_interface/include/my_turtle_interface/my_turtle_interface/srv/catch_turtle.h
[0.425s] -- Up-to-date symlink: /home/praveen/turtlesim_project/install/my_turtle_interface/include/my_turtle_interface/my_turtle_interface/srv/detail/catch_turtle__functions.h
[0.425s] -- Up-to-date symlink: /home/praveen/turtlesim_project/install/my_turtle_interface/include/my_turtle_interface/my_turtle_interface/srv/detail/catch_turtle__struct.h
[0.425s] -- Up-to-date symlink: /home/praveen/turtlesim_project/install/my_turtle_interface/include/my_turtle_interface/my_turtle_interface/srv/detail/catch_turtle__type_support.h
[0.425s] -- Up-to-date symlink: /home/praveen/turtlesim_project/install/my_turtle_interface/include/my_turtle_interface/my_turtle_interface/srv/detail/turtle_killer__functions.h
[0.425s] -- Up-to-date symlink: /home/praveen/turtlesim_project/install/my_turtle_interface/include/my_turtle_interface/my_turtle_interface/srv/detail/turtle_killer__struct.h
[0.426s] -- Up-to-date symlink: /home/praveen/turtlesim_project/install/my_turtle_interface/include/my_turtle_interface/my_turtle_interface/srv/detail/turtle_killer__type_support.h
[0.426s] -- Up-to-date symlink: /home/praveen/turtlesim_project/install/my_turtle_interface/include/my_turtle_interface/my_turtle_interface/srv/turtle_killer.h
[0.426s] -- Up-to-date symlink: /home/praveen/turtlesim_project/install/my_turtle_interface/share/my_turtle_interface/environment/library_path.sh
[0.426s] -- Up-to-date symlink: /home/praveen/turtlesim_project/install/my_turtle_interface/share/my_turtle_interface/environment/library_path.dsv
[0.426s] -- Up-to-date symlink: /home/praveen/turtlesim_project/install/my_turtle_interface/include/my_turtle_interface/my_turtle_interface/msg/detail/turtle_project__rosidl_typesupport_fastrtps_c.h
[0.426s] -- Up-to-date symlink: /home/praveen/turtlesim_project/install/my_turtle_interface/include/my_turtle_interface/my_turtle_interface/msg/detail/turtle_project_array__rosidl_typesupport_fastrtps_c.h
[0.426s] -- Up-to-date symlink: /home/praveen/turtlesim_project/install/my_turtle_interface/include/my_turtle_interface/my_turtle_interface/msg/rosidl_typesupport_fastrtps_c__visibility_control.h
[0.427s] -- Up-to-date symlink: /home/praveen/turtlesim_project/install/my_turtle_interface/include/my_turtle_interface/my_turtle_interface/srv/detail/catch_turtle__rosidl_typesupport_fastrtps_c.h
[0.427s] -- Up-to-date symlink: /home/praveen/turtlesim_project/install/my_turtle_interface/include/my_turtle_interface/my_turtle_interface/srv/detail/turtle_killer__rosidl_typesupport_fastrtps_c.h
[0.427s] -- Up-to-date symlink: /home/praveen/turtlesim_project/install/my_turtle_interface/include/my_turtle_interface/my_turtle_interface/msg/detail/turtle_project__rosidl_typesupport_introspection_c.h
[0.427s] -- Up-to-date symlink: /home/praveen/turtlesim_project/install/my_turtle_interface/include/my_turtle_interface/my_turtle_interface/msg/detail/turtle_project_array__rosidl_typesupport_introspection_c.h
[0.427s] -- Up-to-date symlink: /home/praveen/turtlesim_project/install/my_turtle_interface/include/my_turtle_interface/my_turtle_interface/msg/rosidl_typesupport_introspection_c__visibility_control.h
[0.427s] -- Up-to-date symlink: /home/praveen/turtlesim_project/install/my_turtle_interface/include/my_turtle_interface/my_turtle_interface/srv/detail/catch_turtle__rosidl_typesupport_introspection_c.h
[0.427s] -- Up-to-date symlink: /home/praveen/turtlesim_project/install/my_turtle_interface/include/my_turtle_interface/my_turtle_interface/srv/detail/turtle_killer__rosidl_typesupport_introspection_c.h
[0.428s] -- Up-to-date symlink: /home/praveen/turtlesim_project/install/my_turtle_interface/include/my_turtle_interface/my_turtle_interface/msg/detail/turtle_project__builder.hpp
[0.428s] -- Up-to-date symlink: /home/praveen/turtlesim_project/install/my_turtle_interface/include/my_turtle_interface/my_turtle_interface/msg/detail/turtle_project__struct.hpp
[0.428s] -- Up-to-date symlink: /home/praveen/turtlesim_project/install/my_turtle_interface/include/my_turtle_interface/my_turtle_interface/msg/detail/turtle_project__traits.hpp
[0.428s] -- Up-to-date symlink: /home/praveen/turtlesim_project/install/my_turtle_interface/include/my_turtle_interface/my_turtle_interface/msg/detail/turtle_project_array__builder.hpp
[0.428s] -- Up-to-date symlink: /home/praveen/turtlesim_project/install/my_turtle_interface/include/my_turtle_interface/my_turtle_interface/msg/detail/turtle_project_array__struct.hpp
[0.428s] -- Up-to-date symlink: /home/praveen/turtlesim_project/install/my_turtle_interface/include/my_turtle_interface/my_turtle_interface/msg/detail/turtle_project_array__traits.hpp
[0.428s] -- Up-to-date symlink: /home/praveen/turtlesim_project/install/my_turtle_interface/include/my_turtle_interface/my_turtle_interface/msg/turtle_project.hpp
[0.428s] -- Up-to-date symlink: /home/praveen/turtlesim_project/install/my_turtle_interface/include/my_turtle_interface/my_turtle_interface/msg/turtle_project_array.hpp
[0.428s] -- Up-to-date symlink: /home/praveen/turtlesim_project/install/my_turtle_interface/include/my_turtle_interface/my_turtle_interface/srv/catch_turtle.hpp
[0.429s] -- Up-to-date symlink: /home/praveen/turtlesim_project/install/my_turtle_interface/include/my_turtle_interface/my_turtle_interface/srv/detail/catch_turtle__builder.hpp
[0.429s] -- Up-to-date symlink: /home/praveen/turtlesim_project/install/my_turtle_interface/include/my_turtle_interface/my_turtle_interface/srv/detail/catch_turtle__struct.hpp
[0.429s] -- Up-to-date symlink: /home/praveen/turtlesim_project/install/my_turtle_interface/include/my_turtle_interface/my_turtle_interface/srv/detail/catch_turtle__traits.hpp
[0.429s] -- Up-to-date symlink: /home/praveen/turtlesim_project/install/my_turtle_interface/include/my_turtle_interface/my_turtle_interface/srv/detail/turtle_killer__builder.hpp
[0.429s] -- Up-to-date symlink: /home/praveen/turtlesim_project/install/my_turtle_interface/include/my_turtle_interface/my_turtle_interface/srv/detail/turtle_killer__struct.hpp
[0.429s] -- Up-to-date symlink: /home/praveen/turtlesim_project/install/my_turtle_interface/include/my_turtle_interface/my_turtle_interface/srv/detail/turtle_killer__traits.hpp
[0.429s] -- Up-to-date symlink: /home/praveen/turtlesim_project/install/my_turtle_interface/include/my_turtle_interface/my_turtle_interface/srv/turtle_killer.hpp
[0.430s] -- Up-to-date symlink: /home/praveen/turtlesim_project/install/my_turtle_interface/include/my_turtle_interface/my_turtle_interface/msg/detail/turtle_project__rosidl_typesupport_fastrtps_cpp.hpp
[0.430s] -- Up-to-date symlink: /home/praveen/turtlesim_project/install/my_turtle_interface/include/my_turtle_interface/my_turtle_interface/msg/detail/turtle_project_array__rosidl_typesupport_fastrtps_cpp.hpp
[0.430s] -- Up-to-date symlink: /home/praveen/turtlesim_project/install/my_turtle_interface/include/my_turtle_interface/my_turtle_interface/msg/rosidl_typesupport_fastrtps_cpp__visibility_control.h
[0.430s] -- Up-to-date symlink: /home/praveen/turtlesim_project/install/my_turtle_interface/include/my_turtle_interface/my_turtle_interface/srv/detail/catch_turtle__rosidl_typesupport_fastrtps_cpp.hpp
[0.430s] -- Up-to-date symlink: /home/praveen/turtlesim_project/install/my_turtle_interface/include/my_turtle_interface/my_turtle_interface/srv/detail/turtle_killer__rosidl_typesupport_fastrtps_cpp.hpp
[0.430s] -- Up-to-date symlink: /home/praveen/turtlesim_project/install/my_turtle_interface/include/my_turtle_interface/my_turtle_interface/msg/detail/turtle_project__rosidl_typesupport_introspection_cpp.hpp
[0.430s] -- Up-to-date symlink: /home/praveen/turtlesim_project/install/my_turtle_interface/include/my_turtle_interface/my_turtle_interface/msg/detail/turtle_project_array__rosidl_typesupport_introspection_cpp.hpp
[0.430s] -- Up-to-date symlink: /home/praveen/turtlesim_project/install/my_turtle_interface/include/my_turtle_interface/my_turtle_interface/srv/detail/catch_turtle__rosidl_typesupport_introspection_cpp.hpp
[0.431s] -- Up-to-date symlink: /home/praveen/turtlesim_project/install/my_turtle_interface/include/my_turtle_interface/my_turtle_interface/srv/detail/turtle_killer__rosidl_typesupport_introspection_cpp.hpp
[0.431s] -- Up-to-date symlink: /home/praveen/turtlesim_project/install/my_turtle_interface/share/my_turtle_interface/environment/pythonpath.sh
[0.431s] -- Up-to-date symlink: /home/praveen/turtlesim_project/install/my_turtle_interface/share/my_turtle_interface/environment/pythonpath.dsv
[0.431s] -- Up-to-date symlink: /home/praveen/turtlesim_project/install/my_turtle_interface/local/lib/python3.10/dist-packages/my_turtle_interface-0.0.0-py3.10.egg-info/PKG-INFO
[0.431s] -- Up-to-date symlink: /home/praveen/turtlesim_project/install/my_turtle_interface/local/lib/python3.10/dist-packages/my_turtle_interface-0.0.0-py3.10.egg-info/SOURCES.txt
[0.431s] -- Up-to-date symlink: /home/praveen/turtlesim_project/install/my_turtle_interface/local/lib/python3.10/dist-packages/my_turtle_interface-0.0.0-py3.10.egg-info/dependency_links.txt
[0.431s] -- Up-to-date symlink: /home/praveen/turtlesim_project/install/my_turtle_interface/local/lib/python3.10/dist-packages/my_turtle_interface-0.0.0-py3.10.egg-info/top_level.txt
[0.432s] -- Up-to-date symlink: /home/praveen/turtlesim_project/install/my_turtle_interface/local/lib/python3.10/dist-packages/my_turtle_interface/__init__.py
[0.432s] -- Up-to-date symlink: /home/praveen/turtlesim_project/install/my_turtle_interface/local/lib/python3.10/dist-packages/my_turtle_interface/_my_turtle_interface_s.ep.rosidl_typesupport_c.c
[0.432s] -- Up-to-date symlink: /home/praveen/turtlesim_project/install/my_turtle_interface/local/lib/python3.10/dist-packages/my_turtle_interface/_my_turtle_interface_s.ep.rosidl_typesupport_fastrtps_c.c
[0.432s] -- Up-to-date symlink: /home/praveen/turtlesim_project/install/my_turtle_interface/local/lib/python3.10/dist-packages/my_turtle_interface/_my_turtle_interface_s.ep.rosidl_typesupport_introspection_c.c
[0.432s] -- Up-to-date symlink: /home/praveen/turtlesim_project/install/my_turtle_interface/local/lib/python3.10/dist-packages/my_turtle_interface/libmy_turtle_interface__rosidl_generator_py.so
[0.432s] -- Up-to-date symlink: /home/praveen/turtlesim_project/install/my_turtle_interface/local/lib/python3.10/dist-packages/my_turtle_interface/msg/__init__.py
[0.432s] -- Up-to-date symlink: /home/praveen/turtlesim_project/install/my_turtle_interface/local/lib/python3.10/dist-packages/my_turtle_interface/msg/_turtle_project.py
[0.433s] -- Up-to-date symlink: /home/praveen/turtlesim_project/install/my_turtle_interface/local/lib/python3.10/dist-packages/my_turtle_interface/msg/_turtle_project_array.py
[0.433s] -- Up-to-date symlink: /home/praveen/turtlesim_project/install/my_turtle_interface/local/lib/python3.10/dist-packages/my_turtle_interface/msg/_turtle_project_array_s.c
[0.433s] -- Up-to-date symlink: /home/praveen/turtlesim_project/install/my_turtle_interface/local/lib/python3.10/dist-packages/my_turtle_interface/msg/_turtle_project_s.c
[0.433s] -- Up-to-date symlink: /home/praveen/turtlesim_project/install/my_turtle_interface/local/lib/python3.10/dist-packages/my_turtle_interface/my_turtle_interface_s__rosidl_typesupport_c.cpython-310-x86_64-linux-gnu.so
[0.433s] -- Up-to-date symlink: /home/praveen/turtlesim_project/install/my_turtle_interface/local/lib/python3.10/dist-packages/my_turtle_interface/my_turtle_interface_s__rosidl_typesupport_fastrtps_c.cpython-310-x86_64-linux-gnu.so
[0.433s] -- Up-to-date symlink: /home/praveen/turtlesim_project/install/my_turtle_interface/local/lib/python3.10/dist-packages/my_turtle_interface/my_turtle_interface_s__rosidl_typesupport_introspection_c.cpython-310-x86_64-linux-gnu.so
[0.433s] -- Up-to-date symlink: /home/praveen/turtlesim_project/install/my_turtle_interface/local/lib/python3.10/dist-packages/my_turtle_interface/srv/__init__.py
[0.433s] -- Up-to-date symlink: /home/praveen/turtlesim_project/install/my_turtle_interface/local/lib/python3.10/dist-packages/my_turtle_interface/srv/_catch_turtle.py
[0.433s] -- Up-to-date symlink: /home/praveen/turtlesim_project/install/my_turtle_interface/local/lib/python3.10/dist-packages/my_turtle_interface/srv/_catch_turtle_s.c
[0.433s] -- Up-to-date symlink: /home/praveen/turtlesim_project/install/my_turtle_interface/local/lib/python3.10/dist-packages/my_turtle_interface/srv/_turtle_killer.py
[0.433s] -- Up-to-date symlink: /home/praveen/turtlesim_project/install/my_turtle_interface/local/lib/python3.10/dist-packages/my_turtle_interface/srv/_turtle_killer_s.c
[0.434s] -- Up-to-date symlink: /home/praveen/turtlesim_project/install/my_turtle_interface/local/lib/python3.10/dist-packages/my_turtle_interface/my_turtle_interface_s__rosidl_typesupport_fastrtps_c.cpython-310-x86_64-linux-gnu.so
[0.434s] -- Up-to-date symlink: /home/praveen/turtlesim_project/install/my_turtle_interface/local/lib/python3.10/dist-packages/my_turtle_interface/my_turtle_interface_s__rosidl_typesupport_introspection_c.cpython-310-x86_64-linux-gnu.so
[0.434s] -- Up-to-date symlink: /home/praveen/turtlesim_project/install/my_turtle_interface/local/lib/python3.10/dist-packages/my_turtle_interface/my_turtle_interface_s__rosidl_typesupport_c.cpython-310-x86_64-linux-gnu.so
[0.434s] -- Up-to-date symlink: /home/praveen/turtlesim_project/install/my_turtle_interface/share/my_turtle_interface/msg/TurtleProject.idl
[0.434s] -- Up-to-date symlink: /home/praveen/turtlesim_project/install/my_turtle_interface/share/my_turtle_interface/msg/TurtleProjectArray.idl
[0.434s] -- Up-to-date symlink: /home/praveen/turtlesim_project/install/my_turtle_interface/share/my_turtle_interface/srv/TurtleKiller.idl
[0.434s] -- Up-to-date symlink: /home/praveen/turtlesim_project/install/my_turtle_interface/share/my_turtle_interface/srv/CatchTurtle.idl
[0.435s] -- Up-to-date symlink: /home/praveen/turtlesim_project/install/my_turtle_interface/share/my_turtle_interface/msg/TurtleProject.msg
[0.435s] -- Up-to-date symlink: /home/praveen/turtlesim_project/install/my_turtle_interface/share/my_turtle_interface/msg/TurtleProjectArray.msg
[0.435s] -- Up-to-date symlink: /home/praveen/turtlesim_project/install/my_turtle_interface/share/my_turtle_interface/srv/TurtleKiller.srv
[0.435s] -- Up-to-date symlink: /home/praveen/turtlesim_project/install/my_turtle_interface/share/my_turtle_interface/srv/TurtleKiller_Request.msg
[0.435s] -- Up-to-date symlink: /home/praveen/turtlesim_project/install/my_turtle_interface/share/my_turtle_interface/srv/TurtleKiller_Response.msg
[0.435s] -- Up-to-date symlink: /home/praveen/turtlesim_project/install/my_turtle_interface/share/my_turtle_interface/srv/CatchTurtle.srv
[0.435s] -- Up-to-date symlink: /home/praveen/turtlesim_project/install/my_turtle_interface/share/my_turtle_interface/srv/CatchTurtle_Request.msg
[0.435s] -- Up-to-date symlink: /home/praveen/turtlesim_project/install/my_turtle_interface/share/my_turtle_interface/srv/CatchTurtle_Response.msg
[0.435s] -- Up-to-date symlink: /home/praveen/turtlesim_project/install/my_turtle_interface/share/ament_index/resource_index/package_run_dependencies/my_turtle_interface
[0.436s] -- Up-to-date symlink: /home/praveen/turtlesim_project/install/my_turtle_interface/share/ament_index/resource_index/parent_prefix_path/my_turtle_interface
[0.436s] -- Up-to-date symlink: /home/praveen/turtlesim_project/install/my_turtle_interface/share/my_turtle_interface/environment/ament_prefix_path.sh
[0.436s] -- Up-to-date symlink: /home/praveen/turtlesim_project/install/my_turtle_interface/share/my_turtle_interface/environment/ament_prefix_path.dsv
[0.436s] -- Up-to-date symlink: /home/praveen/turtlesim_project/install/my_turtle_interface/share/my_turtle_interface/environment/path.sh
[0.436s] -- Up-to-date symlink: /home/praveen/turtlesim_project/install/my_turtle_interface/share/my_turtle_interface/environment/path.dsv
[0.436s] -- Up-to-date symlink: /home/praveen/turtlesim_project/install/my_turtle_interface/share/my_turtle_interface/local_setup.bash
[0.436s] -- Up-to-date symlink: /home/praveen/turtlesim_project/install/my_turtle_interface/share/my_turtle_interface/local_setup.sh
[0.436s] -- Up-to-date symlink: /home/praveen/turtlesim_project/install/my_turtle_interface/share/my_turtle_interface/local_setup.zsh
[0.436s] -- Up-to-date symlink: /home/praveen/turtlesim_project/install/my_turtle_interface/share/my_turtle_interface/local_setup.dsv
[0.437s] -- Symlinking: /home/praveen/turtlesim_project/install/my_turtle_interface/share/my_turtle_interface/package.dsv
[0.445s] -- Up-to-date symlink: /home/praveen/turtlesim_project/install/my_turtle_interface/share/ament_index/resource_index/packages/my_turtle_interface
[0.445s] -- Up-to-date symlink: /home/praveen/turtlesim_project/install/my_turtle_interface/share/my_turtle_interface/cmake/rosidl_cmake-extras.cmake
[0.445s] -- Up-to-date symlink: /home/praveen/turtlesim_project/install/my_turtle_interface/share/my_turtle_interface/cmake/ament_cmake_export_include_directories-extras.cmake
[0.445s] -- Up-to-date symlink: /home/praveen/turtlesim_project/install/my_turtle_interface/share/my_turtle_interface/cmake/ament_cmake_export_libraries-extras.cmake
[0.445s] -- Up-to-date symlink: /home/praveen/turtlesim_project/install/my_turtle_interface/share/my_turtle_interface/cmake/ament_cmake_export_targets-extras.cmake
[0.446s] -- Up-to-date symlink: /home/praveen/turtlesim_project/install/my_turtle_interface/share/my_turtle_interface/cmake/rosidl_cmake_export_typesupport_targets-extras.cmake
[0.446s] -- Up-to-date symlink: /home/praveen/turtlesim_project/install/my_turtle_interface/share/my_turtle_interface/cmake/ament_cmake_export_dependencies-extras.cmake
[0.446s] -- Up-to-date symlink: /home/praveen/turtlesim_project/install/my_turtle_interface/share/my_turtle_interface/cmake/rosidl_cmake_export_typesupport_libraries-extras.cmake
[0.446s] -- Up-to-date symlink: /home/praveen/turtlesim_project/install/my_turtle_interface/share/my_turtle_interface/cmake/my_turtle_interfaceConfig.cmake
[0.446s] -- Up-to-date symlink: /home/praveen/turtlesim_project/install/my_turtle_interface/share/my_turtle_interface/cmake/my_turtle_interfaceConfig-version.cmake
[0.446s] -- Up-to-date symlink: /home/praveen/turtlesim_project/install/my_turtle_interface/share/my_turtle_interface/package.xml
[0.446s] -- Up-to-date: /home/praveen/turtlesim_project/install/my_turtle_interface/lib/libmy_turtle_interface__rosidl_generator_c.so
[0.447s] -- Up-to-date: /home/praveen/turtlesim_project/install/my_turtle_interface/lib/libmy_turtle_interface__rosidl_typesupport_fastrtps_c.so
[0.447s] -- Up-to-date: /home/praveen/turtlesim_project/install/my_turtle_interface/lib/libmy_turtle_interface__rosidl_typesupport_introspection_c.so
[0.447s] -- Up-to-date: /home/praveen/turtlesim_project/install/my_turtle_interface/lib/libmy_turtle_interface__rosidl_typesupport_c.so
[0.447s] -- Up-to-date: /home/praveen/turtlesim_project/install/my_turtle_interface/lib/libmy_turtle_interface__rosidl_typesupport_fastrtps_cpp.so
[0.447s] -- Up-to-date: /home/praveen/turtlesim_project/install/my_turtle_interface/lib/libmy_turtle_interface__rosidl_typesupport_introspection_cpp.so
[0.448s] -- Up-to-date: /home/praveen/turtlesim_project/install/my_turtle_interface/lib/libmy_turtle_interface__rosidl_typesupport_cpp.so
[0.472s] Listing '/home/praveen/turtlesim_project/install/my_turtle_interface/local/lib/python3.10/dist-packages/my_turtle_interface'...
[0.472s] Listing '/home/praveen/turtlesim_project/install/my_turtle_interface/local/lib/python3.10/dist-packages/my_turtle_interface/msg'...
[0.472s] Listing '/home/praveen/turtlesim_project/install/my_turtle_interface/local/lib/python3.10/dist-packages/my_turtle_interface/srv'...
[0.475s] -- Up-to-date: /home/praveen/turtlesim_project/install/my_turtle_interface/lib/libmy_turtle_interface__rosidl_generator_py.so
[0.476s] -- Up-to-date: /home/praveen/turtlesim_project/install/my_turtle_interface/share/my_turtle_interface/cmake/export_my_turtle_interface__rosidl_generator_cExport.cmake
[0.476s] -- Up-to-date: /home/praveen/turtlesim_project/install/my_turtle_interface/share/my_turtle_interface/cmake/export_my_turtle_interface__rosidl_generator_cExport-noconfig.cmake
[0.476s] -- Up-to-date: /home/praveen/turtlesim_project/install/my_turtle_interface/share/my_turtle_interface/cmake/export_my_turtle_interface__rosidl_typesupport_fastrtps_cExport.cmake
[0.476s] -- Up-to-date: /home/praveen/turtlesim_project/install/my_turtle_interface/share/my_turtle_interface/cmake/export_my_turtle_interface__rosidl_typesupport_fastrtps_cExport-noconfig.cmake
[0.476s] -- Up-to-date: /home/praveen/turtlesim_project/install/my_turtle_interface/share/my_turtle_interface/cmake/my_turtle_interface__rosidl_typesupport_introspection_cExport.cmake
[0.476s] -- Up-to-date: /home/praveen/turtlesim_project/install/my_turtle_interface/share/my_turtle_interface/cmake/my_turtle_interface__rosidl_typesupport_introspection_cExport-noconfig.cmake
[0.476s] -- Up-to-date: /home/praveen/turtlesim_project/install/my_turtle_interface/share/my_turtle_interface/cmake/my_turtle_interface__rosidl_typesupport_cExport.cmake
[0.476s] -- Up-to-date: /home/praveen/turtlesim_project/install/my_turtle_interface/share/my_turtle_interface/cmake/my_turtle_interface__rosidl_typesupport_cExport-noconfig.cmake
[0.476s] -- Up-to-date: /home/praveen/turtlesim_project/install/my_turtle_interface/share/my_turtle_interface/cmake/export_my_turtle_interface__rosidl_generator_cppExport.cmake
[0.477s] -- Up-to-date: /home/praveen/turtlesim_project/install/my_turtle_interface/share/my_turtle_interface/cmake/export_my_turtle_interface__rosidl_typesupport_fastrtps_cppExport.cmake
[0.477s] -- Up-to-date: /home/praveen/turtlesim_project/install/my_turtle_interface/share/my_turtle_interface/cmake/export_my_turtle_interface__rosidl_typesupport_fastrtps_cppExport-noconfig.cmake
[0.477s] -- Up-to-date: /home/praveen/turtlesim_project/install/my_turtle_interface/share/my_turtle_interface/cmake/my_turtle_interface__rosidl_typesupport_introspection_cppExport.cmake
[0.477s] -- Up-to-date: /home/praveen/turtlesim_project/install/my_turtle_interface/share/my_turtle_interface/cmake/my_turtle_interface__rosidl_typesupport_introspection_cppExport-noconfig.cmake
[0.477s] -- Up-to-date: /home/praveen/turtlesim_project/install/my_turtle_interface/share/my_turtle_interface/cmake/my_turtle_interface__rosidl_typesupport_cppExport.cmake
[0.477s] -- Up-to-date: /home/praveen/turtlesim_project/install/my_turtle_interface/share/my_turtle_interface/cmake/my_turtle_interface__rosidl_typesupport_cppExport-noconfig.cmake
[0.477s] -- Up-to-date: /home/praveen/turtlesim_project/install/my_turtle_interface/share/my_turtle_interface/cmake/export_my_turtle_interface__rosidl_generator_pyExport.cmake
[0.477s] -- Up-to-date: /home/praveen/turtlesim_project/install/my_turtle_interface/share/my_turtle_interface/cmake/export_my_turtle_interface__rosidl_generator_pyExport-noconfig.cmake
[0.479s] Invoked command in '/home/praveen/turtlesim_project/build/my_turtle_interface' returned '0': CMAKE_PREFIX_PATH=${CMAKE_PREFIX_PATH}:/home/praveen/turtlesim_project/install/turtle_catch_them_all:/opt/ros/humble /usr/bin/cmake --install /home/praveen/turtlesim_project/build/my_turtle_interface
