[0.011s] Invoking command in '/home/praveen/turtlesim_project/build/my_turtle_interface': CMAKE_PREFIX_PATH=${CMAKE_PREFIX_PATH}:/home/praveen/turtlesim_project/install/turtle_catch_them_all:/opt/ros/humble /usr/bin/cmake --build /home/praveen/turtlesim_project/build/my_turtle_interface -- -j12 -l12
[0.052s] -- Found ament_cmake: 1.3.9 (/opt/ros/humble/share/ament_cmake/cmake)
[0.152s] -- Override CMake install command with custom implementation using symlinks instead of copying resources
[0.166s] -- Found rosidl_default_generators: 1.2.0 (/opt/ros/humble/share/rosidl_default_generators/cmake)
[0.169s] -- Using all available rosidl_typesupport_c: rosidl_typesupport_fastrtps_c;rosidl_typesupport_introspection_c
[0.172s] -- Found rosidl_adapter: 3.1.5 (/opt/ros/humble/share/rosidl_adapter/cmake)
[0.204s] -- Using all available rosidl_typesupport_cpp: rosidl_typesupport_fastrtps_cpp;rosidl_typesupport_introspection_cpp
[0.423s] -- Found ament_cmake_ros: 0.10.0 (/opt/ros/humble/share/ament_cmake_ros/cmake)
[0.573s] -- Using all available rosidl_typesupport_c: rosidl_typesupport_fastrtps_c;rosidl_typesupport_introspection_c
[0.768s] -- Using all available rosidl_typesupport_cpp: rosidl_typesupport_fastrtps_cpp;rosidl_typesupport_introspection_cpp
[0.787s] -- Found python_cmake_module: 0.10.0 (/opt/ros/humble/share/python_cmake_module/cmake)
[0.805s] -- Using PYTHON_EXECUTABLE: /usr/bin/python3
[0.805s] -- Using PYTHON_INCLUDE_DIRS: /usr/include/python3.10
[0.806s] -- Using PYTHON_LIBRARIES: /usr/lib/x86_64-linux-gnu/libpython3.10.so
[0.826s] -- Configuring done
[0.869s] -- Generating done
[0.872s] -- Build files have been written to: /home/praveen/turtlesim_project/build/my_turtle_interface
[0.900s] [  2%] [34m[1mGenerating C code for ROS interfaces[0m
[0.910s] [  5%] [34m[1mGenerating C++ code for ROS interfaces[0m
[0.918s] [  5%] Built target ament_cmake_python_symlink_my_turtle_interface
[1.145s] [35m[1mConsolidate compiler generated dependencies of target my_turtle_interface__rosidl_generator_c[0m
[1.150s] running egg_info
[1.150s] writing my_turtle_interface.egg-info/PKG-INFO
[1.151s] writing dependency_links to my_turtle_interface.egg-info/dependency_links.txt
[1.151s] writing top-level names to my_turtle_interface.egg-info/top_level.txt
[1.153s] reading manifest file 'my_turtle_interface.egg-info/SOURCES.txt'
[1.154s] writing manifest file 'my_turtle_interface.egg-info/SOURCES.txt'
[1.154s] [  5%] Built target my_turtle_interface__cpp
[1.157s] [ 10%] [32mBuilding C object CMakeFiles/my_turtle_interface__rosidl_generator_c.dir/rosidl_generator_c/my_turtle_interface/msg/detail/turtle_project__functions.c.o[0m
[1.157s] [ 10%] [32mBuilding C object CMakeFiles/my_turtle_interface__rosidl_generator_c.dir/rosidl_generator_c/my_turtle_interface/msg/detail/turtle_project_array__functions.c.o[0m
[1.166s] [ 17%] [34m[1mGenerating C++ type support for eProsima Fast-RTPS[0m
[1.166s] [ 17%] [34m[1mGenerating C++ introspection for ROS interfaces[0m
[1.167s] [ 17%] [34m[1mGenerating C++ type support dispatch for ROS interfaces[0m
[1.195s] [ 17%] Built target ament_cmake_python_build_my_turtle_interface_egg
[1.222s] [ 20%] [32m[1mLinking C shared library libmy_turtle_interface__rosidl_generator_c.so[0m
[1.264s] [ 20%] Built target my_turtle_interface__rosidl_generator_c
[1.275s] [ 28%] [34m[1mGenerating C type support for eProsima Fast-RTPS[0m
[1.275s] [ 28%] [34m[1mGenerating C type support dispatch for ROS interfaces[0m
[1.275s] [ 28%] [34m[1mGenerating C introspection for ROS interfaces[0m
[1.371s] [35m[1mConsolidate compiler generated dependencies of target my_turtle_interface__rosidl_typesupport_cpp[0m
[1.389s] [ 33%] [32mBuilding CXX object CMakeFiles/my_turtle_interface__rosidl_typesupport_cpp.dir/rosidl_typesupport_cpp/my_turtle_interface/msg/turtle_project__type_support.cpp.o[0m
[1.389s] [ 33%] [32mBuilding CXX object CMakeFiles/my_turtle_interface__rosidl_typesupport_cpp.dir/rosidl_typesupport_cpp/my_turtle_interface/msg/turtle_project_array__type_support.cpp.o[0m
[1.400s] [35m[1mConsolidate compiler generated dependencies of target my_turtle_interface__rosidl_typesupport_introspection_cpp[0m
[1.401s] [35m[1mConsolidate compiler generated dependencies of target my_turtle_interface__rosidl_typesupport_fastrtps_cpp[0m
[1.417s] [ 35%] [32mBuilding CXX object CMakeFiles/my_turtle_interface__rosidl_typesupport_introspection_cpp.dir/rosidl_typesupport_introspection_cpp/my_turtle_interface/msg/detail/turtle_project__type_support.cpp.o[0m
[1.417s] [ 38%] [32mBuilding CXX object CMakeFiles/my_turtle_interface__rosidl_typesupport_introspection_cpp.dir/rosidl_typesupport_introspection_cpp/my_turtle_interface/msg/detail/turtle_project_array__type_support.cpp.o[0m
[1.417s] [ 41%] [32mBuilding CXX object CMakeFiles/my_turtle_interface__rosidl_typesupport_fastrtps_cpp.dir/rosidl_typesupport_fastrtps_cpp/my_turtle_interface/msg/detail/dds_fastrtps/turtle_project__type_support.cpp.o[0m
[1.420s] [ 43%] [32mBuilding CXX object CMakeFiles/my_turtle_interface__rosidl_typesupport_fastrtps_cpp.dir/rosidl_typesupport_fastrtps_cpp/my_turtle_interface/msg/detail/dds_fastrtps/turtle_project_array__type_support.cpp.o[0m
[1.543s] [35m[1mConsolidate compiler generated dependencies of target my_turtle_interface__rosidl_typesupport_c[0m
[1.554s] [35m[1mConsolidate compiler generated dependencies of target my_turtle_interface__rosidl_typesupport_introspection_c[0m
[1.561s] [ 48%] [32mBuilding CXX object CMakeFiles/my_turtle_interface__rosidl_typesupport_c.dir/rosidl_typesupport_c/my_turtle_interface/msg/turtle_project__type_support.cpp.o[0m
[1.561s] [ 48%] [32mBuilding CXX object CMakeFiles/my_turtle_interface__rosidl_typesupport_c.dir/rosidl_typesupport_c/my_turtle_interface/msg/turtle_project_array__type_support.cpp.o[0m
[1.573s] [ 53%] [32mBuilding C object CMakeFiles/my_turtle_interface__rosidl_typesupport_introspection_c.dir/rosidl_typesupport_introspection_c/my_turtle_interface/msg/detail/turtle_project_array__type_support.c.o[0m
[1.573s] [ 53%] [32mBuilding C object CMakeFiles/my_turtle_interface__rosidl_typesupport_introspection_c.dir/rosidl_typesupport_introspection_c/my_turtle_interface/msg/detail/turtle_project__type_support.c.o[0m
[1.610s] [ 56%] [32m[1mLinking CXX shared library libmy_turtle_interface__rosidl_typesupport_c.so[0m
[1.624s] [ 58%] [32m[1mLinking C shared library libmy_turtle_interface__rosidl_typesupport_introspection_c.so[0m
[1.625s] [35m[1mConsolidate compiler generated dependencies of target my_turtle_interface__rosidl_typesupport_fastrtps_c[0m
[1.649s] [ 64%] [32mBuilding CXX object CMakeFiles/my_turtle_interface__rosidl_typesupport_fastrtps_c.dir/rosidl_typesupport_fastrtps_c/my_turtle_interface/msg/detail/turtle_project_array__type_support_c.cpp.o[0m
[1.649s] [ 64%] [32mBuilding CXX object CMakeFiles/my_turtle_interface__rosidl_typesupport_fastrtps_c.dir/rosidl_typesupport_fastrtps_c/my_turtle_interface/msg/detail/turtle_project__type_support_c.cpp.o[0m
[1.668s] [ 64%] Built target my_turtle_interface__rosidl_typesupport_c
[1.681s] [ 64%] Built target my_turtle_interface__rosidl_typesupport_introspection_c
[1.784s] [ 66%] [32m[1mLinking CXX shared library libmy_turtle_interface__rosidl_typesupport_cpp.so[0m
[1.826s] [ 66%] Built target my_turtle_interface__rosidl_typesupport_cpp
[1.884s] [ 69%] [32m[1mLinking CXX shared library libmy_turtle_interface__rosidl_typesupport_introspection_cpp.so[0m
[1.908s] [ 71%] [32m[1mLinking CXX shared library libmy_turtle_interface__rosidl_typesupport_fastrtps_cpp.so[0m
[1.950s] [ 71%] Built target my_turtle_interface__rosidl_typesupport_introspection_cpp
[1.973s] [ 71%] Built target my_turtle_interface__rosidl_typesupport_fastrtps_cpp
[2.016s] [ 74%] [32m[1mLinking CXX shared library libmy_turtle_interface__rosidl_typesupport_fastrtps_c.so[0m
[2.076s] [ 74%] Built target my_turtle_interface__rosidl_typesupport_fastrtps_c
[2.094s] [ 74%] Built target my_turtle_interface
[2.114s] [ 76%] [34m[1mGenerating Python code for ROS interfaces[0m
[2.369s] [ 76%] Built target my_turtle_interface__py
[2.379s] [35m[1mConsolidate compiler generated dependencies of target my_turtle_interface__rosidl_generator_py[0m
[2.391s] [ 79%] [32mBuilding C object CMakeFiles/my_turtle_interface__rosidl_generator_py.dir/rosidl_generator_py/my_turtle_interface/msg/_turtle_project_s.c.o[0m
[2.391s] [ 82%] [32mBuilding C object CMakeFiles/my_turtle_interface__rosidl_generator_py.dir/rosidl_generator_py/my_turtle_interface/msg/_turtle_project_array_s.c.o[0m
[2.484s] [ 84%] [32m[1mLinking C shared library rosidl_generator_py/my_turtle_interface/libmy_turtle_interface__rosidl_generator_py.so[0m
[2.518s] [ 84%] Built target my_turtle_interface__rosidl_generator_py
[2.527s] [35m[1mConsolidate compiler generated dependencies of target my_turtle_interface__rosidl_typesupport_c__pyext[0m
[2.527s] [35m[1mConsolidate compiler generated dependencies of target my_turtle_interface__rosidl_typesupport_fastrtps_c__pyext[0m
[2.527s] [35m[1mConsolidate compiler generated dependencies of target my_turtle_interface__rosidl_typesupport_introspection_c__pyext[0m
[2.539s] [ 92%] [32mBuilding C object CMakeFiles/my_turtle_interface__rosidl_typesupport_fastrtps_c__pyext.dir/rosidl_generator_py/my_turtle_interface/_my_turtle_interface_s.ep.rosidl_typesupport_fastrtps_c.c.o[0m
[2.539s] [ 92%] [32mBuilding C object CMakeFiles/my_turtle_interface__rosidl_typesupport_c__pyext.dir/rosidl_generator_py/my_turtle_interface/_my_turtle_interface_s.ep.rosidl_typesupport_c.c.o[0m
[2.539s] [ 92%] [32mBuilding C object CMakeFiles/my_turtle_interface__rosidl_typesupport_introspection_c__pyext.dir/rosidl_generator_py/my_turtle_interface/_my_turtle_interface_s.ep.rosidl_typesupport_introspection_c.c.o[0m
[2.611s] [ 97%] [32m[1mLinking C shared library rosidl_generator_py/my_turtle_interface/my_turtle_interface_s__rosidl_typesupport_introspection_c.cpython-310-x86_64-linux-gnu.so[0m
[2.611s] [ 97%] [32m[1mLinking C shared library rosidl_generator_py/my_turtle_interface/my_turtle_interface_s__rosidl_typesupport_c.cpython-310-x86_64-linux-gnu.so[0m
[2.616s] [100%] [32m[1mLinking C shared library rosidl_generator_py/my_turtle_interface/my_turtle_interface_s__rosidl_typesupport_fastrtps_c.cpython-310-x86_64-linux-gnu.so[0m
[2.640s] [100%] Built target my_turtle_interface__rosidl_typesupport_c__pyext
[2.640s] [100%] Built target my_turtle_interface__rosidl_typesupport_introspection_c__pyext
[2.646s] [100%] Built target my_turtle_interface__rosidl_typesupport_fastrtps_c__pyext
[2.658s] Invoked command in '/home/praveen/turtlesim_project/build/my_turtle_interface' returned '0': CMAKE_PREFIX_PATH=${CMAKE_PREFIX_PATH}:/home/praveen/turtlesim_project/install/turtle_catch_them_all:/opt/ros/humble /usr/bin/cmake --build /home/praveen/turtlesim_project/build/my_turtle_interface -- -j12 -l12
[2.744s] Invoking command in '/home/praveen/turtlesim_project/build/my_turtle_interface': CMAKE_PREFIX_PATH=${CMAKE_PREFIX_PATH}:/home/praveen/turtlesim_project/install/turtle_catch_them_all:/opt/ros/humble /usr/bin/cmake --install /home/praveen/turtlesim_project/build/my_turtle_interface
[2.751s] -- Install configuration: ""
[2.752s] -- Execute custom install script
[2.752s] -- Up-to-date symlink: /home/praveen/turtlesim_project/install/my_turtle_interface/share/ament_index/resource_index/rosidl_interfaces/my_turtle_interface
[2.753s] -- Up-to-date symlink: /home/praveen/turtlesim_project/install/my_turtle_interface/include/my_turtle_interface/my_turtle_interface/msg/detail/turtle_project__functions.h
[2.753s] -- Up-to-date symlink: /home/praveen/turtlesim_project/install/my_turtle_interface/include/my_turtle_interface/my_turtle_interface/msg/detail/turtle_project__struct.h
[2.753s] -- Up-to-date symlink: /home/praveen/turtlesim_project/install/my_turtle_interface/include/my_turtle_interface/my_turtle_interface/msg/detail/turtle_project__type_support.h
[2.754s] -- Up-to-date symlink: /home/praveen/turtlesim_project/install/my_turtle_interface/include/my_turtle_interface/my_turtle_interface/msg/detail/turtle_project_array__functions.h
[2.754s] -- Up-to-date symlink: /home/praveen/turtlesim_project/install/my_turtle_interface/include/my_turtle_interface/my_turtle_interface/msg/detail/turtle_project_array__struct.h
[2.754s] -- Up-to-date symlink: /home/praveen/turtlesim_project/install/my_turtle_interface/include/my_turtle_interface/my_turtle_interface/msg/detail/turtle_project_array__type_support.h
[2.754s] -- Up-to-date symlink: /home/praveen/turtlesim_project/install/my_turtle_interface/include/my_turtle_interface/my_turtle_interface/msg/rosidl_generator_c__visibility_control.h
[2.755s] -- Up-to-date symlink: /home/praveen/turtlesim_project/install/my_turtle_interface/include/my_turtle_interface/my_turtle_interface/msg/turtle_project.h
[2.755s] -- Up-to-date symlink: /home/praveen/turtlesim_project/install/my_turtle_interface/include/my_turtle_interface/my_turtle_interface/msg/turtle_project_array.h
[2.755s] -- Up-to-date symlink: /home/praveen/turtlesim_project/install/my_turtle_interface/share/my_turtle_interface/environment/library_path.sh
[2.755s] -- Up-to-date symlink: /home/praveen/turtlesim_project/install/my_turtle_interface/share/my_turtle_interface/environment/library_path.dsv
[2.756s] -- Up-to-date symlink: /home/praveen/turtlesim_project/install/my_turtle_interface/include/my_turtle_interface/my_turtle_interface/msg/detail/turtle_project__rosidl_typesupport_fastrtps_c.h
[2.756s] -- Up-to-date symlink: /home/praveen/turtlesim_project/install/my_turtle_interface/include/my_turtle_interface/my_turtle_interface/msg/detail/turtle_project_array__rosidl_typesupport_fastrtps_c.h
[2.756s] -- Up-to-date symlink: /home/praveen/turtlesim_project/install/my_turtle_interface/include/my_turtle_interface/my_turtle_interface/msg/rosidl_typesupport_fastrtps_c__visibility_control.h
[2.756s] -- Up-to-date symlink: /home/praveen/turtlesim_project/install/my_turtle_interface/include/my_turtle_interface/my_turtle_interface/msg/detail/turtle_project__rosidl_typesupport_introspection_c.h
[2.757s] -- Up-to-date symlink: /home/praveen/turtlesim_project/install/my_turtle_interface/include/my_turtle_interface/my_turtle_interface/msg/detail/turtle_project_array__rosidl_typesupport_introspection_c.h
[2.757s] -- Up-to-date symlink: /home/praveen/turtlesim_project/install/my_turtle_interface/include/my_turtle_interface/my_turtle_interface/msg/rosidl_typesupport_introspection_c__visibility_control.h
[2.757s] -- Up-to-date symlink: /home/praveen/turtlesim_project/install/my_turtle_interface/include/my_turtle_interface/my_turtle_interface/msg/detail/turtle_project__builder.hpp
[2.757s] -- Up-to-date symlink: /home/praveen/turtlesim_project/install/my_turtle_interface/include/my_turtle_interface/my_turtle_interface/msg/detail/turtle_project__struct.hpp
[2.758s] -- Up-to-date symlink: /home/praveen/turtlesim_project/install/my_turtle_interface/include/my_turtle_interface/my_turtle_interface/msg/detail/turtle_project__traits.hpp
[2.758s] -- Up-to-date symlink: /home/praveen/turtlesim_project/install/my_turtle_interface/include/my_turtle_interface/my_turtle_interface/msg/detail/turtle_project_array__builder.hpp
[2.758s] -- Up-to-date symlink: /home/praveen/turtlesim_project/install/my_turtle_interface/include/my_turtle_interface/my_turtle_interface/msg/detail/turtle_project_array__struct.hpp
[2.758s] -- Up-to-date symlink: /home/praveen/turtlesim_project/install/my_turtle_interface/include/my_turtle_interface/my_turtle_interface/msg/detail/turtle_project_array__traits.hpp
[2.759s] -- Up-to-date symlink: /home/praveen/turtlesim_project/install/my_turtle_interface/include/my_turtle_interface/my_turtle_interface/msg/turtle_project.hpp
[2.759s] -- Up-to-date symlink: /home/praveen/turtlesim_project/install/my_turtle_interface/include/my_turtle_interface/my_turtle_interface/msg/turtle_project_array.hpp
[2.759s] -- Up-to-date symlink: /home/praveen/turtlesim_project/install/my_turtle_interface/include/my_turtle_interface/my_turtle_interface/msg/detail/turtle_project__rosidl_typesupport_fastrtps_cpp.hpp
[2.759s] -- Up-to-date symlink: /home/praveen/turtlesim_project/install/my_turtle_interface/include/my_turtle_interface/my_turtle_interface/msg/detail/turtle_project_array__rosidl_typesupport_fastrtps_cpp.hpp
[2.760s] -- Up-to-date symlink: /home/praveen/turtlesim_project/install/my_turtle_interface/include/my_turtle_interface/my_turtle_interface/msg/rosidl_typesupport_fastrtps_cpp__visibility_control.h
[2.760s] -- Up-to-date symlink: /home/praveen/turtlesim_project/install/my_turtle_interface/include/my_turtle_interface/my_turtle_interface/msg/detail/turtle_project__rosidl_typesupport_introspection_cpp.hpp
[2.760s] -- Up-to-date symlink: /home/praveen/turtlesim_project/install/my_turtle_interface/include/my_turtle_interface/my_turtle_interface/msg/detail/turtle_project_array__rosidl_typesupport_introspection_cpp.hpp
[2.761s] -- Up-to-date symlink: /home/praveen/turtlesim_project/install/my_turtle_interface/share/my_turtle_interface/environment/pythonpath.sh
[2.761s] -- Up-to-date symlink: /home/praveen/turtlesim_project/install/my_turtle_interface/share/my_turtle_interface/environment/pythonpath.dsv
[2.761s] -- Up-to-date symlink: /home/praveen/turtlesim_project/install/my_turtle_interface/local/lib/python3.10/dist-packages/my_turtle_interface-0.0.0-py3.10.egg-info/PKG-INFO
[2.761s] -- Up-to-date symlink: /home/praveen/turtlesim_project/install/my_turtle_interface/local/lib/python3.10/dist-packages/my_turtle_interface-0.0.0-py3.10.egg-info/SOURCES.txt
[2.761s] -- Up-to-date symlink: /home/praveen/turtlesim_project/install/my_turtle_interface/local/lib/python3.10/dist-packages/my_turtle_interface-0.0.0-py3.10.egg-info/dependency_links.txt
[2.761s] -- Up-to-date symlink: /home/praveen/turtlesim_project/install/my_turtle_interface/local/lib/python3.10/dist-packages/my_turtle_interface-0.0.0-py3.10.egg-info/top_level.txt
[2.762s] -- Up-to-date symlink: /home/praveen/turtlesim_project/install/my_turtle_interface/local/lib/python3.10/dist-packages/my_turtle_interface/__init__.py
[2.762s] -- Up-to-date symlink: /home/praveen/turtlesim_project/install/my_turtle_interface/local/lib/python3.10/dist-packages/my_turtle_interface/_my_turtle_interface_s.ep.rosidl_typesupport_c.c
[2.762s] -- Up-to-date symlink: /home/praveen/turtlesim_project/install/my_turtle_interface/local/lib/python3.10/dist-packages/my_turtle_interface/_my_turtle_interface_s.ep.rosidl_typesupport_fastrtps_c.c
[2.762s] -- Up-to-date symlink: /home/praveen/turtlesim_project/install/my_turtle_interface/local/lib/python3.10/dist-packages/my_turtle_interface/_my_turtle_interface_s.ep.rosidl_typesupport_introspection_c.c
[2.762s] -- Up-to-date symlink: /home/praveen/turtlesim_project/install/my_turtle_interface/local/lib/python3.10/dist-packages/my_turtle_interface/libmy_turtle_interface__rosidl_generator_py.so
[2.762s] -- Up-to-date symlink: /home/praveen/turtlesim_project/install/my_turtle_interface/local/lib/python3.10/dist-packages/my_turtle_interface/msg/__init__.py
[2.762s] -- Up-to-date symlink: /home/praveen/turtlesim_project/install/my_turtle_interface/local/lib/python3.10/dist-packages/my_turtle_interface/msg/_turtle_project.py
[2.762s] -- Up-to-date symlink: /home/praveen/turtlesim_project/install/my_turtle_interface/local/lib/python3.10/dist-packages/my_turtle_interface/msg/_turtle_project_array.py
[2.762s] -- Up-to-date symlink: /home/praveen/turtlesim_project/install/my_turtle_interface/local/lib/python3.10/dist-packages/my_turtle_interface/msg/_turtle_project_array_s.c
[2.762s] -- Up-to-date symlink: /home/praveen/turtlesim_project/install/my_turtle_interface/local/lib/python3.10/dist-packages/my_turtle_interface/msg/_turtle_project_s.c
[2.763s] -- Up-to-date symlink: /home/praveen/turtlesim_project/install/my_turtle_interface/local/lib/python3.10/dist-packages/my_turtle_interface/my_turtle_interface_s__rosidl_typesupport_c.cpython-310-x86_64-linux-gnu.so
[2.763s] -- Up-to-date symlink: /home/praveen/turtlesim_project/install/my_turtle_interface/local/lib/python3.10/dist-packages/my_turtle_interface/my_turtle_interface_s__rosidl_typesupport_fastrtps_c.cpython-310-x86_64-linux-gnu.so
[2.763s] -- Up-to-date symlink: /home/praveen/turtlesim_project/install/my_turtle_interface/local/lib/python3.10/dist-packages/my_turtle_interface/my_turtle_interface_s__rosidl_typesupport_introspection_c.cpython-310-x86_64-linux-gnu.so
[2.763s] -- Up-to-date symlink: /home/praveen/turtlesim_project/install/my_turtle_interface/local/lib/python3.10/dist-packages/my_turtle_interface/my_turtle_interface_s__rosidl_typesupport_fastrtps_c.cpython-310-x86_64-linux-gnu.so
[2.763s] -- Up-to-date symlink: /home/praveen/turtlesim_project/install/my_turtle_interface/local/lib/python3.10/dist-packages/my_turtle_interface/my_turtle_interface_s__rosidl_typesupport_introspection_c.cpython-310-x86_64-linux-gnu.so
[2.763s] -- Up-to-date symlink: /home/praveen/turtlesim_project/install/my_turtle_interface/local/lib/python3.10/dist-packages/my_turtle_interface/my_turtle_interface_s__rosidl_typesupport_c.cpython-310-x86_64-linux-gnu.so
[2.764s] -- Up-to-date symlink: /home/praveen/turtlesim_project/install/my_turtle_interface/share/my_turtle_interface/msg/TurtleProject.idl
[2.764s] -- Up-to-date symlink: /home/praveen/turtlesim_project/install/my_turtle_interface/share/my_turtle_interface/msg/TurtleProjectArray.idl
[2.764s] -- Up-to-date symlink: /home/praveen/turtlesim_project/install/my_turtle_interface/share/my_turtle_interface/msg/TurtleProject.msg
[2.764s] -- Up-to-date symlink: /home/praveen/turtlesim_project/install/my_turtle_interface/share/my_turtle_interface/msg/TurtleProjectArray.msg
[2.764s] -- Up-to-date symlink: /home/praveen/turtlesim_project/install/my_turtle_interface/share/ament_index/resource_index/package_run_dependencies/my_turtle_interface
[2.765s] -- Up-to-date symlink: /home/praveen/turtlesim_project/install/my_turtle_interface/share/ament_index/resource_index/parent_prefix_path/my_turtle_interface
[2.765s] -- Up-to-date symlink: /home/praveen/turtlesim_project/install/my_turtle_interface/share/my_turtle_interface/environment/ament_prefix_path.sh
[2.765s] -- Up-to-date symlink: /home/praveen/turtlesim_project/install/my_turtle_interface/share/my_turtle_interface/environment/ament_prefix_path.dsv
[2.765s] -- Up-to-date symlink: /home/praveen/turtlesim_project/install/my_turtle_interface/share/my_turtle_interface/environment/path.sh
[2.766s] -- Up-to-date symlink: /home/praveen/turtlesim_project/install/my_turtle_interface/share/my_turtle_interface/environment/path.dsv
[2.766s] -- Up-to-date symlink: /home/praveen/turtlesim_project/install/my_turtle_interface/share/my_turtle_interface/local_setup.bash
[2.766s] -- Up-to-date symlink: /home/praveen/turtlesim_project/install/my_turtle_interface/share/my_turtle_interface/local_setup.sh
[2.766s] -- Up-to-date symlink: /home/praveen/turtlesim_project/install/my_turtle_interface/share/my_turtle_interface/local_setup.zsh
[2.766s] -- Up-to-date symlink: /home/praveen/turtlesim_project/install/my_turtle_interface/share/my_turtle_interface/local_setup.dsv
[2.766s] -- Symlinking: /home/praveen/turtlesim_project/install/my_turtle_interface/share/my_turtle_interface/package.dsv
[2.774s] -- Up-to-date symlink: /home/praveen/turtlesim_project/install/my_turtle_interface/share/ament_index/resource_index/packages/my_turtle_interface
[2.775s] -- Up-to-date symlink: /home/praveen/turtlesim_project/install/my_turtle_interface/share/my_turtle_interface/cmake/rosidl_cmake-extras.cmake
[2.775s] -- Up-to-date symlink: /home/praveen/turtlesim_project/install/my_turtle_interface/share/my_turtle_interface/cmake/ament_cmake_export_include_directories-extras.cmake
[2.775s] -- Up-to-date symlink: /home/praveen/turtlesim_project/install/my_turtle_interface/share/my_turtle_interface/cmake/ament_cmake_export_libraries-extras.cmake
[2.775s] -- Up-to-date symlink: /home/praveen/turtlesim_project/install/my_turtle_interface/share/my_turtle_interface/cmake/ament_cmake_export_targets-extras.cmake
[2.776s] -- Up-to-date symlink: /home/praveen/turtlesim_project/install/my_turtle_interface/share/my_turtle_interface/cmake/rosidl_cmake_export_typesupport_targets-extras.cmake
[2.776s] -- Up-to-date symlink: /home/praveen/turtlesim_project/install/my_turtle_interface/share/my_turtle_interface/cmake/ament_cmake_export_dependencies-extras.cmake
[2.776s] -- Up-to-date symlink: /home/praveen/turtlesim_project/install/my_turtle_interface/share/my_turtle_interface/cmake/rosidl_cmake_export_typesupport_libraries-extras.cmake
[2.776s] -- Up-to-date symlink: /home/praveen/turtlesim_project/install/my_turtle_interface/share/my_turtle_interface/cmake/my_turtle_interfaceConfig.cmake
[2.777s] -- Up-to-date symlink: /home/praveen/turtlesim_project/install/my_turtle_interface/share/my_turtle_interface/cmake/my_turtle_interfaceConfig-version.cmake
[2.777s] -- Up-to-date symlink: /home/praveen/turtlesim_project/install/my_turtle_interface/share/my_turtle_interface/package.xml
[2.777s] -- Installing: /home/praveen/turtlesim_project/install/my_turtle_interface/lib/libmy_turtle_interface__rosidl_generator_c.so
[2.777s] -- Set runtime path of "/home/praveen/turtlesim_project/install/my_turtle_interface/lib/libmy_turtle_interface__rosidl_generator_c.so" to ""
[2.777s] -- Installing: /home/praveen/turtlesim_project/install/my_turtle_interface/lib/libmy_turtle_interface__rosidl_typesupport_fastrtps_c.so
[2.778s] -- Set runtime path of "/home/praveen/turtlesim_project/install/my_turtle_interface/lib/libmy_turtle_interface__rosidl_typesupport_fastrtps_c.so" to ""
[2.778s] -- Installing: /home/praveen/turtlesim_project/install/my_turtle_interface/lib/libmy_turtle_interface__rosidl_typesupport_introspection_c.so
[2.778s] -- Set runtime path of "/home/praveen/turtlesim_project/install/my_turtle_interface/lib/libmy_turtle_interface__rosidl_typesupport_introspection_c.so" to ""
[2.779s] -- Installing: /home/praveen/turtlesim_project/install/my_turtle_interface/lib/libmy_turtle_interface__rosidl_typesupport_c.so
[2.779s] -- Set runtime path of "/home/praveen/turtlesim_project/install/my_turtle_interface/lib/libmy_turtle_interface__rosidl_typesupport_c.so" to ""
[2.779s] -- Installing: /home/praveen/turtlesim_project/install/my_turtle_interface/lib/libmy_turtle_interface__rosidl_typesupport_fastrtps_cpp.so
[2.780s] -- Set runtime path of "/home/praveen/turtlesim_project/install/my_turtle_interface/lib/libmy_turtle_interface__rosidl_typesupport_fastrtps_cpp.so" to ""
[2.780s] -- Installing: /home/praveen/turtlesim_project/install/my_turtle_interface/lib/libmy_turtle_interface__rosidl_typesupport_introspection_cpp.so
[2.780s] -- Set runtime path of "/home/praveen/turtlesim_project/install/my_turtle_interface/lib/libmy_turtle_interface__rosidl_typesupport_introspection_cpp.so" to ""
[2.781s] -- Installing: /home/praveen/turtlesim_project/install/my_turtle_interface/lib/libmy_turtle_interface__rosidl_typesupport_cpp.so
[2.781s] -- Set runtime path of "/home/praveen/turtlesim_project/install/my_turtle_interface/lib/libmy_turtle_interface__rosidl_typesupport_cpp.so" to ""
[2.808s] Listing '/home/praveen/turtlesim_project/install/my_turtle_interface/local/lib/python3.10/dist-packages/my_turtle_interface'...
[2.808s] Compiling '/home/praveen/turtlesim_project/install/my_turtle_interface/local/lib/python3.10/dist-packages/my_turtle_interface/__init__.py'...
[2.808s] Listing '/home/praveen/turtlesim_project/install/my_turtle_interface/local/lib/python3.10/dist-packages/my_turtle_interface/msg'...
[2.808s] Compiling '/home/praveen/turtlesim_project/install/my_turtle_interface/local/lib/python3.10/dist-packages/my_turtle_interface/msg/__init__.py'...
[2.808s] Compiling '/home/praveen/turtlesim_project/install/my_turtle_interface/local/lib/python3.10/dist-packages/my_turtle_interface/msg/_turtle_project.py'...
[2.808s] Compiling '/home/praveen/turtlesim_project/install/my_turtle_interface/local/lib/python3.10/dist-packages/my_turtle_interface/msg/_turtle_project_array.py'...
[2.811s] -- Installing: /home/praveen/turtlesim_project/install/my_turtle_interface/lib/libmy_turtle_interface__rosidl_generator_py.so
[2.811s] -- Set runtime path of "/home/praveen/turtlesim_project/install/my_turtle_interface/lib/libmy_turtle_interface__rosidl_generator_py.so" to ""
[2.811s] -- Up-to-date: /home/praveen/turtlesim_project/install/my_turtle_interface/share/my_turtle_interface/cmake/export_my_turtle_interface__rosidl_generator_cExport.cmake
[2.812s] -- Up-to-date: /home/praveen/turtlesim_project/install/my_turtle_interface/share/my_turtle_interface/cmake/export_my_turtle_interface__rosidl_generator_cExport-noconfig.cmake
[2.812s] -- Up-to-date: /home/praveen/turtlesim_project/install/my_turtle_interface/share/my_turtle_interface/cmake/export_my_turtle_interface__rosidl_typesupport_fastrtps_cExport.cmake
[2.812s] -- Up-to-date: /home/praveen/turtlesim_project/install/my_turtle_interface/share/my_turtle_interface/cmake/export_my_turtle_interface__rosidl_typesupport_fastrtps_cExport-noconfig.cmake
[2.812s] -- Up-to-date: /home/praveen/turtlesim_project/install/my_turtle_interface/share/my_turtle_interface/cmake/my_turtle_interface__rosidl_typesupport_introspection_cExport.cmake
[2.812s] -- Up-to-date: /home/praveen/turtlesim_project/install/my_turtle_interface/share/my_turtle_interface/cmake/my_turtle_interface__rosidl_typesupport_introspection_cExport-noconfig.cmake
[2.812s] -- Up-to-date: /home/praveen/turtlesim_project/install/my_turtle_interface/share/my_turtle_interface/cmake/my_turtle_interface__rosidl_typesupport_cExport.cmake
[2.812s] -- Up-to-date: /home/praveen/turtlesim_project/install/my_turtle_interface/share/my_turtle_interface/cmake/my_turtle_interface__rosidl_typesupport_cExport-noconfig.cmake
[2.813s] -- Up-to-date: /home/praveen/turtlesim_project/install/my_turtle_interface/share/my_turtle_interface/cmake/export_my_turtle_interface__rosidl_generator_cppExport.cmake
[2.813s] -- Up-to-date: /home/praveen/turtlesim_project/install/my_turtle_interface/share/my_turtle_interface/cmake/export_my_turtle_interface__rosidl_typesupport_fastrtps_cppExport.cmake
[2.813s] -- Up-to-date: /home/praveen/turtlesim_project/install/my_turtle_interface/share/my_turtle_interface/cmake/export_my_turtle_interface__rosidl_typesupport_fastrtps_cppExport-noconfig.cmake
[2.813s] -- Up-to-date: /home/praveen/turtlesim_project/install/my_turtle_interface/share/my_turtle_interface/cmake/my_turtle_interface__rosidl_typesupport_introspection_cppExport.cmake
[2.813s] -- Up-to-date: /home/praveen/turtlesim_project/install/my_turtle_interface/share/my_turtle_interface/cmake/my_turtle_interface__rosidl_typesupport_introspection_cppExport-noconfig.cmake
[2.813s] -- Up-to-date: /home/praveen/turtlesim_project/install/my_turtle_interface/share/my_turtle_interface/cmake/my_turtle_interface__rosidl_typesupport_cppExport.cmake
[2.813s] -- Up-to-date: /home/praveen/turtlesim_project/install/my_turtle_interface/share/my_turtle_interface/cmake/my_turtle_interface__rosidl_typesupport_cppExport-noconfig.cmake
[2.814s] -- Up-to-date: /home/praveen/turtlesim_project/install/my_turtle_interface/share/my_turtle_interface/cmake/export_my_turtle_interface__rosidl_generator_pyExport.cmake
[2.814s] -- Up-to-date: /home/praveen/turtlesim_project/install/my_turtle_interface/share/my_turtle_interface/cmake/export_my_turtle_interface__rosidl_generator_pyExport-noconfig.cmake
[2.816s] Invoked command in '/home/praveen/turtlesim_project/build/my_turtle_interface' returned '0': CMAKE_PREFIX_PATH=${CMAKE_PREFIX_PATH}:/home/praveen/turtlesim_project/install/turtle_catch_them_all:/opt/ros/humble /usr/bin/cmake --install /home/praveen/turtlesim_project/build/my_turtle_interface
