[0.009s] Invoking command in '/home/praveen/turtlesim_project/build/my_turtle_interface': CMAKE_PREFIX_PATH=/home/praveen/turtlesim_project/install/turtle_catch_them_all:/opt/ros/humble /usr/bin/cmake --build /home/praveen/turtlesim_project/build/my_turtle_interface -- -j12 -l12
[0.029s] -- Found ament_cmake: 1.3.9 (/opt/ros/humble/share/ament_cmake/cmake)
[0.117s] -- Override CMake install command with custom implementation using symlinks instead of copying resources
[0.122s] -- Found rosidl_default_generators: 1.2.0 (/opt/ros/humble/share/rosidl_default_generators/cmake)
[0.123s] -- Using all available rosidl_typesupport_c: rosidl_typesupport_fastrtps_c;rosidl_typesupport_introspection_c
[0.126s] -- Found rosidl_adapter: 3.1.5 (/opt/ros/humble/share/rosidl_adapter/cmake)
[0.148s] -- Using all available rosidl_typesupport_cpp: rosidl_typesupport_fastrtps_cpp;rosidl_typesupport_introspection_cpp
[0.347s] -- Found ament_cmake_ros: 0.10.0 (/opt/ros/humble/share/ament_cmake_ros/cmake)
[0.481s] -- Using all available rosidl_typesupport_c: rosidl_typesupport_fastrtps_c;rosidl_typesupport_introspection_c
[0.659s] -- Using all available rosidl_typesupport_cpp: rosidl_typesupport_fastrtps_cpp;rosidl_typesupport_introspection_cpp
[0.676s] -- Found python_cmake_module: 0.10.0 (/opt/ros/humble/share/python_cmake_module/cmake)
[0.693s] -- Using PYTHON_EXECUTABLE: /usr/bin/python3
[0.693s] -- Using PYTHON_INCLUDE_DIRS: /usr/include/python3.10
[0.693s] -- Using PYTHON_LIBRARIES: /usr/lib/x86_64-linux-gnu/libpython3.10.so
[0.707s] -- Configuring done
[0.731s] -- Generating done
[0.733s] -- Build files have been written to: /home/praveen/turtlesim_project/build/my_turtle_interface
[0.754s] [  2%] [34m[1mGenerating C code for ROS interfaces[0m
[0.763s] [  5%] [34m[1mGenerating C++ code for ROS interfaces[0m
[0.770s] [  5%] Built target ament_cmake_python_symlink_my_turtle_interface
[0.971s] [  5%] Built target my_turtle_interface__cpp
[0.974s] running egg_info
[0.975s] writing my_turtle_interface.egg-info/PKG-INFO
[0.975s] writing dependency_links to my_turtle_interface.egg-info/dependency_links.txt
[0.975s] writing top-level names to my_turtle_interface.egg-info/top_level.txt
[0.977s] reading manifest file 'my_turtle_interface.egg-info/SOURCES.txt'
[0.977s] writing manifest file 'my_turtle_interface.egg-info/SOURCES.txt'
[0.980s] [ 12%] [34m[1mGenerating C++ type support for eProsima Fast-RTPS[0m
[0.980s] [ 12%] [34m[1mGenerating C++ type support dispatch for ROS interfaces[0m
[0.980s] [ 12%] [34m[1mGenerating C++ introspection for ROS interfaces[0m
[0.980s] [35m[1mConsolidate compiler generated dependencies of target my_turtle_interface__rosidl_generator_c[0m
[0.991s] [ 17%] [32mBuilding C object CMakeFiles/my_turtle_interface__rosidl_generator_c.dir/rosidl_generator_c/my_turtle_interface/msg/detail/turtle_project_array__functions.c.o[0m
[0.991s] [ 17%] [32mBuilding C object CMakeFiles/my_turtle_interface__rosidl_generator_c.dir/rosidl_generator_c/my_turtle_interface/msg/detail/turtle_project__functions.c.o[0m
[1.008s] [ 17%] Built target ament_cmake_python_build_my_turtle_interface_egg
[1.031s] [ 20%] [32m[1mLinking C shared library libmy_turtle_interface__rosidl_generator_c.so[0m
[1.064s] [ 20%] Built target my_turtle_interface__rosidl_generator_c
[1.073s] [ 28%] [34m[1mGenerating C type support dispatch for ROS interfaces[0m
[1.073s] [ 28%] [34m[1mGenerating C introspection for ROS interfaces[0m
[1.073s] [ 28%] [34m[1mGenerating C type support for eProsima Fast-RTPS[0m
[1.164s] [35m[1mConsolidate compiler generated dependencies of target my_turtle_interface__rosidl_typesupport_cpp[0m
[1.178s] [ 30%] [32mBuilding CXX object CMakeFiles/my_turtle_interface__rosidl_typesupport_cpp.dir/rosidl_typesupport_cpp/my_turtle_interface/msg/turtle_project__type_support.cpp.o[0m
[1.179s] [ 33%] [32mBuilding CXX object CMakeFiles/my_turtle_interface__rosidl_typesupport_cpp.dir/rosidl_typesupport_cpp/my_turtle_interface/msg/turtle_project_array__type_support.cpp.o[0m
[1.193s] [35m[1mConsolidate compiler generated dependencies of target my_turtle_interface__rosidl_typesupport_introspection_cpp[0m
[1.196s] [35m[1mConsolidate compiler generated dependencies of target my_turtle_interface__rosidl_typesupport_fastrtps_cpp[0m
[1.211s] [ 38%] [32mBuilding CXX object CMakeFiles/my_turtle_interface__rosidl_typesupport_introspection_cpp.dir/rosidl_typesupport_introspection_cpp/my_turtle_interface/msg/detail/turtle_project_array__type_support.cpp.o[0m
[1.211s] [ 38%] [32mBuilding CXX object CMakeFiles/my_turtle_interface__rosidl_typesupport_introspection_cpp.dir/rosidl_typesupport_introspection_cpp/my_turtle_interface/msg/detail/turtle_project__type_support.cpp.o[0m
[1.212s] [ 41%] [32mBuilding CXX object CMakeFiles/my_turtle_interface__rosidl_typesupport_fastrtps_cpp.dir/rosidl_typesupport_fastrtps_cpp/my_turtle_interface/msg/detail/dds_fastrtps/turtle_project__type_support.cpp.o[0m
[1.214s] [ 43%] [32mBuilding CXX object CMakeFiles/my_turtle_interface__rosidl_typesupport_fastrtps_cpp.dir/rosidl_typesupport_fastrtps_cpp/my_turtle_interface/msg/detail/dds_fastrtps/turtle_project_array__type_support.cpp.o[0m
[1.321s] [ 46%] [32mBuilding CXX object CMakeFiles/my_turtle_interface__rosidl_typesupport_fastrtps_c.dir/rosidl_typesupport_fastrtps_c/my_turtle_interface/msg/detail/turtle_project__type_support_c.cpp.o[0m
[1.322s] [ 48%] [32mBuilding CXX object CMakeFiles/my_turtle_interface__rosidl_typesupport_fastrtps_c.dir/rosidl_typesupport_fastrtps_c/my_turtle_interface/msg/detail/turtle_project_array__type_support_c.cpp.o[0m
[1.328s] [ 51%] [32mBuilding CXX object CMakeFiles/my_turtle_interface__rosidl_typesupport_c.dir/rosidl_typesupport_c/my_turtle_interface/msg/turtle_project__type_support.cpp.o[0m
[1.328s] [ 53%] [32mBuilding CXX object CMakeFiles/my_turtle_interface__rosidl_typesupport_c.dir/rosidl_typesupport_c/my_turtle_interface/msg/turtle_project_array__type_support.cpp.o[0m
[1.329s] [ 56%] [32mBuilding C object CMakeFiles/my_turtle_interface__rosidl_typesupport_introspection_c.dir/rosidl_typesupport_introspection_c/my_turtle_interface/msg/detail/turtle_project__type_support.c.o[0m
[1.331s] [ 58%] [32mBuilding C object CMakeFiles/my_turtle_interface__rosidl_typesupport_introspection_c.dir/rosidl_typesupport_introspection_c/my_turtle_interface/msg/detail/turtle_project_array__type_support.c.o[0m
[1.369s] [ 61%] [32m[1mLinking CXX shared library libmy_turtle_interface__rosidl_typesupport_c.so[0m
[1.382s] [ 64%] [32m[1mLinking C shared library libmy_turtle_interface__rosidl_typesupport_introspection_c.so[0m
[1.411s] [ 64%] Built target my_turtle_interface__rosidl_typesupport_c
[1.424s] [ 64%] Built target my_turtle_interface__rosidl_typesupport_introspection_c
[1.482s] [ 66%] [32m[1mLinking CXX shared library libmy_turtle_interface__rosidl_typesupport_cpp.so[0m
[1.519s] [ 66%] Built target my_turtle_interface__rosidl_typesupport_cpp
[1.630s] [ 69%] [32m[1mLinking CXX shared library libmy_turtle_interface__rosidl_typesupport_fastrtps_cpp.so[0m
[1.640s] [ 71%] [32m[1mLinking CXX shared library libmy_turtle_interface__rosidl_typesupport_introspection_cpp.so[0m
[1.699s] [ 71%] Built target my_turtle_interface__rosidl_typesupport_fastrtps_cpp
[1.707s] [ 71%] Built target my_turtle_interface__rosidl_typesupport_introspection_cpp
[1.708s] [ 74%] [32m[1mLinking CXX shared library libmy_turtle_interface__rosidl_typesupport_fastrtps_c.so[0m
[1.764s] [ 74%] Built target my_turtle_interface__rosidl_typesupport_fastrtps_c
[1.781s] [ 74%] Built target my_turtle_interface
[1.798s] [ 76%] [34m[1mGenerating Python code for ROS interfaces[0m
[2.053s] [ 76%] Built target my_turtle_interface__py
[2.070s] [ 82%] [32mBuilding C object CMakeFiles/my_turtle_interface__rosidl_generator_py.dir/rosidl_generator_py/my_turtle_interface/msg/_turtle_project_array_s.c.o[0m
[2.070s] [ 82%] [32mBuilding C object CMakeFiles/my_turtle_interface__rosidl_generator_py.dir/rosidl_generator_py/my_turtle_interface/msg/_turtle_project_s.c.o[0m
[2.163s] [ 84%] [32m[1mLinking C shared library rosidl_generator_py/my_turtle_interface/libmy_turtle_interface__rosidl_generator_py.so[0m
[2.195s] [ 84%] Built target my_turtle_interface__rosidl_generator_py
[2.212s] [ 92%] [32mBuilding C object CMakeFiles/my_turtle_interface__rosidl_typesupport_introspection_c__pyext.dir/rosidl_generator_py/my_turtle_interface/_my_turtle_interface_s.ep.rosidl_typesupport_introspection_c.c.o[0m
[2.212s] [ 92%] [32mBuilding C object CMakeFiles/my_turtle_interface__rosidl_typesupport_c__pyext.dir/rosidl_generator_py/my_turtle_interface/_my_turtle_interface_s.ep.rosidl_typesupport_c.c.o[0m
[2.212s] [ 92%] [32mBuilding C object CMakeFiles/my_turtle_interface__rosidl_typesupport_fastrtps_c__pyext.dir/rosidl_generator_py/my_turtle_interface/_my_turtle_interface_s.ep.rosidl_typesupport_fastrtps_c.c.o[0m
[2.285s] [ 97%] [32m[1mLinking C shared library rosidl_generator_py/my_turtle_interface/my_turtle_interface_s__rosidl_typesupport_c.cpython-310-x86_64-linux-gnu.so[0m
[2.285s] [ 97%] [32m[1mLinking C shared library rosidl_generator_py/my_turtle_interface/my_turtle_interface_s__rosidl_typesupport_introspection_c.cpython-310-x86_64-linux-gnu.so[0m
[2.289s] [100%] [32m[1mLinking C shared library rosidl_generator_py/my_turtle_interface/my_turtle_interface_s__rosidl_typesupport_fastrtps_c.cpython-310-x86_64-linux-gnu.so[0m
[2.313s] [100%] Built target my_turtle_interface__rosidl_typesupport_c__pyext
[2.313s] [100%] Built target my_turtle_interface__rosidl_typesupport_introspection_c__pyext
[2.318s] [100%] Built target my_turtle_interface__rosidl_typesupport_fastrtps_c__pyext
[2.328s] Invoked command in '/home/praveen/turtlesim_project/build/my_turtle_interface' returned '0': CMAKE_PREFIX_PATH=/home/praveen/turtlesim_project/install/turtle_catch_them_all:/opt/ros/humble /usr/bin/cmake --build /home/praveen/turtlesim_project/build/my_turtle_interface -- -j12 -l12
[2.402s] Invoking command in '/home/praveen/turtlesim_project/build/my_turtle_interface': CMAKE_PREFIX_PATH=/home/praveen/turtlesim_project/install/turtle_catch_them_all:/opt/ros/humble /usr/bin/cmake --install /home/praveen/turtlesim_project/build/my_turtle_interface
[2.408s] -- Install configuration: ""
[2.408s] -- Execute custom install script
[2.409s] -- Symlinking: /home/praveen/turtlesim_project/install/my_turtle_interface/share/ament_index/resource_index/rosidl_interfaces/my_turtle_interface
[2.417s] -- Symlinking: /home/praveen/turtlesim_project/install/my_turtle_interface/include/my_turtle_interface/my_turtle_interface/msg/detail/turtle_project__functions.h
[2.425s] -- Symlinking: /home/praveen/turtlesim_project/install/my_turtle_interface/include/my_turtle_interface/my_turtle_interface/msg/detail/turtle_project__struct.h
[2.432s] -- Symlinking: /home/praveen/turtlesim_project/install/my_turtle_interface/include/my_turtle_interface/my_turtle_interface/msg/detail/turtle_project__type_support.h
[2.440s] -- Symlinking: /home/praveen/turtlesim_project/install/my_turtle_interface/include/my_turtle_interface/my_turtle_interface/msg/detail/turtle_project_array__functions.h
[2.447s] -- Symlinking: /home/praveen/turtlesim_project/install/my_turtle_interface/include/my_turtle_interface/my_turtle_interface/msg/detail/turtle_project_array__struct.h
[2.454s] -- Symlinking: /home/praveen/turtlesim_project/install/my_turtle_interface/include/my_turtle_interface/my_turtle_interface/msg/detail/turtle_project_array__type_support.h
[2.462s] -- Symlinking: /home/praveen/turtlesim_project/install/my_turtle_interface/include/my_turtle_interface/my_turtle_interface/msg/rosidl_generator_c__visibility_control.h
[2.470s] -- Symlinking: /home/praveen/turtlesim_project/install/my_turtle_interface/include/my_turtle_interface/my_turtle_interface/msg/turtle_project.h
[2.477s] -- Symlinking: /home/praveen/turtlesim_project/install/my_turtle_interface/include/my_turtle_interface/my_turtle_interface/msg/turtle_project_array.h
[2.484s] -- Symlinking: /home/praveen/turtlesim_project/install/my_turtle_interface/share/my_turtle_interface/environment/library_path.sh
[2.491s] -- Symlinking: /home/praveen/turtlesim_project/install/my_turtle_interface/share/my_turtle_interface/environment/library_path.dsv
[2.499s] -- Symlinking: /home/praveen/turtlesim_project/install/my_turtle_interface/include/my_turtle_interface/my_turtle_interface/msg/detail/turtle_project__rosidl_typesupport_fastrtps_c.h
[2.506s] -- Symlinking: /home/praveen/turtlesim_project/install/my_turtle_interface/include/my_turtle_interface/my_turtle_interface/msg/detail/turtle_project_array__rosidl_typesupport_fastrtps_c.h
[2.513s] -- Symlinking: /home/praveen/turtlesim_project/install/my_turtle_interface/include/my_turtle_interface/my_turtle_interface/msg/rosidl_typesupport_fastrtps_c__visibility_control.h
[2.521s] -- Symlinking: /home/praveen/turtlesim_project/install/my_turtle_interface/include/my_turtle_interface/my_turtle_interface/msg/detail/turtle_project__rosidl_typesupport_introspection_c.h
[2.528s] -- Symlinking: /home/praveen/turtlesim_project/install/my_turtle_interface/include/my_turtle_interface/my_turtle_interface/msg/detail/turtle_project_array__rosidl_typesupport_introspection_c.h
[2.536s] -- Symlinking: /home/praveen/turtlesim_project/install/my_turtle_interface/include/my_turtle_interface/my_turtle_interface/msg/rosidl_typesupport_introspection_c__visibility_control.h
[2.544s] -- Symlinking: /home/praveen/turtlesim_project/install/my_turtle_interface/include/my_turtle_interface/my_turtle_interface/msg/detail/turtle_project__builder.hpp
[2.552s] -- Symlinking: /home/praveen/turtlesim_project/install/my_turtle_interface/include/my_turtle_interface/my_turtle_interface/msg/detail/turtle_project__struct.hpp
[2.559s] -- Symlinking: /home/praveen/turtlesim_project/install/my_turtle_interface/include/my_turtle_interface/my_turtle_interface/msg/detail/turtle_project__traits.hpp
[2.566s] -- Symlinking: /home/praveen/turtlesim_project/install/my_turtle_interface/include/my_turtle_interface/my_turtle_interface/msg/detail/turtle_project_array__builder.hpp
[2.573s] -- Symlinking: /home/praveen/turtlesim_project/install/my_turtle_interface/include/my_turtle_interface/my_turtle_interface/msg/detail/turtle_project_array__struct.hpp
[2.580s] -- Symlinking: /home/praveen/turtlesim_project/install/my_turtle_interface/include/my_turtle_interface/my_turtle_interface/msg/detail/turtle_project_array__traits.hpp
[2.587s] -- Symlinking: /home/praveen/turtlesim_project/install/my_turtle_interface/include/my_turtle_interface/my_turtle_interface/msg/turtle_project.hpp
[2.594s] -- Symlinking: /home/praveen/turtlesim_project/install/my_turtle_interface/include/my_turtle_interface/my_turtle_interface/msg/turtle_project_array.hpp
[2.602s] -- Symlinking: /home/praveen/turtlesim_project/install/my_turtle_interface/include/my_turtle_interface/my_turtle_interface/msg/detail/turtle_project__rosidl_typesupport_fastrtps_cpp.hpp
[2.609s] -- Symlinking: /home/praveen/turtlesim_project/install/my_turtle_interface/include/my_turtle_interface/my_turtle_interface/msg/detail/turtle_project_array__rosidl_typesupport_fastrtps_cpp.hpp
[2.616s] -- Symlinking: /home/praveen/turtlesim_project/install/my_turtle_interface/include/my_turtle_interface/my_turtle_interface/msg/rosidl_typesupport_fastrtps_cpp__visibility_control.h
[2.624s] -- Symlinking: /home/praveen/turtlesim_project/install/my_turtle_interface/include/my_turtle_interface/my_turtle_interface/msg/detail/turtle_project__rosidl_typesupport_introspection_cpp.hpp
[2.632s] -- Symlinking: /home/praveen/turtlesim_project/install/my_turtle_interface/include/my_turtle_interface/my_turtle_interface/msg/detail/turtle_project_array__rosidl_typesupport_introspection_cpp.hpp
[2.639s] -- Symlinking: /home/praveen/turtlesim_project/install/my_turtle_interface/share/my_turtle_interface/environment/pythonpath.sh
[2.647s] -- Symlinking: /home/praveen/turtlesim_project/install/my_turtle_interface/share/my_turtle_interface/environment/pythonpath.dsv
[2.655s] -- Symlinking: /home/praveen/turtlesim_project/install/my_turtle_interface/local/lib/python3.10/dist-packages/my_turtle_interface-0.0.0-py3.10.egg-info/PKG-INFO
[2.662s] -- Symlinking: /home/praveen/turtlesim_project/install/my_turtle_interface/local/lib/python3.10/dist-packages/my_turtle_interface-0.0.0-py3.10.egg-info/SOURCES.txt
[2.669s] -- Symlinking: /home/praveen/turtlesim_project/install/my_turtle_interface/local/lib/python3.10/dist-packages/my_turtle_interface-0.0.0-py3.10.egg-info/dependency_links.txt
[2.676s] -- Symlinking: /home/praveen/turtlesim_project/install/my_turtle_interface/local/lib/python3.10/dist-packages/my_turtle_interface-0.0.0-py3.10.egg-info/top_level.txt
[2.684s] -- Symlinking: /home/praveen/turtlesim_project/install/my_turtle_interface/local/lib/python3.10/dist-packages/my_turtle_interface/__init__.py
[2.691s] -- Symlinking: /home/praveen/turtlesim_project/install/my_turtle_interface/local/lib/python3.10/dist-packages/my_turtle_interface/_my_turtle_interface_s.ep.rosidl_typesupport_c.c
[2.698s] -- Symlinking: /home/praveen/turtlesim_project/install/my_turtle_interface/local/lib/python3.10/dist-packages/my_turtle_interface/_my_turtle_interface_s.ep.rosidl_typesupport_fastrtps_c.c
[2.705s] -- Symlinking: /home/praveen/turtlesim_project/install/my_turtle_interface/local/lib/python3.10/dist-packages/my_turtle_interface/_my_turtle_interface_s.ep.rosidl_typesupport_introspection_c.c
[2.712s] -- Symlinking: /home/praveen/turtlesim_project/install/my_turtle_interface/local/lib/python3.10/dist-packages/my_turtle_interface/libmy_turtle_interface__rosidl_generator_py.so
[2.719s] -- Symlinking: /home/praveen/turtlesim_project/install/my_turtle_interface/local/lib/python3.10/dist-packages/my_turtle_interface/msg/__init__.py
[2.726s] -- Symlinking: /home/praveen/turtlesim_project/install/my_turtle_interface/local/lib/python3.10/dist-packages/my_turtle_interface/msg/_turtle_project.py
[2.734s] -- Symlinking: /home/praveen/turtlesim_project/install/my_turtle_interface/local/lib/python3.10/dist-packages/my_turtle_interface/msg/_turtle_project_array.py
[2.742s] -- Symlinking: /home/praveen/turtlesim_project/install/my_turtle_interface/local/lib/python3.10/dist-packages/my_turtle_interface/msg/_turtle_project_array_s.c
[2.749s] -- Symlinking: /home/praveen/turtlesim_project/install/my_turtle_interface/local/lib/python3.10/dist-packages/my_turtle_interface/msg/_turtle_project_s.c
[2.756s] -- Symlinking: /home/praveen/turtlesim_project/install/my_turtle_interface/local/lib/python3.10/dist-packages/my_turtle_interface/my_turtle_interface_s__rosidl_typesupport_c.cpython-310-x86_64-linux-gnu.so
[2.763s] -- Symlinking: /home/praveen/turtlesim_project/install/my_turtle_interface/local/lib/python3.10/dist-packages/my_turtle_interface/my_turtle_interface_s__rosidl_typesupport_fastrtps_c.cpython-310-x86_64-linux-gnu.so
[2.770s] -- Symlinking: /home/praveen/turtlesim_project/install/my_turtle_interface/local/lib/python3.10/dist-packages/my_turtle_interface/my_turtle_interface_s__rosidl_typesupport_introspection_c.cpython-310-x86_64-linux-gnu.so
[2.777s] -- Up-to-date symlink: /home/praveen/turtlesim_project/install/my_turtle_interface/local/lib/python3.10/dist-packages/my_turtle_interface/my_turtle_interface_s__rosidl_typesupport_fastrtps_c.cpython-310-x86_64-linux-gnu.so
[2.778s] -- Up-to-date symlink: /home/praveen/turtlesim_project/install/my_turtle_interface/local/lib/python3.10/dist-packages/my_turtle_interface/my_turtle_interface_s__rosidl_typesupport_introspection_c.cpython-310-x86_64-linux-gnu.so
[2.778s] -- Up-to-date symlink: /home/praveen/turtlesim_project/install/my_turtle_interface/local/lib/python3.10/dist-packages/my_turtle_interface/my_turtle_interface_s__rosidl_typesupport_c.cpython-310-x86_64-linux-gnu.so
[2.778s] -- Symlinking: /home/praveen/turtlesim_project/install/my_turtle_interface/share/my_turtle_interface/msg/TurtleProject.idl
[2.785s] -- Symlinking: /home/praveen/turtlesim_project/install/my_turtle_interface/share/my_turtle_interface/msg/TurtleProjectArray.idl
[2.792s] -- Symlinking: /home/praveen/turtlesim_project/install/my_turtle_interface/share/my_turtle_interface/msg/TurtleProject.msg
[2.799s] -- Symlinking: /home/praveen/turtlesim_project/install/my_turtle_interface/share/my_turtle_interface/msg/TurtleProjectArray.msg
[2.806s] -- Symlinking: /home/praveen/turtlesim_project/install/my_turtle_interface/share/ament_index/resource_index/package_run_dependencies/my_turtle_interface
[2.814s] -- Symlinking: /home/praveen/turtlesim_project/install/my_turtle_interface/share/ament_index/resource_index/parent_prefix_path/my_turtle_interface
[2.821s] -- Symlinking: /home/praveen/turtlesim_project/install/my_turtle_interface/share/my_turtle_interface/environment/ament_prefix_path.sh
[2.829s] -- Symlinking: /home/praveen/turtlesim_project/install/my_turtle_interface/share/my_turtle_interface/environment/ament_prefix_path.dsv
[2.837s] -- Symlinking: /home/praveen/turtlesim_project/install/my_turtle_interface/share/my_turtle_interface/environment/path.sh
[2.845s] -- Symlinking: /home/praveen/turtlesim_project/install/my_turtle_interface/share/my_turtle_interface/environment/path.dsv
[2.852s] -- Symlinking: /home/praveen/turtlesim_project/install/my_turtle_interface/share/my_turtle_interface/local_setup.bash
[2.859s] -- Symlinking: /home/praveen/turtlesim_project/install/my_turtle_interface/share/my_turtle_interface/local_setup.sh
[2.866s] -- Symlinking: /home/praveen/turtlesim_project/install/my_turtle_interface/share/my_turtle_interface/local_setup.zsh
[2.874s] -- Symlinking: /home/praveen/turtlesim_project/install/my_turtle_interface/share/my_turtle_interface/local_setup.dsv
[2.881s] -- Symlinking: /home/praveen/turtlesim_project/install/my_turtle_interface/share/my_turtle_interface/package.dsv
[2.888s] -- Symlinking: /home/praveen/turtlesim_project/install/my_turtle_interface/share/ament_index/resource_index/packages/my_turtle_interface
[2.896s] -- Symlinking: /home/praveen/turtlesim_project/install/my_turtle_interface/share/my_turtle_interface/cmake/rosidl_cmake-extras.cmake
[2.903s] -- Symlinking: /home/praveen/turtlesim_project/install/my_turtle_interface/share/my_turtle_interface/cmake/ament_cmake_export_include_directories-extras.cmake
[2.910s] -- Symlinking: /home/praveen/turtlesim_project/install/my_turtle_interface/share/my_turtle_interface/cmake/ament_cmake_export_libraries-extras.cmake
[2.917s] -- Symlinking: /home/praveen/turtlesim_project/install/my_turtle_interface/share/my_turtle_interface/cmake/ament_cmake_export_targets-extras.cmake
[2.925s] -- Symlinking: /home/praveen/turtlesim_project/install/my_turtle_interface/share/my_turtle_interface/cmake/rosidl_cmake_export_typesupport_targets-extras.cmake
[2.932s] -- Symlinking: /home/praveen/turtlesim_project/install/my_turtle_interface/share/my_turtle_interface/cmake/ament_cmake_export_dependencies-extras.cmake
[2.940s] -- Symlinking: /home/praveen/turtlesim_project/install/my_turtle_interface/share/my_turtle_interface/cmake/rosidl_cmake_export_typesupport_libraries-extras.cmake
[2.947s] -- Symlinking: /home/praveen/turtlesim_project/install/my_turtle_interface/share/my_turtle_interface/cmake/my_turtle_interfaceConfig.cmake
[2.954s] -- Symlinking: /home/praveen/turtlesim_project/install/my_turtle_interface/share/my_turtle_interface/cmake/my_turtle_interfaceConfig-version.cmake
[2.962s] -- Symlinking: /home/praveen/turtlesim_project/install/my_turtle_interface/share/my_turtle_interface/package.xml
[2.969s] -- Installing: /home/praveen/turtlesim_project/install/my_turtle_interface/lib/libmy_turtle_interface__rosidl_generator_c.so
[2.969s] -- Set runtime path of "/home/praveen/turtlesim_project/install/my_turtle_interface/lib/libmy_turtle_interface__rosidl_generator_c.so" to ""
[2.969s] -- Installing: /home/praveen/turtlesim_project/install/my_turtle_interface/lib/libmy_turtle_interface__rosidl_typesupport_fastrtps_c.so
[2.970s] -- Set runtime path of "/home/praveen/turtlesim_project/install/my_turtle_interface/lib/libmy_turtle_interface__rosidl_typesupport_fastrtps_c.so" to ""
[2.970s] -- Installing: /home/praveen/turtlesim_project/install/my_turtle_interface/lib/libmy_turtle_interface__rosidl_typesupport_introspection_c.so
[2.970s] -- Set runtime path of "/home/praveen/turtlesim_project/install/my_turtle_interface/lib/libmy_turtle_interface__rosidl_typesupport_introspection_c.so" to ""
[2.970s] -- Installing: /home/praveen/turtlesim_project/install/my_turtle_interface/lib/libmy_turtle_interface__rosidl_typesupport_c.so
[2.970s] -- Set runtime path of "/home/praveen/turtlesim_project/install/my_turtle_interface/lib/libmy_turtle_interface__rosidl_typesupport_c.so" to ""
[2.970s] -- Installing: /home/praveen/turtlesim_project/install/my_turtle_interface/lib/libmy_turtle_interface__rosidl_typesupport_fastrtps_cpp.so
[2.971s] -- Set runtime path of "/home/praveen/turtlesim_project/install/my_turtle_interface/lib/libmy_turtle_interface__rosidl_typesupport_fastrtps_cpp.so" to ""
[2.971s] -- Installing: /home/praveen/turtlesim_project/install/my_turtle_interface/lib/libmy_turtle_interface__rosidl_typesupport_introspection_cpp.so
[2.971s] -- Set runtime path of "/home/praveen/turtlesim_project/install/my_turtle_interface/lib/libmy_turtle_interface__rosidl_typesupport_introspection_cpp.so" to ""
[2.971s] -- Installing: /home/praveen/turtlesim_project/install/my_turtle_interface/lib/libmy_turtle_interface__rosidl_typesupport_cpp.so
[2.971s] -- Set runtime path of "/home/praveen/turtlesim_project/install/my_turtle_interface/lib/libmy_turtle_interface__rosidl_typesupport_cpp.so" to ""
[3.006s] Listing '/home/praveen/turtlesim_project/install/my_turtle_interface/local/lib/python3.10/dist-packages/my_turtle_interface'...
[3.006s] Compiling '/home/praveen/turtlesim_project/install/my_turtle_interface/local/lib/python3.10/dist-packages/my_turtle_interface/__init__.py'...
[3.006s] Listing '/home/praveen/turtlesim_project/install/my_turtle_interface/local/lib/python3.10/dist-packages/my_turtle_interface/msg'...
[3.006s] Compiling '/home/praveen/turtlesim_project/install/my_turtle_interface/local/lib/python3.10/dist-packages/my_turtle_interface/msg/__init__.py'...
[3.006s] Compiling '/home/praveen/turtlesim_project/install/my_turtle_interface/local/lib/python3.10/dist-packages/my_turtle_interface/msg/_turtle_project.py'...
[3.006s] Compiling '/home/praveen/turtlesim_project/install/my_turtle_interface/local/lib/python3.10/dist-packages/my_turtle_interface/msg/_turtle_project_array.py'...
[3.009s] -- Installing: /home/praveen/turtlesim_project/install/my_turtle_interface/lib/libmy_turtle_interface__rosidl_generator_py.so
[3.009s] -- Set runtime path of "/home/praveen/turtlesim_project/install/my_turtle_interface/lib/libmy_turtle_interface__rosidl_generator_py.so" to ""
[3.009s] -- Installing: /home/praveen/turtlesim_project/install/my_turtle_interface/share/my_turtle_interface/cmake/export_my_turtle_interface__rosidl_generator_cExport.cmake
[3.009s] -- Installing: /home/praveen/turtlesim_project/install/my_turtle_interface/share/my_turtle_interface/cmake/export_my_turtle_interface__rosidl_generator_cExport-noconfig.cmake
[3.010s] -- Installing: /home/praveen/turtlesim_project/install/my_turtle_interface/share/my_turtle_interface/cmake/export_my_turtle_interface__rosidl_typesupport_fastrtps_cExport.cmake
[3.010s] -- Installing: /home/praveen/turtlesim_project/install/my_turtle_interface/share/my_turtle_interface/cmake/export_my_turtle_interface__rosidl_typesupport_fastrtps_cExport-noconfig.cmake
[3.010s] -- Installing: /home/praveen/turtlesim_project/install/my_turtle_interface/share/my_turtle_interface/cmake/my_turtle_interface__rosidl_typesupport_introspection_cExport.cmake
[3.010s] -- Installing: /home/praveen/turtlesim_project/install/my_turtle_interface/share/my_turtle_interface/cmake/my_turtle_interface__rosidl_typesupport_introspection_cExport-noconfig.cmake
[3.010s] -- Installing: /home/praveen/turtlesim_project/install/my_turtle_interface/share/my_turtle_interface/cmake/my_turtle_interface__rosidl_typesupport_cExport.cmake
[3.010s] -- Installing: /home/praveen/turtlesim_project/install/my_turtle_interface/share/my_turtle_interface/cmake/my_turtle_interface__rosidl_typesupport_cExport-noconfig.cmake
[3.010s] -- Installing: /home/praveen/turtlesim_project/install/my_turtle_interface/share/my_turtle_interface/cmake/export_my_turtle_interface__rosidl_generator_cppExport.cmake
[3.011s] -- Installing: /home/praveen/turtlesim_project/install/my_turtle_interface/share/my_turtle_interface/cmake/export_my_turtle_interface__rosidl_typesupport_fastrtps_cppExport.cmake
[3.011s] -- Installing: /home/praveen/turtlesim_project/install/my_turtle_interface/share/my_turtle_interface/cmake/export_my_turtle_interface__rosidl_typesupport_fastrtps_cppExport-noconfig.cmake
[3.011s] -- Installing: /home/praveen/turtlesim_project/install/my_turtle_interface/share/my_turtle_interface/cmake/my_turtle_interface__rosidl_typesupport_introspection_cppExport.cmake
[3.011s] -- Installing: /home/praveen/turtlesim_project/install/my_turtle_interface/share/my_turtle_interface/cmake/my_turtle_interface__rosidl_typesupport_introspection_cppExport-noconfig.cmake
[3.011s] -- Installing: /home/praveen/turtlesim_project/install/my_turtle_interface/share/my_turtle_interface/cmake/my_turtle_interface__rosidl_typesupport_cppExport.cmake
[3.011s] -- Installing: /home/praveen/turtlesim_project/install/my_turtle_interface/share/my_turtle_interface/cmake/my_turtle_interface__rosidl_typesupport_cppExport-noconfig.cmake
[3.011s] -- Installing: /home/praveen/turtlesim_project/install/my_turtle_interface/share/my_turtle_interface/cmake/export_my_turtle_interface__rosidl_generator_pyExport.cmake
[3.011s] -- Installing: /home/praveen/turtlesim_project/install/my_turtle_interface/share/my_turtle_interface/cmake/export_my_turtle_interface__rosidl_generator_pyExport-noconfig.cmake
[3.014s] Invoked command in '/home/praveen/turtlesim_project/build/my_turtle_interface' returned '0': CMAKE_PREFIX_PATH=/home/praveen/turtlesim_project/install/turtle_catch_them_all:/opt/ros/humble /usr/bin/cmake --install /home/praveen/turtlesim_project/build/my_turtle_interface
