-- The C compiler identification is GNU 11.4.0
-- The CXX compiler identification is GNU 11.4.0
-- Detecting C compiler ABI info
-- Detecting C compiler ABI info - done
-- Check for working C compiler: /usr/bin/cc - skipped
-- Detecting C compile features
-- Detecting C compile features - done
-- Detecting CXX compiler ABI info
-- Detecting CXX compiler ABI info - done
-- Check for working CXX compiler: /usr/bin/c++ - skipped
-- Detecting CXX compile features
-- Detecting CXX compile features - done
-- Found ament_cmake: 1.3.9 (/opt/ros/humble/share/ament_cmake/cmake)
-- Found Python3: /usr/bin/python3 (found version "3.10.12") found components: Interpreter 
-- Override CMake install command with custom implementation using symlinks instead of copying resources
-- Configuring done
-- Generating done
-- Build files have been written to: /home/praveen/turtlesim_project/build/bring_up
-- Install configuration: ""
-- Execute custom install script
-- Symlinking: /home/praveen/turtlesim_project/install/bring_up/share/bring_up/launch/turtlebringup.launch.py
-- Symlinking: /home/praveen/turtlesim_project/install/bring_up/share/ament_index/resource_index/package_run_dependencies/bring_up
-- Symlinking: /home/praveen/turtlesim_project/install/bring_up/share/ament_index/resource_index/parent_prefix_path/bring_up
-- Symlinking: /home/praveen/turtlesim_project/install/bring_up/share/bring_up/environment/ament_prefix_path.sh
-- Symlinking: /home/praveen/turtlesim_project/install/bring_up/share/bring_up/environment/ament_prefix_path.dsv
-- Symlinking: /home/praveen/turtlesim_project/install/bring_up/share/bring_up/environment/path.sh
-- Symlinking: /home/praveen/turtlesim_project/install/bring_up/share/bring_up/environment/path.dsv
-- Symlinking: /home/praveen/turtlesim_project/install/bring_up/share/bring_up/local_setup.bash
-- Symlinking: /home/praveen/turtlesim_project/install/bring_up/share/bring_up/local_setup.sh
-- Symlinking: /home/praveen/turtlesim_project/install/bring_up/share/bring_up/local_setup.zsh
-- Symlinking: /home/praveen/turtlesim_project/install/bring_up/share/bring_up/local_setup.dsv
-- Symlinking: /home/praveen/turtlesim_project/install/bring_up/share/bring_up/package.dsv
-- Symlinking: /home/praveen/turtlesim_project/install/bring_up/share/ament_index/resource_index/packages/bring_up
-- Symlinking: /home/praveen/turtlesim_project/install/bring_up/share/bring_up/cmake/bring_upConfig.cmake
-- Symlinking: /home/praveen/turtlesim_project/install/bring_up/share/bring_up/cmake/bring_upConfig-version.cmake
-- Symlinking: /home/praveen/turtlesim_project/install/bring_up/share/bring_up/package.xml
